2021-Jul-05 14:57:58,792 [ERROR] TestNG-tests-2 com.mcmp.tests.LoginTest :   login failed
com.automacent.fwk.exceptions.StepExecutionException: [@Step check for login errors] Login Error message found - Incorrect IBMid or password. Please try again!
	at com.automacent.fwk.execution.StepAndActionCompiler.aroundStepCompilerAspect(StepAndActionCompiler.java:119)
	at com.pom.steps.login.LoginSteps.checkForLoginErrors(LoginSteps.java:46)
	at com.mcmp.tests.LoginTest.login_aroundBody0(LoginTest.java:28)
	at com.mcmp.tests.LoginTest$AjcClosure1.run(LoginTest.java:1)
	at org.aspectj.runtime.reflect.JoinPointImpl.proceed(JoinPointImpl.java:167)
	at com.automacent.fwk.execution.TestNgCompiler.aroundBeforeCompilerAspect(TestNgCompiler.java:55)
	at com.mcmp.tests.LoginTest.login(LoginTest.java:25)
	at sun.reflect.NativeMethodAccessorImpl.invoke0(Native Method)
	at sun.reflect.NativeMethodAccessorImpl.invoke(NativeMethodAccessorImpl.java:62)
	at sun.reflect.DelegatingMethodAccessorImpl.invoke(DelegatingMethodAccessorImpl.java:43)
	at java.lang.reflect.Method.invoke(Method.java:498)
	at org.testng.internal.MethodInvocationHelper.invokeMethod(MethodInvocationHelper.java:132)
	at org.testng.internal.MethodInvocationHelper.invokeMethodConsideringTimeout(MethodInvocationHelper.java:61)
	at org.testng.internal.ConfigInvoker.invokeConfigurationMethod(ConfigInvoker.java:366)
	at org.testng.internal.ConfigInvoker.invokeConfigurations(ConfigInvoker.java:320)
	at org.testng.internal.TestMethodWorker.invokeBeforeClassMethods(TestMethodWorker.java:176)
	at org.testng.internal.TestMethodWorker.run(TestMethodWorker.java:122)
	at java.util.ArrayList.forEach(ArrayList.java:1259)
	at org.testng.TestRunner.privateRun(TestRunner.java:764)
	at org.testng.TestRunner.run(TestRunner.java:585)
	at org.testng.SuiteRunner.runTest(SuiteRunner.java:384)
	at org.testng.SuiteRunner.access$000(SuiteRunner.java:28)
	at org.testng.SuiteRunner$SuiteWorker.run(SuiteRunner.java:425)
	at org.testng.internal.thread.ThreadUtil.lambda$execute$0(ThreadUtil.java:66)
	at java.util.concurrent.FutureTask.run(FutureTask.java:266)
	at java.util.concurrent.ThreadPoolExecutor.runWorker(ThreadPoolExecutor.java:1149)
	at java.util.concurrent.ThreadPoolExecutor$Worker.run(ThreadPoolExecutor.java:624)
	at java.lang.Thread.run(Thread.java:748)
Caused by: java.lang.AssertionError: Login Error message found - Incorrect IBMid or password. Please try again!
	at org.testng.Assert.fail(Assert.java:99)
	at com.pom.steps.login.LoginSteps.checkForLoginErrors_aroundBody8(LoginSteps.java:51)
	at com.pom.steps.login.LoginSteps$AjcClosure9.run(LoginSteps.java:1)
	at org.aspectj.runtime.reflect.JoinPointImpl.proceed(JoinPointImpl.java:167)
	at com.automacent.fwk.execution.StepAndActionCompiler.aroundStepCompilerAspect(StepAndActionCompiler.java:115)
	... 27 more
2021-Jul-05 14:57:58,934 [ERROR] TestNG-tests-1 com.mcmp.tests.LoginTest :   login failed
com.automacent.fwk.exceptions.StepExecutionException: [@Step check for login errors] Login Error message found - Incorrect IBMid or password. Please try again!
	at com.automacent.fwk.execution.StepAndActionCompiler.aroundStepCompilerAspect(StepAndActionCompiler.java:119)
	at com.pom.steps.login.LoginSteps.checkForLoginErrors(LoginSteps.java:46)
	at com.mcmp.tests.LoginTest.login_aroundBody0(LoginTest.java:28)
	at com.mcmp.tests.LoginTest$AjcClosure1.run(LoginTest.java:1)
	at org.aspectj.runtime.reflect.JoinPointImpl.proceed(JoinPointImpl.java:167)
	at com.automacent.fwk.execution.TestNgCompiler.aroundBeforeCompilerAspect(TestNgCompiler.java:55)
	at com.mcmp.tests.LoginTest.login(LoginTest.java:25)
	at sun.reflect.NativeMethodAccessorImpl.invoke0(Native Method)
	at sun.reflect.NativeMethodAccessorImpl.invoke(NativeMethodAccessorImpl.java:62)
	at sun.reflect.DelegatingMethodAccessorImpl.invoke(DelegatingMethodAccessorImpl.java:43)
	at java.lang.reflect.Method.invoke(Method.java:498)
	at org.testng.internal.MethodInvocationHelper.invokeMethod(MethodInvocationHelper.java:132)
	at org.testng.internal.MethodInvocationHelper.invokeMethodConsideringTimeout(MethodInvocationHelper.java:61)
	at org.testng.internal.ConfigInvoker.invokeConfigurationMethod(ConfigInvoker.java:366)
	at org.testng.internal.ConfigInvoker.invokeConfigurations(ConfigInvoker.java:320)
	at org.testng.internal.TestMethodWorker.invokeBeforeClassMethods(TestMethodWorker.java:176)
	at org.testng.internal.TestMethodWorker.run(TestMethodWorker.java:122)
	at java.util.ArrayList.forEach(ArrayList.java:1259)
	at org.testng.TestRunner.privateRun(TestRunner.java:764)
	at org.testng.TestRunner.run(TestRunner.java:585)
	at org.testng.SuiteRunner.runTest(SuiteRunner.java:384)
	at org.testng.SuiteRunner.access$000(SuiteRunner.java:28)
	at org.testng.SuiteRunner$SuiteWorker.run(SuiteRunner.java:425)
	at org.testng.internal.thread.ThreadUtil.lambda$execute$0(ThreadUtil.java:66)
	at java.util.concurrent.FutureTask.run(FutureTask.java:266)
	at java.util.concurrent.ThreadPoolExecutor.runWorker(ThreadPoolExecutor.java:1149)
	at java.util.concurrent.ThreadPoolExecutor$Worker.run(ThreadPoolExecutor.java:624)
	at java.lang.Thread.run(Thread.java:748)
Caused by: java.lang.AssertionError: Login Error message found - Incorrect IBMid or password. Please try again!
	at org.testng.Assert.fail(Assert.java:99)
	at com.pom.steps.login.LoginSteps.checkForLoginErrors_aroundBody8(LoginSteps.java:51)
	at com.pom.steps.login.LoginSteps$AjcClosure9.run(LoginSteps.java:1)
	at org.aspectj.runtime.reflect.JoinPointImpl.proceed(JoinPointImpl.java:167)
	at com.automacent.fwk.execution.StepAndActionCompiler.aroundStepCompilerAspect(StepAndActionCompiler.java:115)
	... 27 more
2021-Jul-05 14:57:59,355 [ERROR] TestNG-tests-2 com.automacent.fwk.reporting.ExecutionLogManager : Execution skipped for TEST method loginTest
com.automacent.fwk.exceptions.StepExecutionException: [@Step check for login errors] Login Error message found - Incorrect IBMid or password. Please try again!
	at com.automacent.fwk.execution.StepAndActionCompiler.aroundStepCompilerAspect(StepAndActionCompiler.java:119)
	at com.pom.steps.login.LoginSteps.checkForLoginErrors(LoginSteps.java:46)
	at com.mcmp.tests.LoginTest.login_aroundBody0(LoginTest.java:28)
	at com.mcmp.tests.LoginTest$AjcClosure1.run(LoginTest.java:1)
	at org.aspectj.runtime.reflect.JoinPointImpl.proceed(JoinPointImpl.java:167)
	at com.automacent.fwk.execution.TestNgCompiler.aroundBeforeCompilerAspect(TestNgCompiler.java:55)
	at com.mcmp.tests.LoginTest.login(LoginTest.java:25)
	at sun.reflect.NativeMethodAccessorImpl.invoke0(Native Method)
	at sun.reflect.NativeMethodAccessorImpl.invoke(NativeMethodAccessorImpl.java:62)
	at sun.reflect.DelegatingMethodAccessorImpl.invoke(DelegatingMethodAccessorImpl.java:43)
	at java.lang.reflect.Method.invoke(Method.java:498)
	at org.testng.internal.MethodInvocationHelper.invokeMethod(MethodInvocationHelper.java:132)
	at org.testng.internal.MethodInvocationHelper.invokeMethodConsideringTimeout(MethodInvocationHelper.java:61)
	at org.testng.internal.ConfigInvoker.invokeConfigurationMethod(ConfigInvoker.java:366)
	at org.testng.internal.ConfigInvoker.invokeConfigurations(ConfigInvoker.java:320)
	at org.testng.internal.TestMethodWorker.invokeBeforeClassMethods(TestMethodWorker.java:176)
	at org.testng.internal.TestMethodWorker.run(TestMethodWorker.java:122)
	at java.util.ArrayList.forEach(ArrayList.java:1259)
	at org.testng.TestRunner.privateRun(TestRunner.java:764)
	at org.testng.TestRunner.run(TestRunner.java:585)
	at org.testng.SuiteRunner.runTest(SuiteRunner.java:384)
	at org.testng.SuiteRunner.access$000(SuiteRunner.java:28)
	at org.testng.SuiteRunner$SuiteWorker.run(SuiteRunner.java:425)
	at org.testng.internal.thread.ThreadUtil.lambda$execute$0(ThreadUtil.java:66)
	at java.util.concurrent.FutureTask.run(FutureTask.java:266)
	at java.util.concurrent.ThreadPoolExecutor.runWorker(ThreadPoolExecutor.java:1149)
	at java.util.concurrent.ThreadPoolExecutor$Worker.run(ThreadPoolExecutor.java:624)
	at java.lang.Thread.run(Thread.java:748)
Caused by: java.lang.AssertionError: Login Error message found - Incorrect IBMid or password. Please try again!
	at org.testng.Assert.fail(Assert.java:99)
	at com.pom.steps.login.LoginSteps.checkForLoginErrors_aroundBody8(LoginSteps.java:51)
	at com.pom.steps.login.LoginSteps$AjcClosure9.run(LoginSteps.java:1)
	at org.aspectj.runtime.reflect.JoinPointImpl.proceed(JoinPointImpl.java:167)
	at com.automacent.fwk.execution.StepAndActionCompiler.aroundStepCompilerAspect(StepAndActionCompiler.java:115)
	... 27 more
2021-Jul-05 14:57:59,450 [ERROR] TestNG-tests-1 com.automacent.fwk.reporting.ExecutionLogManager : Execution skipped for BEFORE method verifyLaunchpadPage
com.automacent.fwk.exceptions.TestOrConfigurationSkipException: 
Configuration / Test Skipped
	at com.automacent.fwk.listeners.AutomacentListener.onConfigurationSkip(AutomacentListener.java:166)
	at org.testng.internal.TestListenerHelper.runPostConfigurationListeners(TestListenerHelper.java:39)
	at org.testng.internal.ConfigInvoker.runConfigurationListeners(ConfigInvoker.java:402)
	at org.testng.internal.ConfigInvoker.handleConfigurationSkip(ConfigInvoker.java:420)
	at org.testng.internal.ConfigInvoker.invokeConfigurations(ConfigInvoker.java:286)
	at org.testng.internal.TestMethodWorker.invokeBeforeClassMethods(TestMethodWorker.java:176)
	at org.testng.internal.TestMethodWorker.run(TestMethodWorker.java:122)
	at java.util.ArrayList.forEach(ArrayList.java:1259)
	at org.testng.TestRunner.privateRun(TestRunner.java:764)
	at org.testng.TestRunner.run(TestRunner.java:585)
	at org.testng.SuiteRunner.runTest(SuiteRunner.java:384)
	at org.testng.SuiteRunner.access$000(SuiteRunner.java:28)
	at org.testng.SuiteRunner$SuiteWorker.run(SuiteRunner.java:425)
	at org.testng.internal.thread.ThreadUtil.lambda$execute$0(ThreadUtil.java:66)
	at java.util.concurrent.FutureTask.run(FutureTask.java:266)
	at java.util.concurrent.ThreadPoolExecutor.runWorker(ThreadPoolExecutor.java:1149)
	at java.util.concurrent.ThreadPoolExecutor$Worker.run(ThreadPoolExecutor.java:624)
	at java.lang.Thread.run(Thread.java:748)
2021-Jul-05 14:57:59,806 [ERROR] TestNG-tests-1 com.automacent.fwk.reporting.ExecutionLogManager : Execution skipped for TEST method loginTest
com.automacent.fwk.exceptions.StepExecutionException: [@Step check for login errors] Login Error message found - Incorrect IBMid or password. Please try again!
	at com.automacent.fwk.execution.StepAndActionCompiler.aroundStepCompilerAspect(StepAndActionCompiler.java:119)
	at com.pom.steps.login.LoginSteps.checkForLoginErrors(LoginSteps.java:46)
	at com.mcmp.tests.LoginTest.login_aroundBody0(LoginTest.java:28)
	at com.mcmp.tests.LoginTest$AjcClosure1.run(LoginTest.java:1)
	at org.aspectj.runtime.reflect.JoinPointImpl.proceed(JoinPointImpl.java:167)
	at com.automacent.fwk.execution.TestNgCompiler.aroundBeforeCompilerAspect(TestNgCompiler.java:55)
	at com.mcmp.tests.LoginTest.login(LoginTest.java:25)
	at sun.reflect.NativeMethodAccessorImpl.invoke0(Native Method)
	at sun.reflect.NativeMethodAccessorImpl.invoke(NativeMethodAccessorImpl.java:62)
	at sun.reflect.DelegatingMethodAccessorImpl.invoke(DelegatingMethodAccessorImpl.java:43)
	at java.lang.reflect.Method.invoke(Method.java:498)
	at org.testng.internal.MethodInvocationHelper.invokeMethod(MethodInvocationHelper.java:132)
	at org.testng.internal.MethodInvocationHelper.invokeMethodConsideringTimeout(MethodInvocationHelper.java:61)
	at org.testng.internal.ConfigInvoker.invokeConfigurationMethod(ConfigInvoker.java:366)
	at org.testng.internal.ConfigInvoker.invokeConfigurations(ConfigInvoker.java:320)
	at org.testng.internal.TestMethodWorker.invokeBeforeClassMethods(TestMethodWorker.java:176)
	at org.testng.internal.TestMethodWorker.run(TestMethodWorker.java:122)
	at java.util.ArrayList.forEach(ArrayList.java:1259)
	at org.testng.TestRunner.privateRun(TestRunner.java:764)
	at org.testng.TestRunner.run(TestRunner.java:585)
	at org.testng.SuiteRunner.runTest(SuiteRunner.java:384)
	at org.testng.SuiteRunner.access$000(SuiteRunner.java:28)
	at org.testng.SuiteRunner$SuiteWorker.run(SuiteRunner.java:425)
	at org.testng.internal.thread.ThreadUtil.lambda$execute$0(ThreadUtil.java:66)
	at java.util.concurrent.FutureTask.run(FutureTask.java:266)
	at java.util.concurrent.ThreadPoolExecutor.runWorker(ThreadPoolExecutor.java:1149)
	at java.util.concurrent.ThreadPoolExecutor$Worker.run(ThreadPoolExecutor.java:624)
	at java.lang.Thread.run(Thread.java:748)
Caused by: java.lang.AssertionError: Login Error message found - Incorrect IBMid or password. Please try again!
	at org.testng.Assert.fail(Assert.java:99)
	at com.pom.steps.login.LoginSteps.checkForLoginErrors_aroundBody8(LoginSteps.java:51)
	at com.pom.steps.login.LoginSteps$AjcClosure9.run(LoginSteps.java:1)
	at org.aspectj.runtime.reflect.JoinPointImpl.proceed(JoinPointImpl.java:167)
	at com.automacent.fwk.execution.StepAndActionCompiler.aroundStepCompilerAspect(StepAndActionCompiler.java:115)
	... 27 more
2021-Jul-05 14:58:00,620 [ERROR] TestNG-tests-1 com.automacent.fwk.reporting.ExecutionLogManager : Execution skipped for TEST method verifyAdditionalParameters
com.automacent.fwk.exceptions.StepExecutionException: [@Step check for login errors] Login Error message found - Incorrect IBMid or password. Please try again!
	at com.automacent.fwk.execution.StepAndActionCompiler.aroundStepCompilerAspect(StepAndActionCompiler.java:119)
	at com.pom.steps.login.LoginSteps.checkForLoginErrors(LoginSteps.java:46)
	at com.mcmp.tests.LoginTest.login_aroundBody0(LoginTest.java:28)
	at com.mcmp.tests.LoginTest$AjcClosure1.run(LoginTest.java:1)
	at org.aspectj.runtime.reflect.JoinPointImpl.proceed(JoinPointImpl.java:167)
	at com.automacent.fwk.execution.TestNgCompiler.aroundBeforeCompilerAspect(TestNgCompiler.java:55)
	at com.mcmp.tests.LoginTest.login(LoginTest.java:25)
	at sun.reflect.NativeMethodAccessorImpl.invoke0(Native Method)
	at sun.reflect.NativeMethodAccessorImpl.invoke(NativeMethodAccessorImpl.java:62)
	at sun.reflect.DelegatingMethodAccessorImpl.invoke(DelegatingMethodAccessorImpl.java:43)
	at java.lang.reflect.Method.invoke(Method.java:498)
	at org.testng.internal.MethodInvocationHelper.invokeMethod(MethodInvocationHelper.java:132)
	at org.testng.internal.MethodInvocationHelper.invokeMethodConsideringTimeout(MethodInvocationHelper.java:61)
	at org.testng.internal.ConfigInvoker.invokeConfigurationMethod(ConfigInvoker.java:366)
	at org.testng.internal.ConfigInvoker.invokeConfigurations(ConfigInvoker.java:320)
	at org.testng.internal.TestMethodWorker.invokeBeforeClassMethods(TestMethodWorker.java:176)
	at org.testng.internal.TestMethodWorker.run(TestMethodWorker.java:122)
	at java.util.ArrayList.forEach(ArrayList.java:1259)
	at org.testng.TestRunner.privateRun(TestRunner.java:764)
	at org.testng.TestRunner.run(TestRunner.java:585)
	at org.testng.SuiteRunner.runTest(SuiteRunner.java:384)
	at org.testng.SuiteRunner.access$000(SuiteRunner.java:28)
	at org.testng.SuiteRunner$SuiteWorker.run(SuiteRunner.java:425)
	at org.testng.internal.thread.ThreadUtil.lambda$execute$0(ThreadUtil.java:66)
	at java.util.concurrent.FutureTask.run(FutureTask.java:266)
	at java.util.concurrent.ThreadPoolExecutor.runWorker(ThreadPoolExecutor.java:1149)
	at java.util.concurrent.ThreadPoolExecutor$Worker.run(ThreadPoolExecutor.java:624)
	at java.lang.Thread.run(Thread.java:748)
Caused by: java.lang.AssertionError: Login Error message found - Incorrect IBMid or password. Please try again!
	at org.testng.Assert.fail(Assert.java:99)
	at com.pom.steps.login.LoginSteps.checkForLoginErrors_aroundBody8(LoginSteps.java:51)
	at com.pom.steps.login.LoginSteps$AjcClosure9.run(LoginSteps.java:1)
	at org.aspectj.runtime.reflect.JoinPointImpl.proceed(JoinPointImpl.java:167)
	at com.automacent.fwk.execution.StepAndActionCompiler.aroundStepCompilerAspect(StepAndActionCompiler.java:115)
	... 27 more
2021-Jul-05 14:58:01,336 [ERROR] TestNG-tests-1 com.automacent.fwk.reporting.ExecutionLogManager : Execution skipped for TEST method verifyMainParameters
com.automacent.fwk.exceptions.StepExecutionException: [@Step check for login errors] Login Error message found - Incorrect IBMid or password. Please try again!
	at com.automacent.fwk.execution.StepAndActionCompiler.aroundStepCompilerAspect(StepAndActionCompiler.java:119)
	at com.pom.steps.login.LoginSteps.checkForLoginErrors(LoginSteps.java:46)
	at com.mcmp.tests.LoginTest.login_aroundBody0(LoginTest.java:28)
	at com.mcmp.tests.LoginTest$AjcClosure1.run(LoginTest.java:1)
	at org.aspectj.runtime.reflect.JoinPointImpl.proceed(JoinPointImpl.java:167)
	at com.automacent.fwk.execution.TestNgCompiler.aroundBeforeCompilerAspect(TestNgCompiler.java:55)
	at com.mcmp.tests.LoginTest.login(LoginTest.java:25)
	at sun.reflect.NativeMethodAccessorImpl.invoke0(Native Method)
	at sun.reflect.NativeMethodAccessorImpl.invoke(NativeMethodAccessorImpl.java:62)
	at sun.reflect.DelegatingMethodAccessorImpl.invoke(DelegatingMethodAccessorImpl.java:43)
	at java.lang.reflect.Method.invoke(Method.java:498)
	at org.testng.internal.MethodInvocationHelper.invokeMethod(MethodInvocationHelper.java:132)
	at org.testng.internal.MethodInvocationHelper.invokeMethodConsideringTimeout(MethodInvocationHelper.java:61)
	at org.testng.internal.ConfigInvoker.invokeConfigurationMethod(ConfigInvoker.java:366)
	at org.testng.internal.ConfigInvoker.invokeConfigurations(ConfigInvoker.java:320)
	at org.testng.internal.TestMethodWorker.invokeBeforeClassMethods(TestMethodWorker.java:176)
	at org.testng.internal.TestMethodWorker.run(TestMethodWorker.java:122)
	at java.util.ArrayList.forEach(ArrayList.java:1259)
	at org.testng.TestRunner.privateRun(TestRunner.java:764)
	at org.testng.TestRunner.run(TestRunner.java:585)
	at org.testng.SuiteRunner.runTest(SuiteRunner.java:384)
	at org.testng.SuiteRunner.access$000(SuiteRunner.java:28)
	at org.testng.SuiteRunner$SuiteWorker.run(SuiteRunner.java:425)
	at org.testng.internal.thread.ThreadUtil.lambda$execute$0(ThreadUtil.java:66)
	at java.util.concurrent.FutureTask.run(FutureTask.java:266)
	at java.util.concurrent.ThreadPoolExecutor.runWorker(ThreadPoolExecutor.java:1149)
	at java.util.concurrent.ThreadPoolExecutor$Worker.run(ThreadPoolExecutor.java:624)
	at java.lang.Thread.run(Thread.java:748)
Caused by: java.lang.AssertionError: Login Error message found - Incorrect IBMid or password. Please try again!
	at org.testng.Assert.fail(Assert.java:99)
	at com.pom.steps.login.LoginSteps.checkForLoginErrors_aroundBody8(LoginSteps.java:51)
	at com.pom.steps.login.LoginSteps$AjcClosure9.run(LoginSteps.java:1)
	at org.aspectj.runtime.reflect.JoinPointImpl.proceed(JoinPointImpl.java:167)
	at com.automacent.fwk.execution.StepAndActionCompiler.aroundStepCompilerAspect(StepAndActionCompiler.java:115)
	... 27 more
2021-Jul-05 14:58:02,047 [ERROR] TestNG-tests-1 com.automacent.fwk.reporting.ExecutionLogManager : Execution skipped for AFTER method logoutFromApplication
com.automacent.fwk.exceptions.TestOrConfigurationSkipException: 
Configuration / Test Skipped
	at com.automacent.fwk.listeners.AutomacentListener.onConfigurationSkip(AutomacentListener.java:166)
	at org.testng.internal.TestListenerHelper.runPostConfigurationListeners(TestListenerHelper.java:39)
	at org.testng.internal.ConfigInvoker.runConfigurationListeners(ConfigInvoker.java:402)
	at org.testng.internal.ConfigInvoker.handleConfigurationSkip(ConfigInvoker.java:420)
	at org.testng.internal.ConfigInvoker.invokeConfigurations(ConfigInvoker.java:286)
	at org.testng.internal.TestMethodWorker.invokeAfterClassMethods(TestMethodWorker.java:217)
	at org.testng.internal.TestMethodWorker.run(TestMethodWorker.java:130)
	at java.util.ArrayList.forEach(ArrayList.java:1259)
	at org.testng.TestRunner.privateRun(TestRunner.java:764)
	at org.testng.TestRunner.run(TestRunner.java:585)
	at org.testng.SuiteRunner.runTest(SuiteRunner.java:384)
	at org.testng.SuiteRunner.access$000(SuiteRunner.java:28)
	at org.testng.SuiteRunner$SuiteWorker.run(SuiteRunner.java:425)
	at org.testng.internal.thread.ThreadUtil.lambda$execute$0(ThreadUtil.java:66)
	at java.util.concurrent.FutureTask.run(FutureTask.java:266)
	at java.util.concurrent.ThreadPoolExecutor.runWorker(ThreadPoolExecutor.java:1149)
	at java.util.concurrent.ThreadPoolExecutor$Worker.run(ThreadPoolExecutor.java:624)
	at java.lang.Thread.run(Thread.java:748)
