2021-Jul-05 14:57:31,457 [INFO ] main com.automacent.fwk.utils.FileUtils                 : Cleaning temp directory
2021-Jul-05 14:57:31,507 [INFO ] main com.automacent.fwk.reporting.ReportingTools        : Screen resolution is 1280x720
2021-Jul-05 14:57:31,575 [WARN ] main com.automacent.fwk.utils.FileUtils                 : Error deleting temp files
2021-Jul-05 14:57:31,740 [WARN ] main com.automacent.fwk.utils.FileUtils                 : Error deleting temp files
2021-Jul-05 14:57:31,915 [INFO ] main com.automacent.fwk.listeners.AutomacentListener    : Setup default framework parameters completed
2021-Jul-05 14:57:31,949 [INFO ] main com.automacent.fwk.core.BaseTest                   : automacent internal set launcher clients (, , )
2021-Jul-05 14:57:31,953 [INFO ] main com.automacent.fwk.launcher.LauncherClientManager  :   New instance of Launcher client manager created
2021-Jul-05 14:57:31,954 [WARN ] main com.automacent.fwk.launcher.LauncherClientManager  :     No Launcher clients specified. Launcher clients service will be disabled
2021-Jul-05 14:57:31,955 [INFO ] main com.automacent.fwk.core.BaseTest                   : automacent internal set launcher clients completed successfully
2021-Jul-05 14:57:31,961 [INFO ] main com.automacent.fwk.core.BaseTestSelenium           : automacent internal set driver parameters (, , , 900, 900, 300)
2021-Jul-05 14:57:31,963 [INFO ] main com.automacent.fwk.core.Driver                     :     Setting up default driver
2021-Jul-05 14:57:31,964 [INFO ] main com.automacent.fwk.core.Driver                     :     No custom ieDriverLocation provided. Will use default
2021-Jul-05 14:57:31,964 [INFO ] main com.automacent.fwk.core.Driver                     :     No custom chromeDriverLocation provided. Will use default
2021-Jul-05 14:57:31,964 [INFO ] main com.automacent.fwk.core.Driver                     :     No custom geckoDriverLocation provided. Will use default
2021-Jul-05 14:57:31,965 [INFO ] main com.automacent.fwk.core.Driver                     :     scriptTimeoutInSeconds set to 900
2021-Jul-05 14:57:31,965 [INFO ] main com.automacent.fwk.core.Driver                     :     pageLoadTimeoutInSeconds set to 900
2021-Jul-05 14:57:31,965 [INFO ] main com.automacent.fwk.core.Driver                     :     socketTimeoutInSeconds set to 300
2021-Jul-05 14:57:31,966 [INFO ] main com.automacent.fwk.core.BaseTestSelenium           : automacent internal set driver parameters completed successfully
2021-Jul-05 14:57:31,970 [INFO ] TestNG-tests-2 com.automacent.fwk.listeners.AutomacentListener    : ----------------- Starting XML Test -------------------
2021-Jul-05 14:57:31,970 [INFO ] TestNG-tests-1 com.automacent.fwk.listeners.AutomacentListener    : ----------------- Starting XML Test -------------------
2021-Jul-05 14:57:31,970 [INFO ] TestNG-tests-2 com.automacent.fwk.listeners.AutomacentListener    : XML Test    : com.mcmp.tests.LoginTest
2021-Jul-05 14:57:31,971 [INFO ] TestNG-tests-1 com.automacent.fwk.listeners.AutomacentListener    : XML Test    : com.mcmp.tests.orderIntegration.vra.e2e.e2eCentOS77CompositeVRA82
2021-Jul-05 14:57:31,973 [INFO ] TestNG-tests-2 com.automacent.fwk.listeners.AutomacentListener    : Thread Name : TestNG-tests-2
2021-Jul-05 14:57:31,973 [INFO ] TestNG-tests-1 com.automacent.fwk.listeners.AutomacentListener    : Thread Name : TestNG-tests-1
2021-Jul-05 14:57:31,974 [INFO ] TestNG-tests-2 com.automacent.fwk.listeners.AutomacentListener    : Thread ID : 19
2021-Jul-05 14:57:31,974 [INFO ] TestNG-tests-1 com.automacent.fwk.listeners.AutomacentListener    : Thread ID : 18
2021-Jul-05 14:57:31,974 [INFO ] TestNG-tests-2 com.automacent.fwk.listeners.AutomacentListener    : -------------------------------------------------------
2021-Jul-05 14:57:31,975 [INFO ] TestNG-tests-1 com.automacent.fwk.listeners.AutomacentListener    : -------------------------------------------------------
2021-Jul-05 14:57:31,996 [INFO ] TestNG-tests-1 com.automacent.fwk.core.BaseTest                   : automacent internal set parameters (OFF, 0, 0, 0, 10, 0, ON, , org.testng.TestRunner@359810b2)
2021-Jul-05 14:57:31,996 [INFO ] TestNG-tests-2 com.automacent.fwk.core.BaseTest                   : automacent internal set parameters (OFF, 0, 0, 0, 10, 0, ON, , org.testng.TestRunner@1f518e29)
2021-Jul-05 14:57:31,997 [INFO ] TestNG-tests-1 com.automacent.fwk.core.BaseTest                   :     Constructing Test Object for threadId 18
2021-Jul-05 14:57:31,998 [INFO ] TestNG-tests-1 com.automacent.fwk.core.TestObject                 :     Setting test context org.testng.TestRunner@359810b2
2021-Jul-05 14:57:31,998 [INFO ] TestNG-tests-2 com.automacent.fwk.core.BaseTest                   :     Constructing Test Object for threadId 19
2021-Jul-05 14:57:31,998 [INFO ] TestNG-tests-1 com.automacent.fwk.core.TestObject                 :     testName set to com.mcmp.tests.orderIntegration.vra.e2e.e2eCentOS77CompositeVRA82
2021-Jul-05 14:57:31,999 [INFO ] TestNG-tests-2 com.automacent.fwk.core.TestObject                 :     Setting test context org.testng.TestRunner@1f518e29
2021-Jul-05 14:57:31,999 [INFO ] TestNG-tests-1 com.automacent.fwk.core.TestObject                 :     repeatMode set to OFF
2021-Jul-05 14:57:31,999 [INFO ] TestNG-tests-2 com.automacent.fwk.core.TestObject                 :     testName set to com.mcmp.tests.LoginTest
2021-Jul-05 14:57:31,999 [INFO ] TestNG-tests-1 com.automacent.fwk.core.TestObject                 :     testDurationInSeconds set to 0
2021-Jul-05 14:57:32,000 [INFO ] TestNG-tests-2 com.automacent.fwk.core.TestObject                 :     repeatMode set to OFF
2021-Jul-05 14:57:32,000 [INFO ] TestNG-tests-1 com.automacent.fwk.core.TestObject                 :     invocationCount set to 0
2021-Jul-05 14:57:32,000 [INFO ] TestNG-tests-2 com.automacent.fwk.core.TestObject                 :     testDurationInSeconds set to 0
2021-Jul-05 14:57:32,000 [INFO ] TestNG-tests-1 com.automacent.fwk.core.TestObject                 :     delayBetweenIterationInSeconds set to 0
2021-Jul-05 14:57:32,000 [INFO ] TestNG-tests-2 com.automacent.fwk.core.TestObject                 :     invocationCount set to 0
2021-Jul-05 14:57:32,001 [INFO ] TestNG-tests-1 com.automacent.fwk.core.TestObject                 :     timeoutInSeconds set to 10
2021-Jul-05 14:57:32,001 [INFO ] TestNG-tests-2 com.automacent.fwk.core.TestObject                 :     delayBetweenIterationInSeconds set to 0
2021-Jul-05 14:57:32,001 [INFO ] TestNG-tests-1 com.automacent.fwk.core.TestObject                 :     slowdownDurationInSeconds set to 0
2021-Jul-05 14:57:32,001 [INFO ] TestNG-tests-2 com.automacent.fwk.core.TestObject                 :     timeoutInSeconds set to 10
2021-Jul-05 14:57:32,002 [INFO ] TestNG-tests-1 com.automacent.fwk.core.TestObject                 :     retryMode set to ON
2021-Jul-05 14:57:32,002 [INFO ] TestNG-tests-2 com.automacent.fwk.core.TestObject                 :     slowdownDurationInSeconds set to 0
2021-Jul-05 14:57:32,002 [INFO ] TestNG-tests-2 com.automacent.fwk.core.TestObject                 :     retryMode set to ON
2021-Jul-05 14:57:32,005 [INFO ] TestNG-tests-1 com.automacent.fwk.launcher.LauncherClientManager  :     No Recovery classes specified
2021-Jul-05 14:57:32,005 [INFO ] TestNG-tests-2 com.automacent.fwk.launcher.LauncherClientManager  :     No Recovery classes specified
2021-Jul-05 14:57:32,006 [INFO ] TestNG-tests-1 com.automacent.fwk.core.BaseTest                   : automacent internal set parameters completed successfully
2021-Jul-05 14:57:32,006 [INFO ] TestNG-tests-2 com.automacent.fwk.core.BaseTest                   : automacent internal set parameters completed successfully
2021-Jul-05 14:57:32,009 [INFO ] TestNG-tests-1 com.automacent.fwk.core.BaseTestSelenium           : automacent internal set web test parameters (Google Chrome, , BROWSER_SCREENSHOT, AFTER_ACTION, LAST_ITERATION, https://mcmp-stagedal-master-autoui.mul... 14 more chars ..., org.testng.TestRunner@359810b2)
2021-Jul-05 14:57:32,009 [INFO ] TestNG-tests-2 com.automacent.fwk.core.BaseTestSelenium           : automacent internal set web test parameters (Google Chrome, , BROWSER_SCREENSHOT, AFTER_ACTION, LAST_ITERATION, https://mcmp-stagedal-master-autoui.mul... 14 more chars ..., org.testng.TestRunner@1f518e29)
2021-Jul-05 14:57:32,011 [INFO ] TestNG-tests-1 com.automacent.fwk.core.DriverManager              :     Browser set to Google Chrome
2021-Jul-05 14:57:32,012 [INFO ] TestNG-tests-1 com.automacent.fwk.core.TestObject                 :     screenshotType set to BROWSER_SCREENSHOT
2021-Jul-05 14:57:32,011 [INFO ] TestNG-tests-2 com.automacent.fwk.core.DriverManager              :     Browser set to Google Chrome
2021-Jul-05 14:57:32,013 [INFO ] TestNG-tests-2 com.automacent.fwk.core.TestObject                 :     screenshotType set to BROWSER_SCREENSHOT
2021-Jul-05 14:57:32,015 [INFO ] TestNG-tests-1 com.automacent.fwk.core.TestObject                 :     screenshotModes set to [AFTER_ACTION, ON_FAILURE]
2021-Jul-05 14:57:32,015 [INFO ] TestNG-tests-2 com.automacent.fwk.core.TestObject                 :     screenshotModes set to [AFTER_ACTION, ON_FAILURE]
2021-Jul-05 14:57:32,016 [INFO ] TestNG-tests-1 com.automacent.fwk.core.TestObject                 :     screenshotModeForIteration set to LAST_ITERATION
2021-Jul-05 14:57:32,016 [INFO ] TestNG-tests-2 com.automacent.fwk.core.TestObject                 :     screenshotModeForIteration set to LAST_ITERATION
2021-Jul-05 14:57:32,017 [INFO ] TestNG-tests-1 com.automacent.fwk.core.BaseTestSelenium           : automacent internal set web test parameters completed successfully
2021-Jul-05 14:57:32,017 [INFO ] TestNG-tests-2 com.automacent.fwk.core.BaseTestSelenium           : automacent internal set web test parameters completed successfully
2021-Jul-05 14:57:32,020 [INFO ] TestNG-tests-2 com.automacent.fwk.listeners.AutomacentListener    : ------------------ Execution Order --------------------
2021-Jul-05 14:57:32,020 [INFO ] TestNG-tests-1 com.automacent.fwk.listeners.AutomacentListener    : ------------------ Execution Order --------------------
2021-Jul-05 14:57:32,021 [INFO ] TestNG-tests-2 com.automacent.fwk.listeners.AutomacentListener    : XML Test  : com.mcmp.tests.LoginTest
2021-Jul-05 14:57:32,021 [INFO ] TestNG-tests-1 com.automacent.fwk.listeners.AutomacentListener    : XML Test  : com.mcmp.tests.orderIntegration.vra.e2e.e2eCentOS77CompositeVRA82
2021-Jul-05 14:57:32,021 [INFO ] TestNG-tests-2 com.automacent.fwk.listeners.AutomacentListener    : @Test     : com.mcmp.tests.LoginTest.loginTest
2021-Jul-05 14:57:32,021 [INFO ] TestNG-tests-1 com.automacent.fwk.listeners.AutomacentListener    : @Test     : com.mcmp.tests.LoginTest.loginTest
2021-Jul-05 14:57:32,021 [INFO ] TestNG-tests-2 com.automacent.fwk.listeners.AutomacentListener    : -------------------------------------------------------
2021-Jul-05 14:57:32,022 [INFO ] TestNG-tests-1 com.automacent.fwk.listeners.AutomacentListener    : @Test     : com.mcmp.tests.orderIntegration.vra.e2e.e2eCentOS77CompositeVRA82.verifyAdditionalParameters
2021-Jul-05 14:57:32,022 [INFO ] TestNG-tests-1 com.automacent.fwk.listeners.AutomacentListener    : @Test     : com.mcmp.tests.orderIntegration.vra.e2e.e2eCentOS77CompositeVRA82.verifyMainParameters
2021-Jul-05 14:57:32,022 [INFO ] TestNG-tests-1 com.automacent.fwk.listeners.AutomacentListener    : -------------------------------------------------------
2021-Jul-05 14:57:32,036 [INFO ] TestNG-tests-1 com.automacent.fwk.core.BaseTest                   : automacent internal set parameters (OFF, 0, 0, 0, 10, 0, ON, , org.testng.TestRunner@359810b2)
2021-Jul-05 14:57:32,036 [INFO ] TestNG-tests-2 com.automacent.fwk.core.BaseTest                   : automacent internal set parameters (OFF, 0, 0, 0, 10, 0, ON, , org.testng.TestRunner@1f518e29)
2021-Jul-05 14:57:32,037 [INFO ] TestNG-tests-1 com.automacent.fwk.core.TestObject                 :     Setting test context org.testng.TestRunner@359810b2
2021-Jul-05 14:57:32,037 [INFO ] TestNG-tests-2 com.automacent.fwk.core.TestObject                 :     Setting test context org.testng.TestRunner@1f518e29
2021-Jul-05 14:57:32,037 [INFO ] TestNG-tests-1 com.automacent.fwk.core.TestObject                 :     testName set to com.mcmp.tests.orderIntegration.vra.e2e.e2eCentOS77CompositeVRA82
2021-Jul-05 14:57:32,037 [INFO ] TestNG-tests-2 com.automacent.fwk.core.TestObject                 :     testName set to com.mcmp.tests.LoginTest
2021-Jul-05 14:57:32,037 [INFO ] TestNG-tests-1 com.automacent.fwk.core.TestObject                 :     repeatMode set to OFF
2021-Jul-05 14:57:32,038 [INFO ] TestNG-tests-2 com.automacent.fwk.core.TestObject                 :     repeatMode set to OFF
2021-Jul-05 14:57:32,038 [INFO ] TestNG-tests-1 com.automacent.fwk.core.TestObject                 :     testDurationInSeconds set to 0
2021-Jul-05 14:57:32,038 [INFO ] TestNG-tests-2 com.automacent.fwk.core.TestObject                 :     testDurationInSeconds set to 0
2021-Jul-05 14:57:32,038 [INFO ] TestNG-tests-1 com.automacent.fwk.core.TestObject                 :     invocationCount set to 0
2021-Jul-05 14:57:32,038 [INFO ] TestNG-tests-2 com.automacent.fwk.core.TestObject                 :     invocationCount set to 0
2021-Jul-05 14:57:32,038 [INFO ] TestNG-tests-1 com.automacent.fwk.core.TestObject                 :     delayBetweenIterationInSeconds set to 0
2021-Jul-05 14:57:32,039 [INFO ] TestNG-tests-2 com.automacent.fwk.core.TestObject                 :     delayBetweenIterationInSeconds set to 0
2021-Jul-05 14:57:32,039 [INFO ] TestNG-tests-1 com.automacent.fwk.core.TestObject                 :     timeoutInSeconds set to 10
2021-Jul-05 14:57:32,039 [INFO ] TestNG-tests-2 com.automacent.fwk.core.TestObject                 :     timeoutInSeconds set to 10
2021-Jul-05 14:57:32,039 [INFO ] TestNG-tests-1 com.automacent.fwk.core.TestObject                 :     slowdownDurationInSeconds set to 0
2021-Jul-05 14:57:32,039 [INFO ] TestNG-tests-2 com.automacent.fwk.core.TestObject                 :     slowdownDurationInSeconds set to 0
2021-Jul-05 14:57:32,039 [INFO ] TestNG-tests-1 com.automacent.fwk.core.TestObject                 :     retryMode set to ON
2021-Jul-05 14:57:32,040 [INFO ] TestNG-tests-2 com.automacent.fwk.core.TestObject                 :     retryMode set to ON
2021-Jul-05 14:57:32,040 [INFO ] TestNG-tests-1 com.automacent.fwk.launcher.LauncherClientManager  :     No Recovery classes specified
2021-Jul-05 14:57:32,040 [INFO ] TestNG-tests-2 com.automacent.fwk.launcher.LauncherClientManager  :     No Recovery classes specified
2021-Jul-05 14:57:32,040 [INFO ] TestNG-tests-1 com.automacent.fwk.core.BaseTest                   : automacent internal set parameters completed successfully
2021-Jul-05 14:57:32,040 [INFO ] TestNG-tests-2 com.automacent.fwk.core.BaseTest                   : automacent internal set parameters completed successfully
2021-Jul-05 14:57:32,043 [INFO ] TestNG-tests-1 com.mcmp.tests.BaseTest                            : setup browser and load url
2021-Jul-05 14:57:32,043 [INFO ] TestNG-tests-2 com.mcmp.tests.BaseTest                            : setup browser and load url
2021-Jul-05 14:57:32,044 [INFO ] TestNG-tests-2 com.automacent.fwk.core.Driver                     :     Cloning Default Driver
2021-Jul-05 14:57:32,044 [INFO ] TestNG-tests-1 com.automacent.fwk.core.Driver                     :     Cloning Default Driver
2021-Jul-05 14:57:32,044 [INFO ] TestNG-tests-2 com.automacent.fwk.core.Driver                     :     No custom ieDriverLocation provided. Will use default
2021-Jul-05 14:57:32,044 [INFO ] TestNG-tests-1 com.automacent.fwk.core.Driver                     :     No custom ieDriverLocation provided. Will use default
2021-Jul-05 14:57:32,044 [INFO ] TestNG-tests-2 com.automacent.fwk.core.Driver                     :     No custom chromeDriverLocation provided. Will use default
2021-Jul-05 14:57:32,045 [INFO ] TestNG-tests-1 com.automacent.fwk.core.Driver                     :     No custom chromeDriverLocation provided. Will use default
2021-Jul-05 14:57:32,045 [INFO ] TestNG-tests-2 com.automacent.fwk.core.Driver                     :     No custom geckoDriverLocation provided. Will use default
2021-Jul-05 14:57:32,045 [INFO ] TestNG-tests-1 com.automacent.fwk.core.Driver                     :     No custom geckoDriverLocation provided. Will use default
2021-Jul-05 14:57:32,045 [INFO ] TestNG-tests-2 com.automacent.fwk.core.Driver                     :     scriptTimeoutInSeconds set to 900
2021-Jul-05 14:57:32,045 [INFO ] TestNG-tests-1 com.automacent.fwk.core.Driver                     :     scriptTimeoutInSeconds set to 900
2021-Jul-05 14:57:32,046 [INFO ] TestNG-tests-2 com.automacent.fwk.core.Driver                     :     pageLoadTimeoutInSeconds set to 900
2021-Jul-05 14:57:32,046 [INFO ] TestNG-tests-1 com.automacent.fwk.core.Driver                     :     pageLoadTimeoutInSeconds set to 900
2021-Jul-05 14:57:32,046 [INFO ] TestNG-tests-2 com.automacent.fwk.core.Driver                     :     socketTimeoutInSeconds set to 300
2021-Jul-05 14:57:32,047 [INFO ] TestNG-tests-1 com.automacent.fwk.core.Driver                     :     socketTimeoutInSeconds set to 300
2021-Jul-05 14:57:32,768 [INFO ] TestNG-tests-2 com.automacent.fwk.core.Driver                     :     Using chromeDriver from framework
2021-Jul-05 14:57:32,781 [INFO ] TestNG-tests-1 com.automacent.fwk.core.Driver                     :     Using chromeDriver from framework
2021-Jul-05 14:57:34,840 [INFO ] TestNG-tests-2 com.automacent.fwk.core.Driver                     :     Page Load timeout set to 900 seconds
2021-Jul-05 14:57:34,909 [INFO ] TestNG-tests-2 com.automacent.fwk.core.Driver                     :     Implicit wait set on driver to 10 seconds
2021-Jul-05 14:57:34,923 [INFO ] TestNG-tests-2 com.automacent.fwk.core.Driver                     :     Script timeout set on driver to 900 seconds
2021-Jul-05 14:57:35,102 [INFO ] TestNG-tests-1 com.automacent.fwk.core.Driver                     :     Page Load timeout set to 900 seconds
2021-Jul-05 14:57:35,123 [INFO ] TestNG-tests-1 com.automacent.fwk.core.Driver                     :     Implicit wait set on driver to 10 seconds
2021-Jul-05 14:57:35,155 [INFO ] TestNG-tests-1 com.automacent.fwk.core.Driver                     :     Script timeout set on driver to 900 seconds
2021-Jul-05 14:57:35,185 [INFO ] TestNG-tests-2 com.automacent.fwk.core.Driver                     :     Cookies deleted
2021-Jul-05 14:57:35,504 [INFO ] TestNG-tests-1 com.automacent.fwk.core.Driver                     :     Cookies deleted
2021-Jul-05 14:57:43,372 [INFO ] TestNG-tests-2 com.mcmp.tests.BaseTest                            : setup browser and load url completed successfully
2021-Jul-05 14:57:43,391 [INFO ] TestNG-tests-1 com.mcmp.tests.BaseTest                            : setup browser and load url completed successfully
2021-Jul-05 14:57:43,865 [INFO ] TestNG-tests-2 com.mcmp.tests.LoginTest                           : login (uiautomcmpuser@outlook.com, Automcmpuser@000)
2021-Jul-05 14:57:43,872 [INFO ] TestNG-tests-2 com.pom.steps.login.LoginSteps                     :       confirm login page is loaded
2021-Jul-05 14:57:43,875 [INFO ] TestNG-tests-2 com.pom.pages.login.LoginPage$1                    :           validate login page is loaded
2021-Jul-05 14:57:43,876 [INFO ] TestNG-tests-2 com.pom.pages.login.LoginPage                      :               is user name field found?
2021-Jul-05 14:57:43,917 [INFO ] TestNG-tests-2 m.automacent.fwk.selenium.CustomExpectedConditions :                   proxy element located (webelement)
2021-Jul-05 14:57:44,093 [INFO ] TestNG-tests-1 com.mcmp.tests.LoginTest                           : login (uiautomcmpuser@outlook.com, Automcmpuser@000)
2021-Jul-05 14:57:44,094 [INFO ] TestNG-tests-1 com.pom.steps.login.LoginSteps                     :       confirm login page is loaded
2021-Jul-05 14:57:44,095 [INFO ] TestNG-tests-1 com.pom.pages.login.LoginPage$1                    :           validate login page is loaded
2021-Jul-05 14:57:44,096 [INFO ] TestNG-tests-1 com.pom.pages.login.LoginPage                      :               is user name field found?
2021-Jul-05 14:57:44,103 [INFO ] TestNG-tests-1 m.automacent.fwk.selenium.CustomExpectedConditions :                   proxy element located (webelement)
2021-Jul-05 14:57:44,175 [INFO ] TestNG-tests-2 com.automacent.fwk.reporting.ReportingTools        :                   Is Screenshot taken true
2021-Jul-05 14:57:44,324 [INFO ] TestNG-tests-1 com.automacent.fwk.reporting.ReportingTools        :                   Is Screenshot taken true
2021-Jul-05 14:57:44,329 [INFO ] TestNG-tests-2 com.pom.pages.login.LoginPage                      :               is user name field found? true
2021-Jul-05 14:57:44,447 [INFO ] TestNG-tests-1 com.pom.pages.login.LoginPage                      :               is user name field found? true
2021-Jul-05 14:57:44,537 [INFO ] TestNG-tests-2 com.automacent.fwk.reporting.ReportingTools        :               Is Screenshot taken true
2021-Jul-05 14:57:44,541 [INFO ] TestNG-tests-2 com.pom.pages.login.LoginPage                      :               is continue button found?
2021-Jul-05 14:57:44,553 [INFO ] TestNG-tests-2 m.automacent.fwk.selenium.CustomExpectedConditions :                   proxy element located (webelement)
2021-Jul-05 14:57:44,694 [INFO ] TestNG-tests-1 com.automacent.fwk.reporting.ReportingTools        :               Is Screenshot taken true
2021-Jul-05 14:57:44,694 [INFO ] TestNG-tests-1 com.pom.pages.login.LoginPage                      :               is continue button found?
2021-Jul-05 14:57:44,707 [INFO ] TestNG-tests-1 m.automacent.fwk.selenium.CustomExpectedConditions :                   proxy element located (webelement)
2021-Jul-05 14:57:44,796 [INFO ] TestNG-tests-2 com.automacent.fwk.reporting.ReportingTools        :                   Is Screenshot taken true
2021-Jul-05 14:57:44,936 [INFO ] TestNG-tests-1 com.automacent.fwk.reporting.ReportingTools        :                   Is Screenshot taken true
2021-Jul-05 14:57:44,944 [INFO ] TestNG-tests-2 com.pom.pages.login.LoginPage                      :               is continue button found? true
2021-Jul-05 14:57:45,067 [INFO ] TestNG-tests-1 com.pom.pages.login.LoginPage                      :               is continue button found? true
2021-Jul-05 14:57:45,188 [INFO ] TestNG-tests-2 com.automacent.fwk.reporting.ReportingTools        :               Is Screenshot taken true
2021-Jul-05 14:57:45,189 [INFO ] TestNG-tests-2 com.pom.steps.login.LoginSteps                     :       perform login (uiautomcmpuser@outlook.com, Automcmpuser@000)
2021-Jul-05 14:57:45,189 [INFO ] TestNG-tests-2 com.pom.pages.login.LoginPage                      :           enter user name (uiautomcmpuser@outlook.com)
2021-Jul-05 14:57:45,269 [INFO ] TestNG-tests-1 com.automacent.fwk.reporting.ReportingTools        :               Is Screenshot taken true
2021-Jul-05 14:57:45,270 [INFO ] TestNG-tests-1 com.pom.steps.login.LoginSteps                     :       perform login (uiautomcmpuser@outlook.com, Automcmpuser@000)
2021-Jul-05 14:57:45,270 [INFO ] TestNG-tests-1 com.pom.pages.login.LoginPage                      :           enter user name (uiautomcmpuser@outlook.com)
2021-Jul-05 14:57:45,572 [INFO ] TestNG-tests-2 com.automacent.fwk.reporting.ReportingTools        :           Is Screenshot taken true
2021-Jul-05 14:57:45,572 [INFO ] TestNG-tests-2 com.pom.steps.login.LoginSteps                     :           validate user name credentials (uiautomcmpuser@outlook.com)
2021-Jul-05 14:57:45,573 [INFO ] TestNG-tests-2 com.pom.pages.login.LoginPage                      :               get user name
2021-Jul-05 14:57:45,652 [INFO ] TestNG-tests-1 com.automacent.fwk.reporting.ReportingTools        :           Is Screenshot taken true
2021-Jul-05 14:57:45,653 [INFO ] TestNG-tests-1 com.pom.steps.login.LoginSteps                     :           validate user name credentials (uiautomcmpuser@outlook.com)
2021-Jul-05 14:57:45,654 [INFO ] TestNG-tests-1 com.pom.pages.login.LoginPage                      :               get user name
2021-Jul-05 14:57:45,786 [INFO ] TestNG-tests-2 com.automacent.fwk.reporting.ReportingTools        :               Is Screenshot taken true
2021-Jul-05 14:57:45,787 [INFO ] TestNG-tests-2 com.pom.pages.login.LoginPage                      :           click continue button
2021-Jul-05 14:57:45,849 [INFO ] TestNG-tests-1 com.automacent.fwk.reporting.ReportingTools        :               Is Screenshot taken true
2021-Jul-05 14:57:45,850 [INFO ] TestNG-tests-1 com.pom.pages.login.LoginPage                      :           click continue button
2021-Jul-05 14:57:46,075 [INFO ] TestNG-tests-2 com.automacent.fwk.reporting.ReportingTools        :           Is Screenshot taken true
2021-Jul-05 14:57:46,076 [INFO ] TestNG-tests-2 com.pom.pages.login.LoginPage                      :           enter password (Automcmpuser@000)
2021-Jul-05 14:57:46,169 [INFO ] TestNG-tests-1 com.automacent.fwk.reporting.ReportingTools        :           Is Screenshot taken true
2021-Jul-05 14:57:46,169 [INFO ] TestNG-tests-1 com.pom.pages.login.LoginPage                      :           enter password (Automcmpuser@000)
2021-Jul-05 14:57:46,519 [INFO ] TestNG-tests-2 com.automacent.fwk.reporting.ReportingTools        :           Is Screenshot taken true
2021-Jul-05 14:57:46,519 [INFO ] TestNG-tests-2 com.pom.steps.login.LoginSteps                     :           validate password credentials (Automcmpuser@000)
2021-Jul-05 14:57:46,519 [INFO ] TestNG-tests-2 com.pom.pages.login.LoginPage                      :               get password
2021-Jul-05 14:57:46,595 [INFO ] TestNG-tests-1 com.automacent.fwk.reporting.ReportingTools        :           Is Screenshot taken true
2021-Jul-05 14:57:46,596 [INFO ] TestNG-tests-1 com.pom.steps.login.LoginSteps                     :           validate password credentials (Automcmpuser@000)
2021-Jul-05 14:57:46,597 [INFO ] TestNG-tests-1 com.pom.pages.login.LoginPage                      :               get password
2021-Jul-05 14:57:46,708 [INFO ] TestNG-tests-2 com.automacent.fwk.reporting.ReportingTools        :               Is Screenshot taken true
2021-Jul-05 14:57:46,709 [INFO ] TestNG-tests-2 com.pom.pages.login.LoginPage                      :           click login button
2021-Jul-05 14:57:46,796 [INFO ] TestNG-tests-1 com.automacent.fwk.reporting.ReportingTools        :               Is Screenshot taken true
2021-Jul-05 14:57:46,798 [INFO ] TestNG-tests-1 com.pom.pages.login.LoginPage                      :           click login button
2021-Jul-05 14:57:47,753 [INFO ] TestNG-tests-2 com.automacent.fwk.reporting.ReportingTools        :           Is Screenshot taken true
2021-Jul-05 14:57:47,753 [INFO ] TestNG-tests-2 com.pom.steps.login.LoginSteps                     :       check for login errors
2021-Jul-05 14:57:47,754 [INFO ] TestNG-tests-2 com.pom.pages.login.LoginPage                      :           is login error found?
2021-Jul-05 14:57:47,765 [INFO ] TestNG-tests-2 m.automacent.fwk.selenium.CustomExpectedConditions :               proxy element located (webelement)
2021-Jul-05 14:57:47,942 [INFO ] TestNG-tests-1 com.automacent.fwk.reporting.ReportingTools        :           Is Screenshot taken true
2021-Jul-05 14:57:47,942 [INFO ] TestNG-tests-1 com.pom.steps.login.LoginSteps                     :       check for login errors
2021-Jul-05 14:57:47,942 [INFO ] TestNG-tests-1 com.pom.pages.login.LoginPage                      :           is login error found?
2021-Jul-05 14:57:47,954 [INFO ] TestNG-tests-1 m.automacent.fwk.selenium.CustomExpectedConditions :               proxy element located (webelement)
2021-Jul-05 14:57:47,968 [INFO ] TestNG-tests-2 com.automacent.fwk.reporting.ReportingTools        :               Is Screenshot taken true
2021-Jul-05 14:57:48,081 [INFO ] TestNG-tests-2 com.automacent.fwk.execution.ExceptionManager      :           Stale Element Reference Exception occurred
2021-Jul-05 14:57:48,142 [INFO ] TestNG-tests-1 com.automacent.fwk.reporting.ReportingTools        :               Is Screenshot taken true
2021-Jul-05 14:57:48,222 [INFO ] TestNG-tests-1 com.automacent.fwk.execution.ExceptionManager      :           Stale Element Reference Exception occurred
2021-Jul-05 14:57:58,089 [INFO ] TestNG-tests-2 com.automacent.fwk.core.PageObject                 :           Attempting to re-initialize page object
2021-Jul-05 14:57:58,231 [INFO ] TestNG-tests-1 com.automacent.fwk.core.PageObject                 :           Attempting to re-initialize page object
2021-Jul-05 14:57:58,251 [INFO ] TestNG-tests-2 com.automacent.fwk.core.PageObject                 :           Reinitialized page object
2021-Jul-05 14:57:58,251 [INFO ] TestNG-tests-2 com.pom.pages.login.LoginPage                      :           Retrying action
2021-Jul-05 14:57:58,262 [INFO ] TestNG-tests-2 m.automacent.fwk.selenium.CustomExpectedConditions :               proxy element located (webelement)
2021-Jul-05 14:57:58,376 [INFO ] TestNG-tests-1 com.automacent.fwk.core.PageObject                 :           Reinitialized page object
2021-Jul-05 14:57:58,376 [INFO ] TestNG-tests-1 com.pom.pages.login.LoginPage                      :           Retrying action
2021-Jul-05 14:57:58,389 [INFO ] TestNG-tests-1 m.automacent.fwk.selenium.CustomExpectedConditions :               proxy element located (webelement)
2021-Jul-05 14:57:58,422 [INFO ] TestNG-tests-2 com.automacent.fwk.reporting.ReportingTools        :               Is Screenshot taken true
2021-Jul-05 14:57:58,482 [INFO ] TestNG-tests-2 com.pom.pages.login.LoginPage                      :           is login error found? true
2021-Jul-05 14:57:58,544 [INFO ] TestNG-tests-1 com.automacent.fwk.reporting.ReportingTools        :               Is Screenshot taken true
2021-Jul-05 14:57:58,607 [INFO ] TestNG-tests-1 com.pom.pages.login.LoginPage                      :           is login error found? true
2021-Jul-05 14:57:58,618 [INFO ] TestNG-tests-2 com.automacent.fwk.reporting.ReportingTools        :           Is Screenshot taken true
2021-Jul-05 14:57:58,619 [INFO ] TestNG-tests-2 com.pom.pages.login.LoginPage                      :           get login error message
2021-Jul-05 14:57:58,733 [INFO ] TestNG-tests-1 com.automacent.fwk.reporting.ReportingTools        :           Is Screenshot taken true
2021-Jul-05 14:57:58,733 [INFO ] TestNG-tests-1 com.pom.pages.login.LoginPage                      :           get login error message
2021-Jul-05 14:57:58,791 [INFO ] TestNG-tests-2 com.automacent.fwk.reporting.ReportingTools        :           Is Screenshot taken true
2021-Jul-05 14:57:58,792 [ERROR] TestNG-tests-2 com.mcmp.tests.LoginTest                           :   login failed
com.automacent.fwk.exceptions.StepExecutionException: [@Step check for login errors] Login Error message found - Incorrect IBMid or password. Please try again!
	at com.automacent.fwk.execution.StepAndActionCompiler.aroundStepCompilerAspect(StepAndActionCompiler.java:119)
	at com.pom.steps.login.LoginSteps.checkForLoginErrors(LoginSteps.java:46)
	at com.mcmp.tests.LoginTest.login_aroundBody0(LoginTest.java:28)
	at com.mcmp.tests.LoginTest$AjcClosure1.run(LoginTest.java:1)
	at org.aspectj.runtime.reflect.JoinPointImpl.proceed(JoinPointImpl.java:167)
	at com.automacent.fwk.execution.TestNgCompiler.aroundBeforeCompilerAspect(TestNgCompiler.java:55)
	at com.mcmp.tests.LoginTest.login(LoginTest.java:25)
	at sun.reflect.NativeMethodAccessorImpl.invoke0(Native Method)
	at sun.reflect.NativeMethodAccessorImpl.invoke(NativeMethodAccessorImpl.java:62)
	at sun.reflect.DelegatingMethodAccessorImpl.invoke(DelegatingMethodAccessorImpl.java:43)
	at java.lang.reflect.Method.invoke(Method.java:498)
	at org.testng.internal.MethodInvocationHelper.invokeMethod(MethodInvocationHelper.java:132)
	at org.testng.internal.MethodInvocationHelper.invokeMethodConsideringTimeout(MethodInvocationHelper.java:61)
	at org.testng.internal.ConfigInvoker.invokeConfigurationMethod(ConfigInvoker.java:366)
	at org.testng.internal.ConfigInvoker.invokeConfigurations(ConfigInvoker.java:320)
	at org.testng.internal.TestMethodWorker.invokeBeforeClassMethods(TestMethodWorker.java:176)
	at org.testng.internal.TestMethodWorker.run(TestMethodWorker.java:122)
	at java.util.ArrayList.forEach(ArrayList.java:1259)
	at org.testng.TestRunner.privateRun(TestRunner.java:764)
	at org.testng.TestRunner.run(TestRunner.java:585)
	at org.testng.SuiteRunner.runTest(SuiteRunner.java:384)
	at org.testng.SuiteRunner.access$000(SuiteRunner.java:28)
	at org.testng.SuiteRunner$SuiteWorker.run(SuiteRunner.java:425)
	at org.testng.internal.thread.ThreadUtil.lambda$execute$0(ThreadUtil.java:66)
	at java.util.concurrent.FutureTask.run(FutureTask.java:266)
	at java.util.concurrent.ThreadPoolExecutor.runWorker(ThreadPoolExecutor.java:1149)
	at java.util.concurrent.ThreadPoolExecutor$Worker.run(ThreadPoolExecutor.java:624)
	at java.lang.Thread.run(Thread.java:748)
Caused by: java.lang.AssertionError: Login Error message found - Incorrect IBMid or password. Please try again!
	at org.testng.Assert.fail(Assert.java:99)
	at com.pom.steps.login.LoginSteps.checkForLoginErrors_aroundBody8(LoginSteps.java:51)
	at com.pom.steps.login.LoginSteps$AjcClosure9.run(LoginSteps.java:1)
	at org.aspectj.runtime.reflect.JoinPointImpl.proceed(JoinPointImpl.java:167)
	at com.automacent.fwk.execution.StepAndActionCompiler.aroundStepCompilerAspect(StepAndActionCompiler.java:115)
	... 27 more
2021-Jul-05 14:57:58,934 [INFO ] TestNG-tests-2 com.automacent.fwk.reporting.ReportingTools        :   Is Screenshot taken true
2021-Jul-05 14:57:58,934 [INFO ] TestNG-tests-1 com.automacent.fwk.reporting.ReportingTools        :           Is Screenshot taken true
2021-Jul-05 14:57:58,934 [ERROR] TestNG-tests-1 com.mcmp.tests.LoginTest                           :   login failed
com.automacent.fwk.exceptions.StepExecutionException: [@Step check for login errors] Login Error message found - Incorrect IBMid or password. Please try again!
	at com.automacent.fwk.execution.StepAndActionCompiler.aroundStepCompilerAspect(StepAndActionCompiler.java:119)
	at com.pom.steps.login.LoginSteps.checkForLoginErrors(LoginSteps.java:46)
	at com.mcmp.tests.LoginTest.login_aroundBody0(LoginTest.java:28)
	at com.mcmp.tests.LoginTest$AjcClosure1.run(LoginTest.java:1)
	at org.aspectj.runtime.reflect.JoinPointImpl.proceed(JoinPointImpl.java:167)
	at com.automacent.fwk.execution.TestNgCompiler.aroundBeforeCompilerAspect(TestNgCompiler.java:55)
	at com.mcmp.tests.LoginTest.login(LoginTest.java:25)
	at sun.reflect.NativeMethodAccessorImpl.invoke0(Native Method)
	at sun.reflect.NativeMethodAccessorImpl.invoke(NativeMethodAccessorImpl.java:62)
	at sun.reflect.DelegatingMethodAccessorImpl.invoke(DelegatingMethodAccessorImpl.java:43)
	at java.lang.reflect.Method.invoke(Method.java:498)
	at org.testng.internal.MethodInvocationHelper.invokeMethod(MethodInvocationHelper.java:132)
	at org.testng.internal.MethodInvocationHelper.invokeMethodConsideringTimeout(MethodInvocationHelper.java:61)
	at org.testng.internal.ConfigInvoker.invokeConfigurationMethod(ConfigInvoker.java:366)
	at org.testng.internal.ConfigInvoker.invokeConfigurations(ConfigInvoker.java:320)
	at org.testng.internal.TestMethodWorker.invokeBeforeClassMethods(TestMethodWorker.java:176)
	at org.testng.internal.TestMethodWorker.run(TestMethodWorker.java:122)
	at java.util.ArrayList.forEach(ArrayList.java:1259)
	at org.testng.TestRunner.privateRun(TestRunner.java:764)
	at org.testng.TestRunner.run(TestRunner.java:585)
	at org.testng.SuiteRunner.runTest(SuiteRunner.java:384)
	at org.testng.SuiteRunner.access$000(SuiteRunner.java:28)
	at org.testng.SuiteRunner$SuiteWorker.run(SuiteRunner.java:425)
	at org.testng.internal.thread.ThreadUtil.lambda$execute$0(ThreadUtil.java:66)
	at java.util.concurrent.FutureTask.run(FutureTask.java:266)
	at java.util.concurrent.ThreadPoolExecutor.runWorker(ThreadPoolExecutor.java:1149)
	at java.util.concurrent.ThreadPoolExecutor$Worker.run(ThreadPoolExecutor.java:624)
	at java.lang.Thread.run(Thread.java:748)
Caused by: java.lang.AssertionError: Login Error message found - Incorrect IBMid or password. Please try again!
	at org.testng.Assert.fail(Assert.java:99)
	at com.pom.steps.login.LoginSteps.checkForLoginErrors_aroundBody8(LoginSteps.java:51)
	at com.pom.steps.login.LoginSteps$AjcClosure9.run(LoginSteps.java:1)
	at org.aspectj.runtime.reflect.JoinPointImpl.proceed(JoinPointImpl.java:167)
	at com.automacent.fwk.execution.StepAndActionCompiler.aroundStepCompilerAspect(StepAndActionCompiler.java:115)
	... 27 more
2021-Jul-05 14:57:59,092 [INFO ] TestNG-tests-1 com.automacent.fwk.reporting.ReportingTools        :   Is Screenshot taken true
2021-Jul-05 14:57:59,355 [ERROR] TestNG-tests-2 com.automacent.fwk.reporting.ExecutionLogManager   : Execution skipped for TEST method loginTest
com.automacent.fwk.exceptions.StepExecutionException: [@Step check for login errors] Login Error message found - Incorrect IBMid or password. Please try again!
	at com.automacent.fwk.execution.StepAndActionCompiler.aroundStepCompilerAspect(StepAndActionCompiler.java:119)
	at com.pom.steps.login.LoginSteps.checkForLoginErrors(LoginSteps.java:46)
	at com.mcmp.tests.LoginTest.login_aroundBody0(LoginTest.java:28)
	at com.mcmp.tests.LoginTest$AjcClosure1.run(LoginTest.java:1)
	at org.aspectj.runtime.reflect.JoinPointImpl.proceed(JoinPointImpl.java:167)
	at com.automacent.fwk.execution.TestNgCompiler.aroundBeforeCompilerAspect(TestNgCompiler.java:55)
	at com.mcmp.tests.LoginTest.login(LoginTest.java:25)
	at sun.reflect.NativeMethodAccessorImpl.invoke0(Native Method)
	at sun.reflect.NativeMethodAccessorImpl.invoke(NativeMethodAccessorImpl.java:62)
	at sun.reflect.DelegatingMethodAccessorImpl.invoke(DelegatingMethodAccessorImpl.java:43)
	at java.lang.reflect.Method.invoke(Method.java:498)
	at org.testng.internal.MethodInvocationHelper.invokeMethod(MethodInvocationHelper.java:132)
	at org.testng.internal.MethodInvocationHelper.invokeMethodConsideringTimeout(MethodInvocationHelper.java:61)
	at org.testng.internal.ConfigInvoker.invokeConfigurationMethod(ConfigInvoker.java:366)
	at org.testng.internal.ConfigInvoker.invokeConfigurations(ConfigInvoker.java:320)
	at org.testng.internal.TestMethodWorker.invokeBeforeClassMethods(TestMethodWorker.java:176)
	at org.testng.internal.TestMethodWorker.run(TestMethodWorker.java:122)
	at java.util.ArrayList.forEach(ArrayList.java:1259)
	at org.testng.TestRunner.privateRun(TestRunner.java:764)
	at org.testng.TestRunner.run(TestRunner.java:585)
	at org.testng.SuiteRunner.runTest(SuiteRunner.java:384)
	at org.testng.SuiteRunner.access$000(SuiteRunner.java:28)
	at org.testng.SuiteRunner$SuiteWorker.run(SuiteRunner.java:425)
	at org.testng.internal.thread.ThreadUtil.lambda$execute$0(ThreadUtil.java:66)
	at java.util.concurrent.FutureTask.run(FutureTask.java:266)
	at java.util.concurrent.ThreadPoolExecutor.runWorker(ThreadPoolExecutor.java:1149)
	at java.util.concurrent.ThreadPoolExecutor$Worker.run(ThreadPoolExecutor.java:624)
	at java.lang.Thread.run(Thread.java:748)
Caused by: java.lang.AssertionError: Login Error message found - Incorrect IBMid or password. Please try again!
	at org.testng.Assert.fail(Assert.java:99)
	at com.pom.steps.login.LoginSteps.checkForLoginErrors_aroundBody8(LoginSteps.java:51)
	at com.pom.steps.login.LoginSteps$AjcClosure9.run(LoginSteps.java:1)
	at org.aspectj.runtime.reflect.JoinPointImpl.proceed(JoinPointImpl.java:167)
	at com.automacent.fwk.execution.StepAndActionCompiler.aroundStepCompilerAspect(StepAndActionCompiler.java:115)
	... 27 more
2021-Jul-05 14:57:59,450 [ERROR] TestNG-tests-1 com.automacent.fwk.reporting.ExecutionLogManager   : Execution skipped for BEFORE method verifyLaunchpadPage
com.automacent.fwk.exceptions.TestOrConfigurationSkipException: 
Configuration / Test Skipped
	at com.automacent.fwk.listeners.AutomacentListener.onConfigurationSkip(AutomacentListener.java:166)
	at org.testng.internal.TestListenerHelper.runPostConfigurationListeners(TestListenerHelper.java:39)
	at org.testng.internal.ConfigInvoker.runConfigurationListeners(ConfigInvoker.java:402)
	at org.testng.internal.ConfigInvoker.handleConfigurationSkip(ConfigInvoker.java:420)
	at org.testng.internal.ConfigInvoker.invokeConfigurations(ConfigInvoker.java:286)
	at org.testng.internal.TestMethodWorker.invokeBeforeClassMethods(TestMethodWorker.java:176)
	at org.testng.internal.TestMethodWorker.run(TestMethodWorker.java:122)
	at java.util.ArrayList.forEach(ArrayList.java:1259)
	at org.testng.TestRunner.privateRun(TestRunner.java:764)
	at org.testng.TestRunner.run(TestRunner.java:585)
	at org.testng.SuiteRunner.runTest(SuiteRunner.java:384)
	at org.testng.SuiteRunner.access$000(SuiteRunner.java:28)
	at org.testng.SuiteRunner$SuiteWorker.run(SuiteRunner.java:425)
	at org.testng.internal.thread.ThreadUtil.lambda$execute$0(ThreadUtil.java:66)
	at java.util.concurrent.FutureTask.run(FutureTask.java:266)
	at java.util.concurrent.ThreadPoolExecutor.runWorker(ThreadPoolExecutor.java:1149)
	at java.util.concurrent.ThreadPoolExecutor$Worker.run(ThreadPoolExecutor.java:624)
	at java.lang.Thread.run(Thread.java:748)
2021-Jul-05 14:57:59,605 [INFO ] TestNG-tests-2 com.mcmp.tests.LoginTest                           : logout
2021-Jul-05 14:57:59,605 [INFO ] TestNG-tests-2 com.mcmp.tests.LoginTest                           : logout completed successfully
2021-Jul-05 14:57:59,806 [ERROR] TestNG-tests-1 com.automacent.fwk.reporting.ExecutionLogManager   : Execution skipped for TEST method loginTest
com.automacent.fwk.exceptions.StepExecutionException: [@Step check for login errors] Login Error message found - Incorrect IBMid or password. Please try again!
	at com.automacent.fwk.execution.StepAndActionCompiler.aroundStepCompilerAspect(StepAndActionCompiler.java:119)
	at com.pom.steps.login.LoginSteps.checkForLoginErrors(LoginSteps.java:46)
	at com.mcmp.tests.LoginTest.login_aroundBody0(LoginTest.java:28)
	at com.mcmp.tests.LoginTest$AjcClosure1.run(LoginTest.java:1)
	at org.aspectj.runtime.reflect.JoinPointImpl.proceed(JoinPointImpl.java:167)
	at com.automacent.fwk.execution.TestNgCompiler.aroundBeforeCompilerAspect(TestNgCompiler.java:55)
	at com.mcmp.tests.LoginTest.login(LoginTest.java:25)
	at sun.reflect.NativeMethodAccessorImpl.invoke0(Native Method)
	at sun.reflect.NativeMethodAccessorImpl.invoke(NativeMethodAccessorImpl.java:62)
	at sun.reflect.DelegatingMethodAccessorImpl.invoke(DelegatingMethodAccessorImpl.java:43)
	at java.lang.reflect.Method.invoke(Method.java:498)
	at org.testng.internal.MethodInvocationHelper.invokeMethod(MethodInvocationHelper.java:132)
	at org.testng.internal.MethodInvocationHelper.invokeMethodConsideringTimeout(MethodInvocationHelper.java:61)
	at org.testng.internal.ConfigInvoker.invokeConfigurationMethod(ConfigInvoker.java:366)
	at org.testng.internal.ConfigInvoker.invokeConfigurations(ConfigInvoker.java:320)
	at org.testng.internal.TestMethodWorker.invokeBeforeClassMethods(TestMethodWorker.java:176)
	at org.testng.internal.TestMethodWorker.run(TestMethodWorker.java:122)
	at java.util.ArrayList.forEach(ArrayList.java:1259)
	at org.testng.TestRunner.privateRun(TestRunner.java:764)
	at org.testng.TestRunner.run(TestRunner.java:585)
	at org.testng.SuiteRunner.runTest(SuiteRunner.java:384)
	at org.testng.SuiteRunner.access$000(SuiteRunner.java:28)
	at org.testng.SuiteRunner$SuiteWorker.run(SuiteRunner.java:425)
	at org.testng.internal.thread.ThreadUtil.lambda$execute$0(ThreadUtil.java:66)
	at java.util.concurrent.FutureTask.run(FutureTask.java:266)
	at java.util.concurrent.ThreadPoolExecutor.runWorker(ThreadPoolExecutor.java:1149)
	at java.util.concurrent.ThreadPoolExecutor$Worker.run(ThreadPoolExecutor.java:624)
	at java.lang.Thread.run(Thread.java:748)
Caused by: java.lang.AssertionError: Login Error message found - Incorrect IBMid or password. Please try again!
	at org.testng.Assert.fail(Assert.java:99)
	at com.pom.steps.login.LoginSteps.checkForLoginErrors_aroundBody8(LoginSteps.java:51)
	at com.pom.steps.login.LoginSteps$AjcClosure9.run(LoginSteps.java:1)
	at org.aspectj.runtime.reflect.JoinPointImpl.proceed(JoinPointImpl.java:167)
	at com.automacent.fwk.execution.StepAndActionCompiler.aroundStepCompilerAspect(StepAndActionCompiler.java:115)
	... 27 more
2021-Jul-05 14:57:59,871 [INFO ] TestNG-tests-2 com.mcmp.tests.BaseTest                            : quit browser
2021-Jul-05 14:57:59,871 [INFO ] TestNG-tests-2 com.automacent.fwk.core.Driver                     :     Quiting driver ChromeDriver: chrome on WINDOWS (8e7218de6f04bc1bf2cf1accbe1dd710)
2021-Jul-05 14:58:00,263 [INFO ] TestNG-tests-1 com.mcmp.tests.LoginTest                           : logout
2021-Jul-05 14:58:00,263 [INFO ] TestNG-tests-1 com.mcmp.tests.LoginTest                           : logout completed successfully
2021-Jul-05 14:58:00,620 [ERROR] TestNG-tests-1 com.automacent.fwk.reporting.ExecutionLogManager   : Execution skipped for TEST method verifyAdditionalParameters
com.automacent.fwk.exceptions.StepExecutionException: [@Step check for login errors] Login Error message found - Incorrect IBMid or password. Please try again!
	at com.automacent.fwk.execution.StepAndActionCompiler.aroundStepCompilerAspect(StepAndActionCompiler.java:119)
	at com.pom.steps.login.LoginSteps.checkForLoginErrors(LoginSteps.java:46)
	at com.mcmp.tests.LoginTest.login_aroundBody0(LoginTest.java:28)
	at com.mcmp.tests.LoginTest$AjcClosure1.run(LoginTest.java:1)
	at org.aspectj.runtime.reflect.JoinPointImpl.proceed(JoinPointImpl.java:167)
	at com.automacent.fwk.execution.TestNgCompiler.aroundBeforeCompilerAspect(TestNgCompiler.java:55)
	at com.mcmp.tests.LoginTest.login(LoginTest.java:25)
	at sun.reflect.NativeMethodAccessorImpl.invoke0(Native Method)
	at sun.reflect.NativeMethodAccessorImpl.invoke(NativeMethodAccessorImpl.java:62)
	at sun.reflect.DelegatingMethodAccessorImpl.invoke(DelegatingMethodAccessorImpl.java:43)
	at java.lang.reflect.Method.invoke(Method.java:498)
	at org.testng.internal.MethodInvocationHelper.invokeMethod(MethodInvocationHelper.java:132)
	at org.testng.internal.MethodInvocationHelper.invokeMethodConsideringTimeout(MethodInvocationHelper.java:61)
	at org.testng.internal.ConfigInvoker.invokeConfigurationMethod(ConfigInvoker.java:366)
	at org.testng.internal.ConfigInvoker.invokeConfigurations(ConfigInvoker.java:320)
	at org.testng.internal.TestMethodWorker.invokeBeforeClassMethods(TestMethodWorker.java:176)
	at org.testng.internal.TestMethodWorker.run(TestMethodWorker.java:122)
	at java.util.ArrayList.forEach(ArrayList.java:1259)
	at org.testng.TestRunner.privateRun(TestRunner.java:764)
	at org.testng.TestRunner.run(TestRunner.java:585)
	at org.testng.SuiteRunner.runTest(SuiteRunner.java:384)
	at org.testng.SuiteRunner.access$000(SuiteRunner.java:28)
	at org.testng.SuiteRunner$SuiteWorker.run(SuiteRunner.java:425)
	at org.testng.internal.thread.ThreadUtil.lambda$execute$0(ThreadUtil.java:66)
	at java.util.concurrent.FutureTask.run(FutureTask.java:266)
	at java.util.concurrent.ThreadPoolExecutor.runWorker(ThreadPoolExecutor.java:1149)
	at java.util.concurrent.ThreadPoolExecutor$Worker.run(ThreadPoolExecutor.java:624)
	at java.lang.Thread.run(Thread.java:748)
Caused by: java.lang.AssertionError: Login Error message found - Incorrect IBMid or password. Please try again!
	at org.testng.Assert.fail(Assert.java:99)
	at com.pom.steps.login.LoginSteps.checkForLoginErrors_aroundBody8(LoginSteps.java:51)
	at com.pom.steps.login.LoginSteps$AjcClosure9.run(LoginSteps.java:1)
	at org.aspectj.runtime.reflect.JoinPointImpl.proceed(JoinPointImpl.java:167)
	at com.automacent.fwk.execution.StepAndActionCompiler.aroundStepCompilerAspect(StepAndActionCompiler.java:115)
	... 27 more
2021-Jul-05 14:58:00,978 [INFO ] TestNG-tests-1 com.mcmp.tests.LoginTest                           : logout
2021-Jul-05 14:58:00,979 [INFO ] TestNG-tests-1 com.mcmp.tests.LoginTest                           : logout completed successfully
2021-Jul-05 14:58:01,158 [INFO ] TestNG-tests-2 com.mcmp.tests.BaseTest                            : quit browser completed successfully
2021-Jul-05 14:58:01,177 [INFO ] TestNG-tests-2 com.automacent.fwk.reporting.ExecutionLogManager   : No Iterations run
2021-Jul-05 14:58:01,336 [ERROR] TestNG-tests-1 com.automacent.fwk.reporting.ExecutionLogManager   : Execution skipped for TEST method verifyMainParameters
com.automacent.fwk.exceptions.StepExecutionException: [@Step check for login errors] Login Error message found - Incorrect IBMid or password. Please try again!
	at com.automacent.fwk.execution.StepAndActionCompiler.aroundStepCompilerAspect(StepAndActionCompiler.java:119)
	at com.pom.steps.login.LoginSteps.checkForLoginErrors(LoginSteps.java:46)
	at com.mcmp.tests.LoginTest.login_aroundBody0(LoginTest.java:28)
	at com.mcmp.tests.LoginTest$AjcClosure1.run(LoginTest.java:1)
	at org.aspectj.runtime.reflect.JoinPointImpl.proceed(JoinPointImpl.java:167)
	at com.automacent.fwk.execution.TestNgCompiler.aroundBeforeCompilerAspect(TestNgCompiler.java:55)
	at com.mcmp.tests.LoginTest.login(LoginTest.java:25)
	at sun.reflect.NativeMethodAccessorImpl.invoke0(Native Method)
	at sun.reflect.NativeMethodAccessorImpl.invoke(NativeMethodAccessorImpl.java:62)
	at sun.reflect.DelegatingMethodAccessorImpl.invoke(DelegatingMethodAccessorImpl.java:43)
	at java.lang.reflect.Method.invoke(Method.java:498)
	at org.testng.internal.MethodInvocationHelper.invokeMethod(MethodInvocationHelper.java:132)
	at org.testng.internal.MethodInvocationHelper.invokeMethodConsideringTimeout(MethodInvocationHelper.java:61)
	at org.testng.internal.ConfigInvoker.invokeConfigurationMethod(ConfigInvoker.java:366)
	at org.testng.internal.ConfigInvoker.invokeConfigurations(ConfigInvoker.java:320)
	at org.testng.internal.TestMethodWorker.invokeBeforeClassMethods(TestMethodWorker.java:176)
	at org.testng.internal.TestMethodWorker.run(TestMethodWorker.java:122)
	at java.util.ArrayList.forEach(ArrayList.java:1259)
	at org.testng.TestRunner.privateRun(TestRunner.java:764)
	at org.testng.TestRunner.run(TestRunner.java:585)
	at org.testng.SuiteRunner.runTest(SuiteRunner.java:384)
	at org.testng.SuiteRunner.access$000(SuiteRunner.java:28)
	at org.testng.SuiteRunner$SuiteWorker.run(SuiteRunner.java:425)
	at org.testng.internal.thread.ThreadUtil.lambda$execute$0(ThreadUtil.java:66)
	at java.util.concurrent.FutureTask.run(FutureTask.java:266)
	at java.util.concurrent.ThreadPoolExecutor.runWorker(ThreadPoolExecutor.java:1149)
	at java.util.concurrent.ThreadPoolExecutor$Worker.run(ThreadPoolExecutor.java:624)
	at java.lang.Thread.run(Thread.java:748)
Caused by: java.lang.AssertionError: Login Error message found - Incorrect IBMid or password. Please try again!
	at org.testng.Assert.fail(Assert.java:99)
	at com.pom.steps.login.LoginSteps.checkForLoginErrors_aroundBody8(LoginSteps.java:51)
	at com.pom.steps.login.LoginSteps$AjcClosure9.run(LoginSteps.java:1)
	at org.aspectj.runtime.reflect.JoinPointImpl.proceed(JoinPointImpl.java:167)
	at com.automacent.fwk.execution.StepAndActionCompiler.aroundStepCompilerAspect(StepAndActionCompiler.java:115)
	... 27 more
2021-Jul-05 14:58:01,689 [INFO ] TestNG-tests-1 com.mcmp.tests.LoginTest                           : logout
2021-Jul-05 14:58:01,689 [INFO ] TestNG-tests-1 com.mcmp.tests.LoginTest                           : logout completed successfully
2021-Jul-05 14:58:02,047 [ERROR] TestNG-tests-1 com.automacent.fwk.reporting.ExecutionLogManager   : Execution skipped for AFTER method logoutFromApplication
com.automacent.fwk.exceptions.TestOrConfigurationSkipException: 
Configuration / Test Skipped
	at com.automacent.fwk.listeners.AutomacentListener.onConfigurationSkip(AutomacentListener.java:166)
	at org.testng.internal.TestListenerHelper.runPostConfigurationListeners(TestListenerHelper.java:39)
	at org.testng.internal.ConfigInvoker.runConfigurationListeners(ConfigInvoker.java:402)
	at org.testng.internal.ConfigInvoker.handleConfigurationSkip(ConfigInvoker.java:420)
	at org.testng.internal.ConfigInvoker.invokeConfigurations(ConfigInvoker.java:286)
	at org.testng.internal.TestMethodWorker.invokeAfterClassMethods(TestMethodWorker.java:217)
	at org.testng.internal.TestMethodWorker.run(TestMethodWorker.java:130)
	at java.util.ArrayList.forEach(ArrayList.java:1259)
	at org.testng.TestRunner.privateRun(TestRunner.java:764)
	at org.testng.TestRunner.run(TestRunner.java:585)
	at org.testng.SuiteRunner.runTest(SuiteRunner.java:384)
	at org.testng.SuiteRunner.access$000(SuiteRunner.java:28)
	at org.testng.SuiteRunner$SuiteWorker.run(SuiteRunner.java:425)
	at org.testng.internal.thread.ThreadUtil.lambda$execute$0(ThreadUtil.java:66)
	at java.util.concurrent.FutureTask.run(FutureTask.java:266)
	at java.util.concurrent.ThreadPoolExecutor.runWorker(ThreadPoolExecutor.java:1149)
	at java.util.concurrent.ThreadPoolExecutor$Worker.run(ThreadPoolExecutor.java:624)
	at java.lang.Thread.run(Thread.java:748)
2021-Jul-05 14:58:02,405 [INFO ] TestNG-tests-1 com.mcmp.tests.BaseTest                            : quit browser
2021-Jul-05 14:58:02,405 [INFO ] TestNG-tests-1 com.automacent.fwk.core.Driver                     :     Quiting driver ChromeDriver: chrome on WINDOWS (f39503c7179b440b543db40b68189061)
2021-Jul-05 14:58:03,146 [INFO ] TestNG-tests-1 com.mcmp.tests.BaseTest                            : quit browser completed successfully
2021-Jul-05 14:58:03,159 [INFO ] TestNG-tests-1 com.automacent.fwk.reporting.ExecutionLogManager   : No Iterations run
2021-Jul-05 14:58:03,332 [INFO ] main com.automacent.fwk.utils.FileUtils                 : Cleaning temp directory
2021-Jul-05 14:58:03,372 [WARN ] main com.automacent.fwk.utils.FileUtils                 : Error deleting temp files
2021-Jul-05 14:58:03,539 [WARN ] main com.automacent.fwk.utils.FileUtils                 : Error deleting temp files
