<?xml version="1.0" encoding="UTF-8"?>
<testsuite xmlns:xsi="http://www.w3.org/2001/XMLSchema-instance" xsi:schemaLocation="https://maven.apache.org/surefire/maven-surefire-plugin/xsd/surefire-test-report.xsd" name="TestSuite" time="33.26" tests="8" errors="0" skipped="6" failures="2">
  <properties>
    <property name="java.runtime.name" value="Java(TM) SE Runtime Environment"/>
    <property name="sun.boot.library.path" value="C:\Program Files\Java\jdk1.8.0_291\jre\bin"/>
    <property name="java.vm.version" value="25.291-b10"/>
    <property name="java.vm.vendor" value="Oracle Corporation"/>
    <property name="maven.multiModuleProjectDirectory" value="C:\Users\RamaBisht\java-selenium-poc\automacent-fwk-core"/>
    <property name="java.vendor.url" value="http://java.oracle.com/"/>
    <property name="path.separator" value=";"/>
    <property name="guice.disable.misplaced.annotation.check" value="true"/>
    <property name="java.vm.name" value="Java HotSpot(TM) 64-Bit Server VM"/>
    <property name="file.encoding.pkg" value="sun.io"/>
    <property name="user.script" value=""/>
    <property name="user.country" value="IN"/>
    <property name="sun.java.launcher" value="SUN_STANDARD"/>
    <property name="sun.os.patch.level" value=""/>
    <property name="java.vm.specification.name" value="Java Virtual Machine Specification"/>
    <property name="user.dir" value="C:\Users\RamaBisht\java-selenium-poc\automacent-fwk-core"/>
    <property name="java.runtime.version" value="1.8.0_291-b10"/>
    <property name="java.awt.graphicsenv" value="sun.awt.Win32GraphicsEnvironment"/>
    <property name="java.endorsed.dirs" value="C:\Program Files\Java\jdk1.8.0_291\jre\lib\endorsed"/>
    <property name="os.arch" value="amd64"/>
    <property name="java.io.tmpdir" value="C:\Users\RAMABI~1\AppData\Local\Temp\"/>
    <property name="line.separator" value="&#10;"/>
    <property name="java.vm.specification.vendor" value="Oracle Corporation"/>
    <property name="user.variant" value=""/>
    <property name="os.name" value="Windows 10"/>
    <property name="classworlds.conf" value="C:\Users\RamaBisht\Documents\apache-maven-3.8.1\bin\..\bin\m2.conf"/>
    <property name="sun.jnu.encoding" value="Cp1252"/>
    <property name="java.library.path" value="C:\Program Files\Java\jdk1.8.0_291\bin;C:\windows\Sun\Java\bin;C:\windows\system32;C:\windows;C:\Python39\Scripts\;C:\Python39\;C:\Program Files (x86)\Common Files\Oracle\Java\javapath;C:\windows\system32;C:\windows;C:\windows\System32\Wbem;C:\windows\System32\WindowsPowerShell\v1.0\;C:\windows\System32\OpenSSH\;C:\Program Files\nodejs\;C:\ProgramData\chocolatey\bin;C:\Program Files\Git\cmd;C:\Users\RamaBisht\Documents\apache-maven-3.8.1\bin;C:\Users\RamaBisht\AppData\Local\Microsoft\WindowsApps;C:\Users\RamaBisht\AppData\Roaming\npm;C:\Users\RamaBisht\AppData\Local\Programs\Microsoft VS Code\bin;."/>
    <property name="maven.conf" value="C:\Users\RamaBisht\Documents\apache-maven-3.8.1\bin\../conf"/>
    <property name="java.specification.name" value="Java Platform API Specification"/>
    <property name="java.class.version" value="52.0"/>
    <property name="sun.management.compiler" value="HotSpot 64-Bit Tiered Compilers"/>
    <property name="os.version" value="10.0"/>
    <property name="library.jansi.path" value="C:\Users\RamaBisht\Documents\apache-maven-3.8.1\bin\..\lib\jansi-native"/>
    <property name="user.home" value="C:\Users\RamaBisht"/>
    <property name="user.timezone" value="Asia/Calcutta"/>
    <property name="java.awt.printerjob" value="sun.awt.windows.WPrinterJob"/>
    <property name="java.specification.version" value="1.8"/>
    <property name="file.encoding" value="Cp1252"/>
    <property name="user.name" value="0010HW744"/>
    <property name="java.class.path" value="C:\Users\RamaBisht\Documents\apache-maven-3.8.1\bin\..\boot\plexus-classworlds-2.6.0.jar"/>
    <property name="java.vm.specification.version" value="1.8"/>
    <property name="sun.arch.data.model" value="64"/>
    <property name="java.home" value="C:\Program Files\Java\jdk1.8.0_291\jre"/>
    <property name="sun.java.command" value="org.codehaus.plexus.classworlds.launcher.Launcher clean install"/>
    <property name="java.specification.vendor" value="Oracle Corporation"/>
    <property name="user.language" value="en"/>
    <property name="awt.toolkit" value="sun.awt.windows.WToolkit"/>
    <property name="java.vm.info" value="mixed mode"/>
    <property name="java.version" value="1.8.0_291"/>
    <property name="java.ext.dirs" value="C:\Program Files\Java\jdk1.8.0_291\jre\lib\ext;C:\windows\Sun\Java\lib\ext"/>
    <property name="sun.boot.class.path" value="C:\Program Files\Java\jdk1.8.0_291\jre\lib\resources.jar;C:\Program Files\Java\jdk1.8.0_291\jre\lib\rt.jar;C:\Program Files\Java\jdk1.8.0_291\jre\lib\sunrsasign.jar;C:\Program Files\Java\jdk1.8.0_291\jre\lib\jsse.jar;C:\Program Files\Java\jdk1.8.0_291\jre\lib\jce.jar;C:\Program Files\Java\jdk1.8.0_291\jre\lib\charsets.jar;C:\Program Files\Java\jdk1.8.0_291\jre\lib\jfr.jar;C:\Program Files\Java\jdk1.8.0_291\jre\classes"/>
    <property name="sun.stderr.encoding" value="cp437"/>
    <property name="java.vendor" value="Oracle Corporation"/>
    <property name="maven.home" value="C:\Users\RamaBisht\Documents\apache-maven-3.8.1\bin\.."/>
    <property name="file.separator" value="\"/>
    <property name="java.vendor.url.bug" value="http://bugreport.sun.com/bugreport/"/>
    <property name="sun.cpu.endian" value="little"/>
    <property name="sun.io.unicode.encoding" value="UnicodeLittle"/>
    <property name="sun.stdout.encoding" value="cp437"/>
    <property name="sun.desktop" value="windows"/>
    <property name="sun.cpu.isalist" value="amd64"/>
  </properties>
  <testcase name="login" classname="com.mcmp.tests.LoginTest" time="28.771">
    <failure message="[@Step check for login errors] Login Error message found - Incorrect IBMid or password. Please try again!" type="com.automacent.fwk.exceptions.StepExecutionException">com.automacent.fwk.exceptions.StepExecutionException: [@Step check for login errors] Login Error message found - Incorrect IBMid or password. Please try again!
	at com.mcmp.tests.LoginTest.login_aroundBody0(LoginTest.java:28)
	at com.mcmp.tests.LoginTest.login(LoginTest.java:25)
Caused by: java.lang.AssertionError: Login Error message found - Incorrect IBMid or password. Please try again!
	at com.mcmp.tests.LoginTest.login_aroundBody0(LoginTest.java:28)
	at com.mcmp.tests.LoginTest.login(LoginTest.java:25)
</failure>
    <system-out><![CDATA[2021-Jul-05 14:57:31,457 [INFO ] main : Cleaning temp directory
2021-Jul-05 14:57:31,507 [INFO ] main : Screen resolution is 1280x720
2021-Jul-05 14:57:31,575 [WARN ] main : Error deleting temp files
2021-Jul-05 14:57:31,740 [WARN ] main : Error deleting temp files
2021-Jul-05 14:57:31,915 [INFO ] main : Setup default framework parameters completed
2021-Jul-05 14:57:31,949 [INFO ] main : automacent internal set launcher clients (, , )
2021-Jul-05 14:57:31,953 [INFO ] main :   New instance of Launcher client manager created
2021-Jul-05 14:57:31,954 [WARN ] main :     No Launcher clients specified. Launcher clients service will be disabled
2021-Jul-05 14:57:31,955 [INFO ] main : automacent internal set launcher clients completed successfully
2021-Jul-05 14:57:31,961 [INFO ] main : automacent internal set driver parameters (, , , 900, 900, 300)
2021-Jul-05 14:57:31,963 [INFO ] main :     Setting up default driver
2021-Jul-05 14:57:31,964 [INFO ] main :     No custom ieDriverLocation provided. Will use default
2021-Jul-05 14:57:31,964 [INFO ] main :     No custom chromeDriverLocation provided. Will use default
2021-Jul-05 14:57:31,964 [INFO ] main :     No custom geckoDriverLocation provided. Will use default
2021-Jul-05 14:57:31,965 [INFO ] main :     scriptTimeoutInSeconds set to 900
2021-Jul-05 14:57:31,965 [INFO ] main :     pageLoadTimeoutInSeconds set to 900
2021-Jul-05 14:57:31,965 [INFO ] main :     socketTimeoutInSeconds set to 300
2021-Jul-05 14:57:31,966 [INFO ] main : automacent internal set driver parameters completed successfully
2021-Jul-05 14:57:31,970 [INFO ] TestNG-tests-2 : ----------------- Starting XML Test -------------------
2021-Jul-05 14:57:31,970 [INFO ] TestNG-tests-1 : ----------------- Starting XML Test -------------------
2021-Jul-05 14:57:31,970 [INFO ] TestNG-tests-2 : XML Test    : com.mcmp.tests.LoginTest
2021-Jul-05 14:57:31,971 [INFO ] TestNG-tests-1 : XML Test    : com.mcmp.tests.orderIntegration.vra.e2e.e2eCentOS77CompositeVRA82
2021-Jul-05 14:57:31,973 [INFO ] TestNG-tests-2 : Thread Name : TestNG-tests-2
2021-Jul-05 14:57:31,973 [INFO ] TestNG-tests-1 : Thread Name : TestNG-tests-1
2021-Jul-05 14:57:31,974 [INFO ] TestNG-tests-2 : Thread ID : 19
2021-Jul-05 14:57:31,974 [INFO ] TestNG-tests-1 : Thread ID : 18
2021-Jul-05 14:57:31,974 [INFO ] TestNG-tests-2 : -------------------------------------------------------
2021-Jul-05 14:57:31,975 [INFO ] TestNG-tests-1 : -------------------------------------------------------
2021-Jul-05 14:57:31,996 [INFO ] TestNG-tests-1 : automacent internal set parameters (OFF, 0, 0, 0, 10, 0, ON, , org.testng.TestRunner@359810b2)
2021-Jul-05 14:57:31,996 [INFO ] TestNG-tests-2 : automacent internal set parameters (OFF, 0, 0, 0, 10, 0, ON, , org.testng.TestRunner@1f518e29)
2021-Jul-05 14:57:31,997 [INFO ] TestNG-tests-1 :     Constructing Test Object for threadId 18
2021-Jul-05 14:57:31,998 [INFO ] TestNG-tests-1 :     Setting test context org.testng.TestRunner@359810b2
2021-Jul-05 14:57:31,998 [INFO ] TestNG-tests-2 :     Constructing Test Object for threadId 19
2021-Jul-05 14:57:31,998 [INFO ] TestNG-tests-1 :     testName set to com.mcmp.tests.orderIntegration.vra.e2e.e2eCentOS77CompositeVRA82
2021-Jul-05 14:57:31,999 [INFO ] TestNG-tests-2 :     Setting test context org.testng.TestRunner@1f518e29
2021-Jul-05 14:57:31,999 [INFO ] TestNG-tests-1 :     repeatMode set to OFF
2021-Jul-05 14:57:31,999 [INFO ] TestNG-tests-2 :     testName set to com.mcmp.tests.LoginTest
2021-Jul-05 14:57:31,999 [INFO ] TestNG-tests-1 :     testDurationInSeconds set to 0
2021-Jul-05 14:57:32,000 [INFO ] TestNG-tests-2 :     repeatMode set to OFF
2021-Jul-05 14:57:32,000 [INFO ] TestNG-tests-1 :     invocationCount set to 0
2021-Jul-05 14:57:32,000 [INFO ] TestNG-tests-2 :     testDurationInSeconds set to 0
2021-Jul-05 14:57:32,000 [INFO ] TestNG-tests-1 :     delayBetweenIterationInSeconds set to 0
2021-Jul-05 14:57:32,000 [INFO ] TestNG-tests-2 :     invocationCount set to 0
2021-Jul-05 14:57:32,001 [INFO ] TestNG-tests-1 :     timeoutInSeconds set to 10
2021-Jul-05 14:57:32,001 [INFO ] TestNG-tests-2 :     delayBetweenIterationInSeconds set to 0
2021-Jul-05 14:57:32,001 [INFO ] TestNG-tests-1 :     slowdownDurationInSeconds set to 0
2021-Jul-05 14:57:32,001 [INFO ] TestNG-tests-2 :     timeoutInSeconds set to 10
2021-Jul-05 14:57:32,002 [INFO ] TestNG-tests-1 :     retryMode set to ON
2021-Jul-05 14:57:32,002 [INFO ] TestNG-tests-2 :     slowdownDurationInSeconds set to 0
2021-Jul-05 14:57:32,002 [INFO ] TestNG-tests-2 :     retryMode set to ON
2021-Jul-05 14:57:32,005 [INFO ] TestNG-tests-1 :     No Recovery classes specified
2021-Jul-05 14:57:32,005 [INFO ] TestNG-tests-2 :     No Recovery classes specified
2021-Jul-05 14:57:32,006 [INFO ] TestNG-tests-1 : automacent internal set parameters completed successfully
2021-Jul-05 14:57:32,006 [INFO ] TestNG-tests-2 : automacent internal set parameters completed successfully
2021-Jul-05 14:57:32,009 [INFO ] TestNG-tests-1 : automacent internal set web test parameters (Google Chrome, , BROWSER_SCREENSHOT, AFTER_ACTION, LAST_ITERATION, https://mcmp-stagedal-master-autoui.mul... 14 more chars ..., org.testng.TestRunner@359810b2)
2021-Jul-05 14:57:32,009 [INFO ] TestNG-tests-2 : automacent internal set web test parameters (Google Chrome, , BROWSER_SCREENSHOT, AFTER_ACTION, LAST_ITERATION, https://mcmp-stagedal-master-autoui.mul... 14 more chars ..., org.testng.TestRunner@1f518e29)
2021-Jul-05 14:57:32,011 [INFO ] TestNG-tests-1 :     Browser set to Google Chrome
2021-Jul-05 14:57:32,012 [INFO ] TestNG-tests-1 :     screenshotType set to BROWSER_SCREENSHOT
2021-Jul-05 14:57:32,011 [INFO ] TestNG-tests-2 :     Browser set to Google Chrome
2021-Jul-05 14:57:32,013 [INFO ] TestNG-tests-2 :     screenshotType set to BROWSER_SCREENSHOT
2021-Jul-05 14:57:32,015 [INFO ] TestNG-tests-1 :     screenshotModes set to [AFTER_ACTION, ON_FAILURE]
2021-Jul-05 14:57:32,015 [INFO ] TestNG-tests-2 :     screenshotModes set to [AFTER_ACTION, ON_FAILURE]
2021-Jul-05 14:57:32,016 [INFO ] TestNG-tests-1 :     screenshotModeForIteration set to LAST_ITERATION
2021-Jul-05 14:57:32,016 [INFO ] TestNG-tests-2 :     screenshotModeForIteration set to LAST_ITERATION
2021-Jul-05 14:57:32,017 [INFO ] TestNG-tests-1 : automacent internal set web test parameters completed successfully
2021-Jul-05 14:57:32,017 [INFO ] TestNG-tests-2 : automacent internal set web test parameters completed successfully
2021-Jul-05 14:57:32,020 [INFO ] TestNG-tests-2 : ------------------ Execution Order --------------------
2021-Jul-05 14:57:32,020 [INFO ] TestNG-tests-1 : ------------------ Execution Order --------------------
2021-Jul-05 14:57:32,021 [INFO ] TestNG-tests-2 : XML Test  : com.mcmp.tests.LoginTest
2021-Jul-05 14:57:32,021 [INFO ] TestNG-tests-1 : XML Test  : com.mcmp.tests.orderIntegration.vra.e2e.e2eCentOS77CompositeVRA82
2021-Jul-05 14:57:32,021 [INFO ] TestNG-tests-2 : @Test     : com.mcmp.tests.LoginTest.loginTest
2021-Jul-05 14:57:32,021 [INFO ] TestNG-tests-1 : @Test     : com.mcmp.tests.LoginTest.loginTest
2021-Jul-05 14:57:32,021 [INFO ] TestNG-tests-2 : -------------------------------------------------------
2021-Jul-05 14:57:32,022 [INFO ] TestNG-tests-1 : @Test     : com.mcmp.tests.orderIntegration.vra.e2e.e2eCentOS77CompositeVRA82.verifyAdditionalParameters
2021-Jul-05 14:57:32,022 [INFO ] TestNG-tests-1 : @Test     : com.mcmp.tests.orderIntegration.vra.e2e.e2eCentOS77CompositeVRA82.verifyMainParameters
2021-Jul-05 14:57:32,022 [INFO ] TestNG-tests-1 : -------------------------------------------------------
2021-Jul-05 14:57:32,036 [INFO ] TestNG-tests-1 : automacent internal set parameters (OFF, 0, 0, 0, 10, 0, ON, , org.testng.TestRunner@359810b2)
2021-Jul-05 14:57:32,036 [INFO ] TestNG-tests-2 : automacent internal set parameters (OFF, 0, 0, 0, 10, 0, ON, , org.testng.TestRunner@1f518e29)
2021-Jul-05 14:57:32,037 [INFO ] TestNG-tests-1 :     Setting test context org.testng.TestRunner@359810b2
2021-Jul-05 14:57:32,037 [INFO ] TestNG-tests-2 :     Setting test context org.testng.TestRunner@1f518e29
2021-Jul-05 14:57:32,037 [INFO ] TestNG-tests-1 :     testName set to com.mcmp.tests.orderIntegration.vra.e2e.e2eCentOS77CompositeVRA82
2021-Jul-05 14:57:32,037 [INFO ] TestNG-tests-2 :     testName set to com.mcmp.tests.LoginTest
2021-Jul-05 14:57:32,037 [INFO ] TestNG-tests-1 :     repeatMode set to OFF
2021-Jul-05 14:57:32,038 [INFO ] TestNG-tests-2 :     repeatMode set to OFF
2021-Jul-05 14:57:32,038 [INFO ] TestNG-tests-1 :     testDurationInSeconds set to 0
2021-Jul-05 14:57:32,038 [INFO ] TestNG-tests-2 :     testDurationInSeconds set to 0
2021-Jul-05 14:57:32,038 [INFO ] TestNG-tests-1 :     invocationCount set to 0
2021-Jul-05 14:57:32,038 [INFO ] TestNG-tests-2 :     invocationCount set to 0
2021-Jul-05 14:57:32,038 [INFO ] TestNG-tests-1 :     delayBetweenIterationInSeconds set to 0
2021-Jul-05 14:57:32,039 [INFO ] TestNG-tests-2 :     delayBetweenIterationInSeconds set to 0
2021-Jul-05 14:57:32,039 [INFO ] TestNG-tests-1 :     timeoutInSeconds set to 10
2021-Jul-05 14:57:32,039 [INFO ] TestNG-tests-2 :     timeoutInSeconds set to 10
2021-Jul-05 14:57:32,039 [INFO ] TestNG-tests-1 :     slowdownDurationInSeconds set to 0
2021-Jul-05 14:57:32,039 [INFO ] TestNG-tests-2 :     slowdownDurationInSeconds set to 0
2021-Jul-05 14:57:32,039 [INFO ] TestNG-tests-1 :     retryMode set to ON
2021-Jul-05 14:57:32,040 [INFO ] TestNG-tests-2 :     retryMode set to ON
2021-Jul-05 14:57:32,040 [INFO ] TestNG-tests-1 :     No Recovery classes specified
2021-Jul-05 14:57:32,040 [INFO ] TestNG-tests-2 :     No Recovery classes specified
2021-Jul-05 14:57:32,040 [INFO ] TestNG-tests-1 : automacent internal set parameters completed successfully
2021-Jul-05 14:57:32,040 [INFO ] TestNG-tests-2 : automacent internal set parameters completed successfully
2021-Jul-05 14:57:32,043 [INFO ] TestNG-tests-1 : setup browser and load url
2021-Jul-05 14:57:32,043 [INFO ] TestNG-tests-2 : setup browser and load url
2021-Jul-05 14:57:32,044 [INFO ] TestNG-tests-2 :     Cloning Default Driver
2021-Jul-05 14:57:32,044 [INFO ] TestNG-tests-1 :     Cloning Default Driver
2021-Jul-05 14:57:32,044 [INFO ] TestNG-tests-2 :     No custom ieDriverLocation provided. Will use default
2021-Jul-05 14:57:32,044 [INFO ] TestNG-tests-1 :     No custom ieDriverLocation provided. Will use default
2021-Jul-05 14:57:32,044 [INFO ] TestNG-tests-2 :     No custom chromeDriverLocation provided. Will use default
2021-Jul-05 14:57:32,045 [INFO ] TestNG-tests-1 :     No custom chromeDriverLocation provided. Will use default
2021-Jul-05 14:57:32,045 [INFO ] TestNG-tests-2 :     No custom geckoDriverLocation provided. Will use default
2021-Jul-05 14:57:32,045 [INFO ] TestNG-tests-1 :     No custom geckoDriverLocation provided. Will use default
2021-Jul-05 14:57:32,045 [INFO ] TestNG-tests-2 :     scriptTimeoutInSeconds set to 900
2021-Jul-05 14:57:32,045 [INFO ] TestNG-tests-1 :     scriptTimeoutInSeconds set to 900
2021-Jul-05 14:57:32,046 [INFO ] TestNG-tests-2 :     pageLoadTimeoutInSeconds set to 900
2021-Jul-05 14:57:32,046 [INFO ] TestNG-tests-1 :     pageLoadTimeoutInSeconds set to 900
2021-Jul-05 14:57:32,046 [INFO ] TestNG-tests-2 :     socketTimeoutInSeconds set to 300
2021-Jul-05 14:57:32,047 [INFO ] TestNG-tests-1 :     socketTimeoutInSeconds set to 300
2021-Jul-05 14:57:32,768 [INFO ] TestNG-tests-2 :     Using chromeDriver from framework
2021-Jul-05 14:57:32,781 [INFO ] TestNG-tests-1 :     Using chromeDriver from framework
2021-Jul-05 14:57:34,840 [INFO ] TestNG-tests-2 :     Page Load timeout set to 900 seconds
2021-Jul-05 14:57:34,909 [INFO ] TestNG-tests-2 :     Implicit wait set on driver to 10 seconds
2021-Jul-05 14:57:34,923 [INFO ] TestNG-tests-2 :     Script timeout set on driver to 900 seconds
2021-Jul-05 14:57:35,102 [INFO ] TestNG-tests-1 :     Page Load timeout set to 900 seconds
2021-Jul-05 14:57:35,123 [INFO ] TestNG-tests-1 :     Implicit wait set on driver to 10 seconds
2021-Jul-05 14:57:35,155 [INFO ] TestNG-tests-1 :     Script timeout set on driver to 900 seconds
2021-Jul-05 14:57:35,185 [INFO ] TestNG-tests-2 :     Cookies deleted
2021-Jul-05 14:57:35,504 [INFO ] TestNG-tests-1 :     Cookies deleted
2021-Jul-05 14:57:43,372 [INFO ] TestNG-tests-2 : setup browser and load url completed successfully
2021-Jul-05 14:57:43,391 [INFO ] TestNG-tests-1 : setup browser and load url completed successfully
2021-Jul-05 14:57:43,865 [INFO ] TestNG-tests-2 : login (uiautomcmpuser@outlook.com, Automcmpuser@000)
2021-Jul-05 14:57:43,872 [INFO ] TestNG-tests-2 :       confirm login page is loaded
2021-Jul-05 14:57:43,875 [INFO ] TestNG-tests-2 :           validate login page is loaded
2021-Jul-05 14:57:43,876 [INFO ] TestNG-tests-2 :               is user name field found?
2021-Jul-05 14:57:43,917 [INFO ] TestNG-tests-2 :                   proxy element located (webelement)
2021-Jul-05 14:57:44,093 [INFO ] TestNG-tests-1 : login (uiautomcmpuser@outlook.com, Automcmpuser@000)
2021-Jul-05 14:57:44,094 [INFO ] TestNG-tests-1 :       confirm login page is loaded
2021-Jul-05 14:57:44,095 [INFO ] TestNG-tests-1 :           validate login page is loaded
2021-Jul-05 14:57:44,096 [INFO ] TestNG-tests-1 :               is user name field found?
2021-Jul-05 14:57:44,103 [INFO ] TestNG-tests-1 :                   proxy element located (webelement)
2021-Jul-05 14:57:44,175 [INFO ] TestNG-tests-2 :                   Is Screenshot taken true
2021-Jul-05 14:57:44,324 [INFO ] TestNG-tests-1 :                   Is Screenshot taken true
2021-Jul-05 14:57:44,329 [INFO ] TestNG-tests-2 :               is user name field found? true
2021-Jul-05 14:57:44,447 [INFO ] TestNG-tests-1 :               is user name field found? true
2021-Jul-05 14:57:44,537 [INFO ] TestNG-tests-2 :               Is Screenshot taken true
2021-Jul-05 14:57:44,541 [INFO ] TestNG-tests-2 :               is continue button found?
2021-Jul-05 14:57:44,553 [INFO ] TestNG-tests-2 :                   proxy element located (webelement)
2021-Jul-05 14:57:44,694 [INFO ] TestNG-tests-1 :               Is Screenshot taken true
2021-Jul-05 14:57:44,694 [INFO ] TestNG-tests-1 :               is continue button found?
2021-Jul-05 14:57:44,707 [INFO ] TestNG-tests-1 :                   proxy element located (webelement)
2021-Jul-05 14:57:44,796 [INFO ] TestNG-tests-2 :                   Is Screenshot taken true
2021-Jul-05 14:57:44,936 [INFO ] TestNG-tests-1 :                   Is Screenshot taken true
2021-Jul-05 14:57:44,944 [INFO ] TestNG-tests-2 :               is continue button found? true
2021-Jul-05 14:57:45,067 [INFO ] TestNG-tests-1 :               is continue button found? true
2021-Jul-05 14:57:45,188 [INFO ] TestNG-tests-2 :               Is Screenshot taken true
2021-Jul-05 14:57:45,189 [INFO ] TestNG-tests-2 :       perform login (uiautomcmpuser@outlook.com, Automcmpuser@000)
2021-Jul-05 14:57:45,189 [INFO ] TestNG-tests-2 :           enter user name (uiautomcmpuser@outlook.com)
2021-Jul-05 14:57:45,269 [INFO ] TestNG-tests-1 :               Is Screenshot taken true
2021-Jul-05 14:57:45,270 [INFO ] TestNG-tests-1 :       perform login (uiautomcmpuser@outlook.com, Automcmpuser@000)
2021-Jul-05 14:57:45,270 [INFO ] TestNG-tests-1 :           enter user name (uiautomcmpuser@outlook.com)
2021-Jul-05 14:57:45,572 [INFO ] TestNG-tests-2 :           Is Screenshot taken true
2021-Jul-05 14:57:45,572 [INFO ] TestNG-tests-2 :           validate user name credentials (uiautomcmpuser@outlook.com)
2021-Jul-05 14:57:45,573 [INFO ] TestNG-tests-2 :               get user name
2021-Jul-05 14:57:45,652 [INFO ] TestNG-tests-1 :           Is Screenshot taken true
2021-Jul-05 14:57:45,653 [INFO ] TestNG-tests-1 :           validate user name credentials (uiautomcmpuser@outlook.com)
2021-Jul-05 14:57:45,654 [INFO ] TestNG-tests-1 :               get user name
2021-Jul-05 14:57:45,786 [INFO ] TestNG-tests-2 :               Is Screenshot taken true
2021-Jul-05 14:57:45,787 [INFO ] TestNG-tests-2 :           click continue button
2021-Jul-05 14:57:45,849 [INFO ] TestNG-tests-1 :               Is Screenshot taken true
2021-Jul-05 14:57:45,850 [INFO ] TestNG-tests-1 :           click continue button
2021-Jul-05 14:57:46,075 [INFO ] TestNG-tests-2 :           Is Screenshot taken true
2021-Jul-05 14:57:46,076 [INFO ] TestNG-tests-2 :           enter password (Automcmpuser@000)
2021-Jul-05 14:57:46,169 [INFO ] TestNG-tests-1 :           Is Screenshot taken true
2021-Jul-05 14:57:46,169 [INFO ] TestNG-tests-1 :           enter password (Automcmpuser@000)
2021-Jul-05 14:57:46,519 [INFO ] TestNG-tests-2 :           Is Screenshot taken true
2021-Jul-05 14:57:46,519 [INFO ] TestNG-tests-2 :           validate password credentials (Automcmpuser@000)
2021-Jul-05 14:57:46,519 [INFO ] TestNG-tests-2 :               get password
2021-Jul-05 14:57:46,595 [INFO ] TestNG-tests-1 :           Is Screenshot taken true
2021-Jul-05 14:57:46,596 [INFO ] TestNG-tests-1 :           validate password credentials (Automcmpuser@000)
2021-Jul-05 14:57:46,597 [INFO ] TestNG-tests-1 :               get password
2021-Jul-05 14:57:46,708 [INFO ] TestNG-tests-2 :               Is Screenshot taken true
2021-Jul-05 14:57:46,709 [INFO ] TestNG-tests-2 :           click login button
2021-Jul-05 14:57:46,796 [INFO ] TestNG-tests-1 :               Is Screenshot taken true
2021-Jul-05 14:57:46,798 [INFO ] TestNG-tests-1 :           click login button
2021-Jul-05 14:57:47,753 [INFO ] TestNG-tests-2 :           Is Screenshot taken true
2021-Jul-05 14:57:47,753 [INFO ] TestNG-tests-2 :       check for login errors
2021-Jul-05 14:57:47,754 [INFO ] TestNG-tests-2 :           is login error found?
2021-Jul-05 14:57:47,765 [INFO ] TestNG-tests-2 :               proxy element located (webelement)
2021-Jul-05 14:57:47,942 [INFO ] TestNG-tests-1 :           Is Screenshot taken true
2021-Jul-05 14:57:47,942 [INFO ] TestNG-tests-1 :       check for login errors
2021-Jul-05 14:57:47,942 [INFO ] TestNG-tests-1 :           is login error found?
2021-Jul-05 14:57:47,954 [INFO ] TestNG-tests-1 :               proxy element located (webelement)
2021-Jul-05 14:57:47,968 [INFO ] TestNG-tests-2 :               Is Screenshot taken true
2021-Jul-05 14:57:48,081 [INFO ] TestNG-tests-2 :           Stale Element Reference Exception occurred
2021-Jul-05 14:57:48,142 [INFO ] TestNG-tests-1 :               Is Screenshot taken true
2021-Jul-05 14:57:48,222 [INFO ] TestNG-tests-1 :           Stale Element Reference Exception occurred
2021-Jul-05 14:57:58,089 [INFO ] TestNG-tests-2 :           Attempting to re-initialize page object
2021-Jul-05 14:57:58,231 [INFO ] TestNG-tests-1 :           Attempting to re-initialize page object
2021-Jul-05 14:57:58,251 [INFO ] TestNG-tests-2 :           Reinitialized page object
2021-Jul-05 14:57:58,251 [INFO ] TestNG-tests-2 :           Retrying action
2021-Jul-05 14:57:58,262 [INFO ] TestNG-tests-2 :               proxy element located (webelement)
2021-Jul-05 14:57:58,376 [INFO ] TestNG-tests-1 :           Reinitialized page object
2021-Jul-05 14:57:58,376 [INFO ] TestNG-tests-1 :           Retrying action
2021-Jul-05 14:57:58,389 [INFO ] TestNG-tests-1 :               proxy element located (webelement)
2021-Jul-05 14:57:58,422 [INFO ] TestNG-tests-2 :               Is Screenshot taken true
2021-Jul-05 14:57:58,482 [INFO ] TestNG-tests-2 :           is login error found? true
2021-Jul-05 14:57:58,544 [INFO ] TestNG-tests-1 :               Is Screenshot taken true
2021-Jul-05 14:57:58,607 [INFO ] TestNG-tests-1 :           is login error found? true
2021-Jul-05 14:57:58,618 [INFO ] TestNG-tests-2 :           Is Screenshot taken true
2021-Jul-05 14:57:58,619 [INFO ] TestNG-tests-2 :           get login error message
2021-Jul-05 14:57:58,733 [INFO ] TestNG-tests-1 :           Is Screenshot taken true
2021-Jul-05 14:57:58,733 [INFO ] TestNG-tests-1 :           get login error message
2021-Jul-05 14:57:58,791 [INFO ] TestNG-tests-2 :           Is Screenshot taken true
2021-Jul-05 14:57:58,792 [ERROR] TestNG-tests-2 :   login failed
com.automacent.fwk.exceptions.StepExecutionException: [@Step check for login errors] Login Error message found - Incorrect IBMid or password. Please try again!
	at com.automacent.fwk.execution.StepAndActionCompiler.aroundStepCompilerAspect(StepAndActionCompiler.java:119)
	at com.pom.steps.login.LoginSteps.checkForLoginErrors(LoginSteps.java:46)
	at com.mcmp.tests.LoginTest.login_aroundBody0(LoginTest.java:28)
	at com.mcmp.tests.LoginTest$AjcClosure1.run(LoginTest.java:1)
	at org.aspectj.runtime.reflect.JoinPointImpl.proceed(JoinPointImpl.java:167)
	at com.automacent.fwk.execution.TestNgCompiler.aroundBeforeCompilerAspect(TestNgCompiler.java:55)
	at com.mcmp.tests.LoginTest.login(LoginTest.java:25)
	at sun.reflect.NativeMethodAccessorImpl.invoke0(Native Method)
	at sun.reflect.NativeMethodAccessorImpl.invoke(NativeMethodAccessorImpl.java:62)
	at sun.reflect.DelegatingMethodAccessorImpl.invoke(DelegatingMethodAccessorImpl.java:43)
	at java.lang.reflect.Method.invoke(Method.java:498)
	at org.testng.internal.MethodInvocationHelper.invokeMethod(MethodInvocationHelper.java:132)
	at org.testng.internal.MethodInvocationHelper.invokeMethodConsideringTimeout(MethodInvocationHelper.java:61)
	at org.testng.internal.ConfigInvoker.invokeConfigurationMethod(ConfigInvoker.java:366)
	at org.testng.internal.ConfigInvoker.invokeConfigurations(ConfigInvoker.java:320)
	at org.testng.internal.TestMethodWorker.invokeBeforeClassMethods(TestMethodWorker.java:176)
	at org.testng.internal.TestMethodWorker.run(TestMethodWorker.java:122)
	at java.util.ArrayList.forEach(ArrayList.java:1259)
	at org.testng.TestRunner.privateRun(TestRunner.java:764)
	at org.testng.TestRunner.run(TestRunner.java:585)
	at org.testng.SuiteRunner.runTest(SuiteRunner.java:384)
	at org.testng.SuiteRunner.access$000(SuiteRunner.java:28)
	at org.testng.SuiteRunner$SuiteWorker.run(SuiteRunner.java:425)
	at org.testng.internal.thread.ThreadUtil.lambda$execute$0(ThreadUtil.java:66)
	at java.util.concurrent.FutureTask.run(FutureTask.java:266)
	at java.util.concurrent.ThreadPoolExecutor.runWorker(ThreadPoolExecutor.java:1149)
	at java.util.concurrent.ThreadPoolExecutor$Worker.run(ThreadPoolExecutor.java:624)
	at java.lang.Thread.run(Thread.java:748)
Caused by: java.lang.AssertionError: Login Error message found - Incorrect IBMid or password. Please try again!
	at org.testng.Assert.fail(Assert.java:99)
	at com.pom.steps.login.LoginSteps.checkForLoginErrors_aroundBody8(LoginSteps.java:51)
	at com.pom.steps.login.LoginSteps$AjcClosure9.run(LoginSteps.java:1)
	at org.aspectj.runtime.reflect.JoinPointImpl.proceed(JoinPointImpl.java:167)
	at com.automacent.fwk.execution.StepAndActionCompiler.aroundStepCompilerAspect(StepAndActionCompiler.java:115)
	... 27 more
2021-Jul-05 14:57:58,934 [INFO ] TestNG-tests-2 :   Is Screenshot taken true
2021-Jul-05 14:57:58,934 [INFO ] TestNG-tests-1 :           Is Screenshot taken true
2021-Jul-05 14:57:58,934 [ERROR] TestNG-tests-1 :   login failed
com.automacent.fwk.exceptions.StepExecutionException: [@Step check for login errors] Login Error message found - Incorrect IBMid or password. Please try again!
	at com.automacent.fwk.execution.StepAndActionCompiler.aroundStepCompilerAspect(StepAndActionCompiler.java:119)
	at com.pom.steps.login.LoginSteps.checkForLoginErrors(LoginSteps.java:46)
	at com.mcmp.tests.LoginTest.login_aroundBody0(LoginTest.java:28)
	at com.mcmp.tests.LoginTest$AjcClosure1.run(LoginTest.java:1)
	at org.aspectj.runtime.reflect.JoinPointImpl.proceed(JoinPointImpl.java:167)
	at com.automacent.fwk.execution.TestNgCompiler.aroundBeforeCompilerAspect(TestNgCompiler.java:55)
	at com.mcmp.tests.LoginTest.login(LoginTest.java:25)
	at sun.reflect.NativeMethodAccessorImpl.invoke0(Native Method)
	at sun.reflect.NativeMethodAccessorImpl.invoke(NativeMethodAccessorImpl.java:62)
	at sun.reflect.DelegatingMethodAccessorImpl.invoke(DelegatingMethodAccessorImpl.java:43)
	at java.lang.reflect.Method.invoke(Method.java:498)
	at org.testng.internal.MethodInvocationHelper.invokeMethod(MethodInvocationHelper.java:132)
	at org.testng.internal.MethodInvocationHelper.invokeMethodConsideringTimeout(MethodInvocationHelper.java:61)
	at org.testng.internal.ConfigInvoker.invokeConfigurationMethod(ConfigInvoker.java:366)
	at org.testng.internal.ConfigInvoker.invokeConfigurations(ConfigInvoker.java:320)
	at org.testng.internal.TestMethodWorker.invokeBeforeClassMethods(TestMethodWorker.java:176)
	at org.testng.internal.TestMethodWorker.run(TestMethodWorker.java:122)
	at java.util.ArrayList.forEach(ArrayList.java:1259)
	at org.testng.TestRunner.privateRun(TestRunner.java:764)
	at org.testng.TestRunner.run(TestRunner.java:585)
	at org.testng.SuiteRunner.runTest(SuiteRunner.java:384)
	at org.testng.SuiteRunner.access$000(SuiteRunner.java:28)
	at org.testng.SuiteRunner$SuiteWorker.run(SuiteRunner.java:425)
	at org.testng.internal.thread.ThreadUtil.lambda$execute$0(ThreadUtil.java:66)
	at java.util.concurrent.FutureTask.run(FutureTask.java:266)
	at java.util.concurrent.ThreadPoolExecutor.runWorker(ThreadPoolExecutor.java:1149)
	at java.util.concurrent.ThreadPoolExecutor$Worker.run(ThreadPoolExecutor.java:624)
	at java.lang.Thread.run(Thread.java:748)
Caused by: java.lang.AssertionError: Login Error message found - Incorrect IBMid or password. Please try again!
	at org.testng.Assert.fail(Assert.java:99)
	at com.pom.steps.login.LoginSteps.checkForLoginErrors_aroundBody8(LoginSteps.java:51)
	at com.pom.steps.login.LoginSteps$AjcClosure9.run(LoginSteps.java:1)
	at org.aspectj.runtime.reflect.JoinPointImpl.proceed(JoinPointImpl.java:167)
	at com.automacent.fwk.execution.StepAndActionCompiler.aroundStepCompilerAspect(StepAndActionCompiler.java:115)
	... 27 more
]]></system-out>
    <system-err><![CDATA[Starting ChromeDriver 91.0.4472.101 (af52a90bf87030dd1523486a1cd3ae25c5d76c9b-refs/branch-heads/4472@{#1462}) on port 10224
Only local connections are allowed.
Please see https://chromedriver.chromium.org/security-considerations for suggestions on keeping ChromeDriver safe.
ChromeDriver was started successfully.
Starting ChromeDriver 91.0.4472.101 (af52a90bf87030dd1523486a1cd3ae25c5d76c9b-refs/branch-heads/4472@{#1462}) on port 25044
Only local connections are allowed.
Please see https://chromedriver.chromium.org/security-considerations for suggestions on keeping ChromeDriver safe.
ChromeDriver was started successfully.
Jul 05, 2021 2:57:34 PM org.openqa.selenium.remote.ProtocolHandshake createSession
INFO: Detected dialect: W3C
Jul 05, 2021 2:57:35 PM org.openqa.selenium.remote.ProtocolHandshake createSession
INFO: Detected dialect: W3C
]]></system-err>
  </testcase>
  <testcase name="login" classname="com.mcmp.tests.orderIntegration.vra.e2e.e2eCentOS77CompositeVRA82" time="28.798">
    <failure message="[@Step check for login errors] Login Error message found - Incorrect IBMid or password. Please try again!" type="com.automacent.fwk.exceptions.StepExecutionException">com.automacent.fwk.exceptions.StepExecutionException: [@Step check for login errors] Login Error message found - Incorrect IBMid or password. Please try again!
Caused by: java.lang.AssertionError: Login Error message found - Incorrect IBMid or password. Please try again!
</failure>
    <system-out><![CDATA[2021-Jul-05 14:57:59,092 [INFO ] TestNG-tests-1 :   Is Screenshot taken true
]]></system-out>
  </testcase>
  <testcase name="loginTest" classname="com.mcmp.tests.LoginTest" time="0">
    <skipped message="[@Step check for login errors] Login Error message found - Incorrect IBMid or password. Please try again!"/>
    <system-out><![CDATA[2021-Jul-05 14:57:59,355 [ERROR] TestNG-tests-2 : Execution skipped for TEST method loginTest
com.automacent.fwk.exceptions.StepExecutionException: [@Step check for login errors] Login Error message found - Incorrect IBMid or password. Please try again!
	at com.automacent.fwk.execution.StepAndActionCompiler.aroundStepCompilerAspect(StepAndActionCompiler.java:119)
	at com.pom.steps.login.LoginSteps.checkForLoginErrors(LoginSteps.java:46)
	at com.mcmp.tests.LoginTest.login_aroundBody0(LoginTest.java:28)
	at com.mcmp.tests.LoginTest$AjcClosure1.run(LoginTest.java:1)
	at org.aspectj.runtime.reflect.JoinPointImpl.proceed(JoinPointImpl.java:167)
	at com.automacent.fwk.execution.TestNgCompiler.aroundBeforeCompilerAspect(TestNgCompiler.java:55)
	at com.mcmp.tests.LoginTest.login(LoginTest.java:25)
	at sun.reflect.NativeMethodAccessorImpl.invoke0(Native Method)
	at sun.reflect.NativeMethodAccessorImpl.invoke(NativeMethodAccessorImpl.java:62)
	at sun.reflect.DelegatingMethodAccessorImpl.invoke(DelegatingMethodAccessorImpl.java:43)
	at java.lang.reflect.Method.invoke(Method.java:498)
	at org.testng.internal.MethodInvocationHelper.invokeMethod(MethodInvocationHelper.java:132)
	at org.testng.internal.MethodInvocationHelper.invokeMethodConsideringTimeout(MethodInvocationHelper.java:61)
	at org.testng.internal.ConfigInvoker.invokeConfigurationMethod(ConfigInvoker.java:366)
	at org.testng.internal.ConfigInvoker.invokeConfigurations(ConfigInvoker.java:320)
	at org.testng.internal.TestMethodWorker.invokeBeforeClassMethods(TestMethodWorker.java:176)
	at org.testng.internal.TestMethodWorker.run(TestMethodWorker.java:122)
	at java.util.ArrayList.forEach(ArrayList.java:1259)
	at org.testng.TestRunner.privateRun(TestRunner.java:764)
	at org.testng.TestRunner.run(TestRunner.java:585)
	at org.testng.SuiteRunner.runTest(SuiteRunner.java:384)
	at org.testng.SuiteRunner.access$000(SuiteRunner.java:28)
	at org.testng.SuiteRunner$SuiteWorker.run(SuiteRunner.java:425)
	at org.testng.internal.thread.ThreadUtil.lambda$execute$0(ThreadUtil.java:66)
	at java.util.concurrent.FutureTask.run(FutureTask.java:266)
	at java.util.concurrent.ThreadPoolExecutor.runWorker(ThreadPoolExecutor.java:1149)
	at java.util.concurrent.ThreadPoolExecutor$Worker.run(ThreadPoolExecutor.java:624)
	at java.lang.Thread.run(Thread.java:748)
Caused by: java.lang.AssertionError: Login Error message found - Incorrect IBMid or password. Please try again!
	at org.testng.Assert.fail(Assert.java:99)
	at com.pom.steps.login.LoginSteps.checkForLoginErrors_aroundBody8(LoginSteps.java:51)
	at com.pom.steps.login.LoginSteps$AjcClosure9.run(LoginSteps.java:1)
	at org.aspectj.runtime.reflect.JoinPointImpl.proceed(JoinPointImpl.java:167)
	at com.automacent.fwk.execution.StepAndActionCompiler.aroundStepCompilerAspect(StepAndActionCompiler.java:115)
	... 27 more
]]></system-out>
  </testcase>
  <testcase name="verifyLaunchpadPage" classname="com.mcmp.tests.orderIntegration.vra.e2e.e2eCentOS77CompositeVRA82" time="0">
    <skipped message="&#10;Configuration / Test Skipped"/>
    <system-out><![CDATA[2021-Jul-05 14:57:59,450 [ERROR] TestNG-tests-1 : Execution skipped for BEFORE method verifyLaunchpadPage
com.automacent.fwk.exceptions.TestOrConfigurationSkipException: 
Configuration / Test Skipped
	at com.automacent.fwk.listeners.AutomacentListener.onConfigurationSkip(AutomacentListener.java:166)
	at org.testng.internal.TestListenerHelper.runPostConfigurationListeners(TestListenerHelper.java:39)
	at org.testng.internal.ConfigInvoker.runConfigurationListeners(ConfigInvoker.java:402)
	at org.testng.internal.ConfigInvoker.handleConfigurationSkip(ConfigInvoker.java:420)
	at org.testng.internal.ConfigInvoker.invokeConfigurations(ConfigInvoker.java:286)
	at org.testng.internal.TestMethodWorker.invokeBeforeClassMethods(TestMethodWorker.java:176)
	at org.testng.internal.TestMethodWorker.run(TestMethodWorker.java:122)
	at java.util.ArrayList.forEach(ArrayList.java:1259)
	at org.testng.TestRunner.privateRun(TestRunner.java:764)
	at org.testng.TestRunner.run(TestRunner.java:585)
	at org.testng.SuiteRunner.runTest(SuiteRunner.java:384)
	at org.testng.SuiteRunner.access$000(SuiteRunner.java:28)
	at org.testng.SuiteRunner$SuiteWorker.run(SuiteRunner.java:425)
	at org.testng.internal.thread.ThreadUtil.lambda$execute$0(ThreadUtil.java:66)
	at java.util.concurrent.FutureTask.run(FutureTask.java:266)
	at java.util.concurrent.ThreadPoolExecutor.runWorker(ThreadPoolExecutor.java:1149)
	at java.util.concurrent.ThreadPoolExecutor$Worker.run(ThreadPoolExecutor.java:624)
	at java.lang.Thread.run(Thread.java:748)
]]></system-out>
  </testcase>
  <testcase name="loginTest" classname="com.mcmp.tests.orderIntegration.vra.e2e.e2eCentOS77CompositeVRA82" time="0">
    <skipped message="[@Step check for login errors] Login Error message found - Incorrect IBMid or password. Please try again!"/>
    <system-out><![CDATA[2021-Jul-05 14:57:59,605 [INFO ] TestNG-tests-2 : logout
2021-Jul-05 14:57:59,605 [INFO ] TestNG-tests-2 : logout completed successfully
2021-Jul-05 14:57:59,806 [ERROR] TestNG-tests-1 : Execution skipped for TEST method loginTest
com.automacent.fwk.exceptions.StepExecutionException: [@Step check for login errors] Login Error message found - Incorrect IBMid or password. Please try again!
	at com.automacent.fwk.execution.StepAndActionCompiler.aroundStepCompilerAspect(StepAndActionCompiler.java:119)
	at com.pom.steps.login.LoginSteps.checkForLoginErrors(LoginSteps.java:46)
	at com.mcmp.tests.LoginTest.login_aroundBody0(LoginTest.java:28)
	at com.mcmp.tests.LoginTest$AjcClosure1.run(LoginTest.java:1)
	at org.aspectj.runtime.reflect.JoinPointImpl.proceed(JoinPointImpl.java:167)
	at com.automacent.fwk.execution.TestNgCompiler.aroundBeforeCompilerAspect(TestNgCompiler.java:55)
	at com.mcmp.tests.LoginTest.login(LoginTest.java:25)
	at sun.reflect.NativeMethodAccessorImpl.invoke0(Native Method)
	at sun.reflect.NativeMethodAccessorImpl.invoke(NativeMethodAccessorImpl.java:62)
	at sun.reflect.DelegatingMethodAccessorImpl.invoke(DelegatingMethodAccessorImpl.java:43)
	at java.lang.reflect.Method.invoke(Method.java:498)
	at org.testng.internal.MethodInvocationHelper.invokeMethod(MethodInvocationHelper.java:132)
	at org.testng.internal.MethodInvocationHelper.invokeMethodConsideringTimeout(MethodInvocationHelper.java:61)
	at org.testng.internal.ConfigInvoker.invokeConfigurationMethod(ConfigInvoker.java:366)
	at org.testng.internal.ConfigInvoker.invokeConfigurations(ConfigInvoker.java:320)
	at org.testng.internal.TestMethodWorker.invokeBeforeClassMethods(TestMethodWorker.java:176)
	at org.testng.internal.TestMethodWorker.run(TestMethodWorker.java:122)
	at java.util.ArrayList.forEach(ArrayList.java:1259)
	at org.testng.TestRunner.privateRun(TestRunner.java:764)
	at org.testng.TestRunner.run(TestRunner.java:585)
	at org.testng.SuiteRunner.runTest(SuiteRunner.java:384)
	at org.testng.SuiteRunner.access$000(SuiteRunner.java:28)
	at org.testng.SuiteRunner$SuiteWorker.run(SuiteRunner.java:425)
	at org.testng.internal.thread.ThreadUtil.lambda$execute$0(ThreadUtil.java:66)
	at java.util.concurrent.FutureTask.run(FutureTask.java:266)
	at java.util.concurrent.ThreadPoolExecutor.runWorker(ThreadPoolExecutor.java:1149)
	at java.util.concurrent.ThreadPoolExecutor$Worker.run(ThreadPoolExecutor.java:624)
	at java.lang.Thread.run(Thread.java:748)
Caused by: java.lang.AssertionError: Login Error message found - Incorrect IBMid or password. Please try again!
	at org.testng.Assert.fail(Assert.java:99)
	at com.pom.steps.login.LoginSteps.checkForLoginErrors_aroundBody8(LoginSteps.java:51)
	at com.pom.steps.login.LoginSteps$AjcClosure9.run(LoginSteps.java:1)
	at org.aspectj.runtime.reflect.JoinPointImpl.proceed(JoinPointImpl.java:167)
	at com.automacent.fwk.execution.StepAndActionCompiler.aroundStepCompilerAspect(StepAndActionCompiler.java:115)
	... 27 more
]]></system-out>
  </testcase>
  <testcase name="verifyAdditionalParameters" classname="com.mcmp.tests.orderIntegration.vra.e2e.e2eCentOS77CompositeVRA82" time="0">
    <skipped message="[@Step check for login errors] Login Error message found - Incorrect IBMid or password. Please try again!"/>
    <system-out><![CDATA[2021-Jul-05 14:57:59,871 [INFO ] TestNG-tests-2 : quit browser
2021-Jul-05 14:57:59,871 [INFO ] TestNG-tests-2 :     Quiting driver ChromeDriver: chrome on WINDOWS (8e7218de6f04bc1bf2cf1accbe1dd710)
2021-Jul-05 14:58:00,263 [INFO ] TestNG-tests-1 : logout
2021-Jul-05 14:58:00,263 [INFO ] TestNG-tests-1 : logout completed successfully
2021-Jul-05 14:58:00,620 [ERROR] TestNG-tests-1 : Execution skipped for TEST method verifyAdditionalParameters
com.automacent.fwk.exceptions.StepExecutionException: [@Step check for login errors] Login Error message found - Incorrect IBMid or password. Please try again!
	at com.automacent.fwk.execution.StepAndActionCompiler.aroundStepCompilerAspect(StepAndActionCompiler.java:119)
	at com.pom.steps.login.LoginSteps.checkForLoginErrors(LoginSteps.java:46)
	at com.mcmp.tests.LoginTest.login_aroundBody0(LoginTest.java:28)
	at com.mcmp.tests.LoginTest$AjcClosure1.run(LoginTest.java:1)
	at org.aspectj.runtime.reflect.JoinPointImpl.proceed(JoinPointImpl.java:167)
	at com.automacent.fwk.execution.TestNgCompiler.aroundBeforeCompilerAspect(TestNgCompiler.java:55)
	at com.mcmp.tests.LoginTest.login(LoginTest.java:25)
	at sun.reflect.NativeMethodAccessorImpl.invoke0(Native Method)
	at sun.reflect.NativeMethodAccessorImpl.invoke(NativeMethodAccessorImpl.java:62)
	at sun.reflect.DelegatingMethodAccessorImpl.invoke(DelegatingMethodAccessorImpl.java:43)
	at java.lang.reflect.Method.invoke(Method.java:498)
	at org.testng.internal.MethodInvocationHelper.invokeMethod(MethodInvocationHelper.java:132)
	at org.testng.internal.MethodInvocationHelper.invokeMethodConsideringTimeout(MethodInvocationHelper.java:61)
	at org.testng.internal.ConfigInvoker.invokeConfigurationMethod(ConfigInvoker.java:366)
	at org.testng.internal.ConfigInvoker.invokeConfigurations(ConfigInvoker.java:320)
	at org.testng.internal.TestMethodWorker.invokeBeforeClassMethods(TestMethodWorker.java:176)
	at org.testng.internal.TestMethodWorker.run(TestMethodWorker.java:122)
	at java.util.ArrayList.forEach(ArrayList.java:1259)
	at org.testng.TestRunner.privateRun(TestRunner.java:764)
	at org.testng.TestRunner.run(TestRunner.java:585)
	at org.testng.SuiteRunner.runTest(SuiteRunner.java:384)
	at org.testng.SuiteRunner.access$000(SuiteRunner.java:28)
	at org.testng.SuiteRunner$SuiteWorker.run(SuiteRunner.java:425)
	at org.testng.internal.thread.ThreadUtil.lambda$execute$0(ThreadUtil.java:66)
	at java.util.concurrent.FutureTask.run(FutureTask.java:266)
	at java.util.concurrent.ThreadPoolExecutor.runWorker(ThreadPoolExecutor.java:1149)
	at java.util.concurrent.ThreadPoolExecutor$Worker.run(ThreadPoolExecutor.java:624)
	at java.lang.Thread.run(Thread.java:748)
Caused by: java.lang.AssertionError: Login Error message found - Incorrect IBMid or password. Please try again!
	at org.testng.Assert.fail(Assert.java:99)
	at com.pom.steps.login.LoginSteps.checkForLoginErrors_aroundBody8(LoginSteps.java:51)
	at com.pom.steps.login.LoginSteps$AjcClosure9.run(LoginSteps.java:1)
	at org.aspectj.runtime.reflect.JoinPointImpl.proceed(JoinPointImpl.java:167)
	at com.automacent.fwk.execution.StepAndActionCompiler.aroundStepCompilerAspect(StepAndActionCompiler.java:115)
	... 27 more
]]></system-out>
  </testcase>
  <testcase name="verifyMainParameters" classname="com.mcmp.tests.orderIntegration.vra.e2e.e2eCentOS77CompositeVRA82" time="0">
    <skipped message="[@Step check for login errors] Login Error message found - Incorrect IBMid or password. Please try again!"/>
    <system-out><![CDATA[2021-Jul-05 14:58:00,978 [INFO ] TestNG-tests-1 : logout
2021-Jul-05 14:58:00,979 [INFO ] TestNG-tests-1 : logout completed successfully
2021-Jul-05 14:58:01,158 [INFO ] TestNG-tests-2 : quit browser completed successfully
FAILED CONFIGURATION: @BeforeClass login("uiautomcmpuser@outlook.com", "Automcmpuser@000")
com.automacent.fwk.exceptions.StepExecutionException: [@Step check for login errors] Login Error message found - Incorrect IBMid or password. Please try again!
	at com.automacent.fwk.execution.StepAndActionCompiler.aroundStepCompilerAspect(StepAndActionCompiler.java:119)
	at com.pom.steps.login.LoginSteps.checkForLoginErrors(LoginSteps.java:46)
	at com.mcmp.tests.LoginTest.login_aroundBody0(LoginTest.java:28)
	at com.mcmp.tests.LoginTest$AjcClosure1.run(LoginTest.java:1)
	at org.aspectj.runtime.reflect.JoinPointImpl.proceed(JoinPointImpl.java:167)
	at com.automacent.fwk.execution.TestNgCompiler.aroundBeforeCompilerAspect(TestNgCompiler.java:55)
	at com.mcmp.tests.LoginTest.login(LoginTest.java:25)
	at sun.reflect.NativeMethodAccessorImpl.invoke0(Native Method)
	at sun.reflect.NativeMethodAccessorImpl.invoke(NativeMethodAccessorImpl.java:62)
	at sun.reflect.DelegatingMethodAccessorImpl.invoke(DelegatingMethodAccessorImpl.java:43)
	at java.lang.reflect.Method.invoke(Method.java:498)
	at org.testng.internal.MethodInvocationHelper.invokeMethod(MethodInvocationHelper.java:132)
	at org.testng.internal.MethodInvocationHelper.invokeMethodConsideringTimeout(MethodInvocationHelper.java:61)
	at org.testng.internal.ConfigInvoker.invokeConfigurationMethod(ConfigInvoker.java:366)
	at org.testng.internal.ConfigInvoker.invokeConfigurations(ConfigInvoker.java:320)
	at org.testng.internal.TestMethodWorker.invokeBeforeClassMethods(TestMethodWorker.java:176)
	at org.testng.internal.TestMethodWorker.run(TestMethodWorker.java:122)
	at java.util.ArrayList.forEach(ArrayList.java:1259)
	at org.testng.TestRunner.privateRun(TestRunner.java:764)
	at org.testng.TestRunner.run(TestRunner.java:585)
	at org.testng.SuiteRunner.runTest(SuiteRunner.java:384)
	at org.testng.SuiteRunner.access$000(SuiteRunner.java:28)
	at org.testng.SuiteRunner$SuiteWorker.run(SuiteRunner.java:425)
	at org.testng.internal.thread.ThreadUtil.lambda$execute$0(ThreadUtil.java:66)
	at java.util.concurrent.FutureTask.run(FutureTask.java:266)
	at java.util.concurrent.ThreadPoolExecutor.runWorker(ThreadPoolExecutor.java:1149)
	at java.util.concurrent.ThreadPoolExecutor$Worker.run(ThreadPoolExecutor.java:624)
	at java.lang.Thread.run(Thread.java:748)
Caused by: java.lang.AssertionError: Login Error message found - Incorrect IBMid or password. Please try again!
	at org.testng.Assert.fail(Assert.java:99)
	at com.pom.steps.login.LoginSteps.checkForLoginErrors_aroundBody8(LoginSteps.java:51)
	at com.pom.steps.login.LoginSteps$AjcClosure9.run(LoginSteps.java:1)
	at org.aspectj.runtime.reflect.JoinPointImpl.proceed(JoinPointImpl.java:167)
	at com.automacent.fwk.execution.StepAndActionCompiler.aroundStepCompilerAspect(StepAndActionCompiler.java:115)
	... 27 more

SKIPPED: loginTest("uiautomcmpuser@outlook.com", "Automcmpuser@000")
         Login user case with username and password.
com.automacent.fwk.exceptions.StepExecutionException: [@Step check for login errors] Login Error message found - Incorrect IBMid or password. Please try again!
	at com.automacent.fwk.execution.StepAndActionCompiler.aroundStepCompilerAspect(StepAndActionCompiler.java:119)
	at com.pom.steps.login.LoginSteps.checkForLoginErrors(LoginSteps.java:46)
	at com.mcmp.tests.LoginTest.login_aroundBody0(LoginTest.java:28)
	at com.mcmp.tests.LoginTest$AjcClosure1.run(LoginTest.java:1)
	at org.aspectj.runtime.reflect.JoinPointImpl.proceed(JoinPointImpl.java:167)
	at com.automacent.fwk.execution.TestNgCompiler.aroundBeforeCompilerAspect(TestNgCompiler.java:55)
	at com.mcmp.tests.LoginTest.login(LoginTest.java:25)
	at sun.reflect.NativeMethodAccessorImpl.invoke0(Native Method)
	at sun.reflect.NativeMethodAccessorImpl.invoke(NativeMethodAccessorImpl.java:62)
	at sun.reflect.DelegatingMethodAccessorImpl.invoke(DelegatingMethodAccessorImpl.java:43)
	at java.lang.reflect.Method.invoke(Method.java:498)
	at org.testng.internal.MethodInvocationHelper.invokeMethod(MethodInvocationHelper.java:132)
	at org.testng.internal.MethodInvocationHelper.invokeMethodConsideringTimeout(MethodInvocationHelper.java:61)
	at org.testng.internal.ConfigInvoker.invokeConfigurationMethod(ConfigInvoker.java:366)
	at org.testng.internal.ConfigInvoker.invokeConfigurations(ConfigInvoker.java:320)
	at org.testng.internal.TestMethodWorker.invokeBeforeClassMethods(TestMethodWorker.java:176)
	at org.testng.internal.TestMethodWorker.run(TestMethodWorker.java:122)
	at java.util.ArrayList.forEach(ArrayList.java:1259)
	at org.testng.TestRunner.privateRun(TestRunner.java:764)
	at org.testng.TestRunner.run(TestRunner.java:585)
	at org.testng.SuiteRunner.runTest(SuiteRunner.java:384)
	at org.testng.SuiteRunner.access$000(SuiteRunner.java:28)
	at org.testng.SuiteRunner$SuiteWorker.run(SuiteRunner.java:425)
	at org.testng.internal.thread.ThreadUtil.lambda$execute$0(ThreadUtil.java:66)
	at java.util.concurrent.FutureTask.run(FutureTask.java:266)
	at java.util.concurrent.ThreadPoolExecutor.runWorker(ThreadPoolExecutor.java:1149)
	at java.util.concurrent.ThreadPoolExecutor$Worker.run(ThreadPoolExecutor.java:624)
	at java.lang.Thread.run(Thread.java:748)
Caused by: java.lang.AssertionError: Login Error message found - Incorrect IBMid or password. Please try again!
	at org.testng.Assert.fail(Assert.java:99)
	at com.pom.steps.login.LoginSteps.checkForLoginErrors_aroundBody8(LoginSteps.java:51)
	at com.pom.steps.login.LoginSteps$AjcClosure9.run(LoginSteps.java:1)
	at org.aspectj.runtime.reflect.JoinPointImpl.proceed(JoinPointImpl.java:167)
	at com.automacent.fwk.execution.StepAndActionCompiler.aroundStepCompilerAspect(StepAndActionCompiler.java:115)
	... 27 more


===============================================
    com.mcmp.tests.LoginTest
    Tests run: 1, Failures: 0, Skips: 1
    Configuration Failures: 1, Skips: 0
===============================================

2021-Jul-05 14:58:01,177 [INFO ] TestNG-tests-2 : No Iterations run
2021-Jul-05 14:58:01,336 [ERROR] TestNG-tests-1 : Execution skipped for TEST method verifyMainParameters
com.automacent.fwk.exceptions.StepExecutionException: [@Step check for login errors] Login Error message found - Incorrect IBMid or password. Please try again!
	at com.automacent.fwk.execution.StepAndActionCompiler.aroundStepCompilerAspect(StepAndActionCompiler.java:119)
	at com.pom.steps.login.LoginSteps.checkForLoginErrors(LoginSteps.java:46)
	at com.mcmp.tests.LoginTest.login_aroundBody0(LoginTest.java:28)
	at com.mcmp.tests.LoginTest$AjcClosure1.run(LoginTest.java:1)
	at org.aspectj.runtime.reflect.JoinPointImpl.proceed(JoinPointImpl.java:167)
	at com.automacent.fwk.execution.TestNgCompiler.aroundBeforeCompilerAspect(TestNgCompiler.java:55)
	at com.mcmp.tests.LoginTest.login(LoginTest.java:25)
	at sun.reflect.NativeMethodAccessorImpl.invoke0(Native Method)
	at sun.reflect.NativeMethodAccessorImpl.invoke(NativeMethodAccessorImpl.java:62)
	at sun.reflect.DelegatingMethodAccessorImpl.invoke(DelegatingMethodAccessorImpl.java:43)
	at java.lang.reflect.Method.invoke(Method.java:498)
	at org.testng.internal.MethodInvocationHelper.invokeMethod(MethodInvocationHelper.java:132)
	at org.testng.internal.MethodInvocationHelper.invokeMethodConsideringTimeout(MethodInvocationHelper.java:61)
	at org.testng.internal.ConfigInvoker.invokeConfigurationMethod(ConfigInvoker.java:366)
	at org.testng.internal.ConfigInvoker.invokeConfigurations(ConfigInvoker.java:320)
	at org.testng.internal.TestMethodWorker.invokeBeforeClassMethods(TestMethodWorker.java:176)
	at org.testng.internal.TestMethodWorker.run(TestMethodWorker.java:122)
	at java.util.ArrayList.forEach(ArrayList.java:1259)
	at org.testng.TestRunner.privateRun(TestRunner.java:764)
	at org.testng.TestRunner.run(TestRunner.java:585)
	at org.testng.SuiteRunner.runTest(SuiteRunner.java:384)
	at org.testng.SuiteRunner.access$000(SuiteRunner.java:28)
	at org.testng.SuiteRunner$SuiteWorker.run(SuiteRunner.java:425)
	at org.testng.internal.thread.ThreadUtil.lambda$execute$0(ThreadUtil.java:66)
	at java.util.concurrent.FutureTask.run(FutureTask.java:266)
	at java.util.concurrent.ThreadPoolExecutor.runWorker(ThreadPoolExecutor.java:1149)
	at java.util.concurrent.ThreadPoolExecutor$Worker.run(ThreadPoolExecutor.java:624)
	at java.lang.Thread.run(Thread.java:748)
Caused by: java.lang.AssertionError: Login Error message found - Incorrect IBMid or password. Please try again!
	at org.testng.Assert.fail(Assert.java:99)
	at com.pom.steps.login.LoginSteps.checkForLoginErrors_aroundBody8(LoginSteps.java:51)
	at com.pom.steps.login.LoginSteps$AjcClosure9.run(LoginSteps.java:1)
	at org.aspectj.runtime.reflect.JoinPointImpl.proceed(JoinPointImpl.java:167)
	at com.automacent.fwk.execution.StepAndActionCompiler.aroundStepCompilerAspect(StepAndActionCompiler.java:115)
	... 27 more
]]></system-out>
  </testcase>
  <testcase name="logoutFromApplication" classname="com.mcmp.tests.orderIntegration.vra.e2e.e2eCentOS77CompositeVRA82" time="0">
    <skipped message="&#10;Configuration / Test Skipped"/>
    <system-out><![CDATA[2021-Jul-05 14:58:01,689 [INFO ] TestNG-tests-1 : logout
2021-Jul-05 14:58:01,689 [INFO ] TestNG-tests-1 : logout completed successfully
2021-Jul-05 14:58:02,047 [ERROR] TestNG-tests-1 : Execution skipped for AFTER method logoutFromApplication
com.automacent.fwk.exceptions.TestOrConfigurationSkipException: 
Configuration / Test Skipped
	at com.automacent.fwk.listeners.AutomacentListener.onConfigurationSkip(AutomacentListener.java:166)
	at org.testng.internal.TestListenerHelper.runPostConfigurationListeners(TestListenerHelper.java:39)
	at org.testng.internal.ConfigInvoker.runConfigurationListeners(ConfigInvoker.java:402)
	at org.testng.internal.ConfigInvoker.handleConfigurationSkip(ConfigInvoker.java:420)
	at org.testng.internal.ConfigInvoker.invokeConfigurations(ConfigInvoker.java:286)
	at org.testng.internal.TestMethodWorker.invokeAfterClassMethods(TestMethodWorker.java:217)
	at org.testng.internal.TestMethodWorker.run(TestMethodWorker.java:130)
	at java.util.ArrayList.forEach(ArrayList.java:1259)
	at org.testng.TestRunner.privateRun(TestRunner.java:764)
	at org.testng.TestRunner.run(TestRunner.java:585)
	at org.testng.SuiteRunner.runTest(SuiteRunner.java:384)
	at org.testng.SuiteRunner.access$000(SuiteRunner.java:28)
	at org.testng.SuiteRunner$SuiteWorker.run(SuiteRunner.java:425)
	at org.testng.internal.thread.ThreadUtil.lambda$execute$0(ThreadUtil.java:66)
	at java.util.concurrent.FutureTask.run(FutureTask.java:266)
	at java.util.concurrent.ThreadPoolExecutor.runWorker(ThreadPoolExecutor.java:1149)
	at java.util.concurrent.ThreadPoolExecutor$Worker.run(ThreadPoolExecutor.java:624)
	at java.lang.Thread.run(Thread.java:748)
]]></system-out>
  </testcase>
</testsuite>