<?xml version="1.0" encoding="UTF-8"?>
<!-- Generated by org.testng.reporters.JUnitXMLReporter -->
<testsuite hostname="DESKTOP-U7PQ2TU" ignored="0" name="com.mcmp.tests.orderIntegration.vra.e2e.e2eCentOS77CompositeVRA82" tests="3" failures="0" timestamp="2021-07-05T14:58:03 IST" time="31.176" errors="0">
  <testcase name="@BeforeClass login" time="15.562" classname="com.mcmp.tests.LoginTest">
    <failure type="com.automacent.fwk.exceptions.StepExecutionException" message="[@Step check for login errors] Login Error message found - Incorrect IBMid or password. Please try again!">
      <![CDATA[com.automacent.fwk.exceptions.StepExecutionException: [@Step check for login errors] Login Error message found - Incorrect IBMid or password. Please try again!
at com.automacent.fwk.execution.StepAndActionCompiler.aroundStepCompilerAspect(StepAndActionCompiler.java:119)
at com.pom.steps.login.LoginSteps.checkForLoginErrors(LoginSteps.java:46)
at com.mcmp.tests.LoginTest.login_aroundBody0(LoginTest.java:28)
at com.mcmp.tests.LoginTest$AjcClosure1.run(LoginTest.java:1)
at org.aspectj.runtime.reflect.JoinPointImpl.proceed(JoinPointImpl.java:167)
at com.automacent.fwk.execution.TestNgCompiler.aroundBeforeCompilerAspect(TestNgCompiler.java:55)
at com.mcmp.tests.LoginTest.login(LoginTest.java:25)
at sun.reflect.NativeMethodAccessorImpl.invoke0(Native Method)
at sun.reflect.NativeMethodAccessorImpl.invoke(NativeMethodAccessorImpl.java:62)
at sun.reflect.DelegatingMethodAccessorImpl.invoke(DelegatingMethodAccessorImpl.java:43)
at java.lang.reflect.Method.invoke(Method.java:498)
at org.testng.internal.MethodInvocationHelper.invokeMethod(MethodInvocationHelper.java:132)
at org.testng.internal.MethodInvocationHelper.invokeMethodConsideringTimeout(MethodInvocationHelper.java:61)
at org.testng.internal.ConfigInvoker.invokeConfigurationMethod(ConfigInvoker.java:366)
at org.testng.internal.ConfigInvoker.invokeConfigurations(ConfigInvoker.java:320)
at org.testng.internal.TestMethodWorker.invokeBeforeClassMethods(TestMethodWorker.java:176)
at org.testng.internal.TestMethodWorker.run(TestMethodWorker.java:122)
at java.util.ArrayList.forEach(ArrayList.java:1259)
at org.testng.TestRunner.privateRun(TestRunner.java:764)
at org.testng.TestRunner.run(TestRunner.java:585)
at org.testng.SuiteRunner.runTest(SuiteRunner.java:384)
at org.testng.SuiteRunner.access$000(SuiteRunner.java:28)
at org.testng.SuiteRunner$SuiteWorker.run(SuiteRunner.java:425)
at org.testng.internal.thread.ThreadUtil.lambda$execute$0(ThreadUtil.java:66)
at java.util.concurrent.FutureTask.run(FutureTask.java:266)
at java.util.concurrent.ThreadPoolExecutor.runWorker(ThreadPoolExecutor.java:1149)
at java.util.concurrent.ThreadPoolExecutor$Worker.run(ThreadPoolExecutor.java:624)
at java.lang.Thread.run(Thread.java:748)
Caused by: java.lang.AssertionError: Login Error message found - Incorrect IBMid or password. Please try again!
at org.testng.Assert.fail(Assert.java:99)
at com.pom.steps.login.LoginSteps.checkForLoginErrors_aroundBody8(LoginSteps.java:51)
at com.pom.steps.login.LoginSteps$AjcClosure9.run(LoginSteps.java:1)
at org.aspectj.runtime.reflect.JoinPointImpl.proceed(JoinPointImpl.java:167)
at com.automacent.fwk.execution.StepAndActionCompiler.aroundStepCompilerAspect(StepAndActionCompiler.java:115)
... 27 more
]]>
    </failure>
  </testcase> <!-- @BeforeClass login -->
  <testcase name="@BeforeClass login" time="15.7" classname="com.mcmp.tests.LoginTest">
    <failure type="com.automacent.fwk.exceptions.StepExecutionException" message="[@Step check for login errors] Login Error message found - Incorrect IBMid or password. Please try again!">
      <![CDATA[com.automacent.fwk.exceptions.StepExecutionException: [@Step check for login errors] Login Error message found - Incorrect IBMid or password. Please try again!
at com.automacent.fwk.execution.StepAndActionCompiler.aroundStepCompilerAspect(StepAndActionCompiler.java:119)
at com.pom.steps.login.LoginSteps.checkForLoginErrors(LoginSteps.java:46)
at com.mcmp.tests.LoginTest.login_aroundBody0(LoginTest.java:28)
at com.mcmp.tests.LoginTest$AjcClosure1.run(LoginTest.java:1)
at org.aspectj.runtime.reflect.JoinPointImpl.proceed(JoinPointImpl.java:167)
at com.automacent.fwk.execution.TestNgCompiler.aroundBeforeCompilerAspect(TestNgCompiler.java:55)
at com.mcmp.tests.LoginTest.login(LoginTest.java:25)
at sun.reflect.NativeMethodAccessorImpl.invoke0(Native Method)
at sun.reflect.NativeMethodAccessorImpl.invoke(NativeMethodAccessorImpl.java:62)
at sun.reflect.DelegatingMethodAccessorImpl.invoke(DelegatingMethodAccessorImpl.java:43)
at java.lang.reflect.Method.invoke(Method.java:498)
at org.testng.internal.MethodInvocationHelper.invokeMethod(MethodInvocationHelper.java:132)
at org.testng.internal.MethodInvocationHelper.invokeMethodConsideringTimeout(MethodInvocationHelper.java:61)
at org.testng.internal.ConfigInvoker.invokeConfigurationMethod(ConfigInvoker.java:366)
at org.testng.internal.ConfigInvoker.invokeConfigurations(ConfigInvoker.java:320)
at org.testng.internal.TestMethodWorker.invokeBeforeClassMethods(TestMethodWorker.java:176)
at org.testng.internal.TestMethodWorker.run(TestMethodWorker.java:122)
at java.util.ArrayList.forEach(ArrayList.java:1259)
at org.testng.TestRunner.privateRun(TestRunner.java:764)
at org.testng.TestRunner.run(TestRunner.java:585)
at org.testng.SuiteRunner.runTest(SuiteRunner.java:384)
at org.testng.SuiteRunner.access$000(SuiteRunner.java:28)
at org.testng.SuiteRunner$SuiteWorker.run(SuiteRunner.java:425)
at org.testng.internal.thread.ThreadUtil.lambda$execute$0(ThreadUtil.java:66)
at java.util.concurrent.FutureTask.run(FutureTask.java:266)
at java.util.concurrent.ThreadPoolExecutor.runWorker(ThreadPoolExecutor.java:1149)
at java.util.concurrent.ThreadPoolExecutor$Worker.run(ThreadPoolExecutor.java:624)
at java.lang.Thread.run(Thread.java:748)
Caused by: java.lang.AssertionError: Login Error message found - Incorrect IBMid or password. Please try again!
at org.testng.Assert.fail(Assert.java:99)
at com.pom.steps.login.LoginSteps.checkForLoginErrors_aroundBody8(LoginSteps.java:51)
at com.pom.steps.login.LoginSteps$AjcClosure9.run(LoginSteps.java:1)
at org.aspectj.runtime.reflect.JoinPointImpl.proceed(JoinPointImpl.java:167)
at com.automacent.fwk.execution.StepAndActionCompiler.aroundStepCompilerAspect(StepAndActionCompiler.java:115)
... 27 more
]]>
    </failure>
  </testcase> <!-- @BeforeClass login -->
  <testcase name="@BeforeClass verifyLaunchpadPage" time="-1.625477279098E9" classname="com.mcmp.tests.orderIntegration.vra.e2e.e2eCentOS77CompositeVRA82">
    <skipped/>
  </testcase> <!-- @BeforeClass verifyLaunchpadPage -->
  <testcase name="@AfterClass logoutFromApplication" time="-1.625477281692E9" classname="com.mcmp.tests.orderIntegration.vra.e2e.e2eCentOS77CompositeVRA82">
    <skipped/>
  </testcase> <!-- @AfterClass logoutFromApplication -->
  <testcase name="loginTest" time="0.0" classname="com.mcmp.tests.LoginTest">
    <skipped/>
  </testcase> <!-- loginTest -->
  <testcase name="verifyAdditionalParameters" time="0.0" classname="com.mcmp.tests.orderIntegration.vra.e2e.e2eCentOS77CompositeVRA82">
    <skipped/>
  </testcase> <!-- verifyAdditionalParameters -->
  <testcase name="verifyMainParameters" time="0.0" classname="com.mcmp.tests.orderIntegration.vra.e2e.e2eCentOS77CompositeVRA82">
    <skipped/>
  </testcase> <!-- verifyMainParameters -->
</testsuite> <!-- com.mcmp.tests.orderIntegration.vra.e2e.e2eCentOS77CompositeVRA82 -->
