<html>
<head>
<title>TestNG:  com.mcmp.tests.orderIntegration.vra.e2e.e2eCentOS77CompositeVRA82</title>
<link href="../testng.css" rel="stylesheet" type="text/css" />
<link href="../my-testng.css" rel="stylesheet" type="text/css" />

<style type="text/css">
.log { display: none;} 
.stack-trace { display: none;} 
</style>
<script type="text/javascript">
<!--
function flip(e) {
  current = e.style.display;
  if (current == 'block') {
    e.style.display = 'none';
    return 0;
  }
  else {
    e.style.display = 'block';
    return 1;
  }
}

function toggleBox(szDivId, elem, msg1, msg2)
{
  var res = -1;  if (document.getElementById) {
    res = flip(document.getElementById(szDivId));
  }
  else if (document.all) {
    // this is the way old msie versions work
    res = flip(document.all[szDivId]);
  }
  if(elem) {
    if(res == 0) elem.innerHTML = msg1; else elem.innerHTML = msg2;
  }

}

function toggleAllBoxes() {
  if (document.getElementsByTagName) {
    d = document.getElementsByTagName('div');
    for (i = 0; i < d.length; i++) {
      if (d[i].className == 'log') {
        flip(d[i]);
      }
    }
  }
}

// -->
</script>

</head>
<body>
<h2 align='center'>com.mcmp.tests.orderIntegration.vra.e2e.e2eCentOS77CompositeVRA82</h2><table border='1' align="center">
<tr>
<td>Tests passed/Failed/Skipped:</td><td>0/0/3</td>
</tr><tr>
<td>Started on:</td><td>Mon Jul 05 14:57:31 IST 2021</td>
</tr>
<tr><td>Total time:</td><td>31 seconds (31176 ms)</td>
</tr><tr>
<td>Included groups:</td><td></td>
</tr><tr>
<td>Excluded groups:</td><td></td>
</tr>
</table><p/>
<small><i>(Hover the method name to see the test class name)</i></small><p/>
<table width='100%' border='1' class='invocation-failed'>
<tr><td colspan='4' align='center'><b>FAILED CONFIGURATIONS</b></td></tr>
<tr><td><b>Test method</b></td>
<td width="30%"><b>Exception</b></td>
<td width="10%"><b>Time (seconds)</b></td>
<td><b>Instance</b></td>
</tr>
<tr>
<td title='com.mcmp.tests.LoginTest.login()'><b>login</b><br>Test class: com.mcmp.tests.LoginTest<br>Parameters: uiautomcmpuser@outlook.com, Automcmpuser@000<br/>
<a href="#Output-974538047" onClick='toggleBox("Output-974538047", this, "Show output", "Hide output");'>Show output</a>

<a href="#Output-974538047" onClick="toggleAllBoxes();">Show all outputs</a>
<div class='log' id="Output-974538047">
<div style='color: black; font-size: small; border-bottom: solid 1px silver;'>2021-Jul-05 14:57:43,866 : &nbsp;login (uiautomcmpuser@outlook.com, Automcmpuser@000)</div><br/>
<div style='color: black; font-size: small; border-botton: none;'>2021-Jul-05 14:57:43,873 : &nbsp;&nbsp;&nbsp;&nbsp;&nbsp;&nbsp;&nbsp;confirm login page is loaded</div><br/>
<div style='color: black; font-size: small; border-botton: none;'>2021-Jul-05 14:57:43,876 : &nbsp;&nbsp;&nbsp;&nbsp;&nbsp;&nbsp;&nbsp;&nbsp;&nbsp;&nbsp;&nbsp;validate login page is loaded</div><br/>
<div style='color: black; font-size: small; border-botton: none;'>2021-Jul-05 14:57:43,877 : &nbsp;&nbsp;&nbsp;&nbsp;&nbsp;&nbsp;&nbsp;&nbsp;&nbsp;&nbsp;&nbsp;&nbsp;&nbsp;&nbsp;&nbsp;is user name field found?</div><br/>
<div style='color: black; font-size: small; border-botton: none;'>2021-Jul-05 14:57:43,917 : &nbsp;&nbsp;&nbsp;&nbsp;&nbsp;&nbsp;&nbsp;&nbsp;&nbsp;&nbsp;&nbsp;&nbsp;&nbsp;&nbsp;&nbsp;&nbsp;&nbsp;&nbsp;&nbsp;proxy element located (webelement)</div><br/>
<div style='color: black; font-size: small; border-botton: none;'>2021-Jul-05 14:57:44,174 : &nbsp;&nbsp;&nbsp;&nbsp;&nbsp;&nbsp;&nbsp;&nbsp;&nbsp;&nbsp;&nbsp;&nbsp;&nbsp;&nbsp;&nbsp;&nbsp;&nbsp;&nbsp;&nbsp;AFTER_ACTION screenshot --&gt;<a href='..\screenshots\itr_com.mcmp.tests.LoginTest_0\scr1.png'><img src='..\screenshots\itr_com.mcmp.tests.LoginTest_0\scr1.png' style='height:25%; width:25%;' alt='itr_com.mcmp.tests.LoginTest_0'/></a></div><br/>
<div style='color: black; font-size: small; border-botton: none;'>2021-Jul-05 14:57:44,175 : &nbsp;&nbsp;&nbsp;&nbsp;&nbsp;&nbsp;&nbsp;&nbsp;&nbsp;&nbsp;&nbsp;&nbsp;&nbsp;&nbsp;&nbsp;&nbsp;&nbsp;&nbsp;&nbsp;Is Screenshot taken true</div><br/>
<div style='color: black; font-size: small; border-botton: none;'>2021-Jul-05 14:57:44,329 : &nbsp;&nbsp;&nbsp;&nbsp;&nbsp;&nbsp;&nbsp;&nbsp;&nbsp;&nbsp;&nbsp;&nbsp;&nbsp;&nbsp;&nbsp;is user name field found? true</div><br/>
<div style='color: black; font-size: small; border-botton: none;'>2021-Jul-05 14:57:44,536 : &nbsp;&nbsp;&nbsp;&nbsp;&nbsp;&nbsp;&nbsp;&nbsp;&nbsp;&nbsp;&nbsp;&nbsp;&nbsp;&nbsp;&nbsp;AFTER_ACTION screenshot --&gt;<a href='..\screenshots\itr_com.mcmp.tests.LoginTest_0\scr3.png'><img src='..\screenshots\itr_com.mcmp.tests.LoginTest_0\scr3.png' style='height:25%; width:25%;' alt='itr_com.mcmp.tests.LoginTest_0'/></a></div><br/>
<div style='color: black; font-size: small; border-botton: none;'>2021-Jul-05 14:57:44,537 : &nbsp;&nbsp;&nbsp;&nbsp;&nbsp;&nbsp;&nbsp;&nbsp;&nbsp;&nbsp;&nbsp;&nbsp;&nbsp;&nbsp;&nbsp;Is Screenshot taken true</div><br/>
<div style='color: black; font-size: small; border-botton: none;'>2021-Jul-05 14:57:44,541 : &nbsp;&nbsp;&nbsp;&nbsp;&nbsp;&nbsp;&nbsp;&nbsp;&nbsp;&nbsp;&nbsp;&nbsp;&nbsp;&nbsp;&nbsp;is continue button found?</div><br/>
<div style='color: black; font-size: small; border-botton: none;'>2021-Jul-05 14:57:44,553 : &nbsp;&nbsp;&nbsp;&nbsp;&nbsp;&nbsp;&nbsp;&nbsp;&nbsp;&nbsp;&nbsp;&nbsp;&nbsp;&nbsp;&nbsp;&nbsp;&nbsp;&nbsp;&nbsp;proxy element located (webelement)</div><br/>
<div style='color: black; font-size: small; border-botton: none;'>2021-Jul-05 14:57:44,796 : &nbsp;&nbsp;&nbsp;&nbsp;&nbsp;&nbsp;&nbsp;&nbsp;&nbsp;&nbsp;&nbsp;&nbsp;&nbsp;&nbsp;&nbsp;&nbsp;&nbsp;&nbsp;&nbsp;AFTER_ACTION screenshot --&gt;<a href='..\screenshots\itr_com.mcmp.tests.LoginTest_0\scr5.png'><img src='..\screenshots\itr_com.mcmp.tests.LoginTest_0\scr5.png' style='height:25%; width:25%;' alt='itr_com.mcmp.tests.LoginTest_0'/></a></div><br/>
<div style='color: black; font-size: small; border-botton: none;'>2021-Jul-05 14:57:44,797 : &nbsp;&nbsp;&nbsp;&nbsp;&nbsp;&nbsp;&nbsp;&nbsp;&nbsp;&nbsp;&nbsp;&nbsp;&nbsp;&nbsp;&nbsp;&nbsp;&nbsp;&nbsp;&nbsp;Is Screenshot taken true</div><br/>
<div style='color: black; font-size: small; border-botton: none;'>2021-Jul-05 14:57:44,945 : &nbsp;&nbsp;&nbsp;&nbsp;&nbsp;&nbsp;&nbsp;&nbsp;&nbsp;&nbsp;&nbsp;&nbsp;&nbsp;&nbsp;&nbsp;is continue button found? true</div><br/>
<div style='color: black; font-size: small; border-botton: none;'>2021-Jul-05 14:57:45,188 : &nbsp;&nbsp;&nbsp;&nbsp;&nbsp;&nbsp;&nbsp;&nbsp;&nbsp;&nbsp;&nbsp;&nbsp;&nbsp;&nbsp;&nbsp;AFTER_ACTION screenshot --&gt;<a href='..\screenshots\itr_com.mcmp.tests.LoginTest_0\scr7.png'><img src='..\screenshots\itr_com.mcmp.tests.LoginTest_0\scr7.png' style='height:25%; width:25%;' alt='itr_com.mcmp.tests.LoginTest_0'/></a></div><br/>
<div style='color: black; font-size: small; border-botton: none;'>2021-Jul-05 14:57:45,188 : &nbsp;&nbsp;&nbsp;&nbsp;&nbsp;&nbsp;&nbsp;&nbsp;&nbsp;&nbsp;&nbsp;&nbsp;&nbsp;&nbsp;&nbsp;Is Screenshot taken true</div><br/>
<div style='color: black; font-size: small; border-botton: none;'>2021-Jul-05 14:57:45,189 : &nbsp;&nbsp;&nbsp;&nbsp;&nbsp;&nbsp;&nbsp;perform login (uiautomcmpuser@outlook.com, Automcmpuser@000)</div><br/>
<div style='color: black; font-size: small; border-botton: none;'>2021-Jul-05 14:57:45,189 : &nbsp;&nbsp;&nbsp;&nbsp;&nbsp;&nbsp;&nbsp;&nbsp;&nbsp;&nbsp;&nbsp;enter user name (uiautomcmpuser@outlook.com)</div><br/>
<div style='color: black; font-size: small; border-botton: none;'>2021-Jul-05 14:57:45,572 : &nbsp;&nbsp;&nbsp;&nbsp;&nbsp;&nbsp;&nbsp;&nbsp;&nbsp;&nbsp;&nbsp;AFTER_ACTION screenshot --&gt;<a href='..\screenshots\itr_com.mcmp.tests.LoginTest_0\scr9.png'><img src='..\screenshots\itr_com.mcmp.tests.LoginTest_0\scr9.png' style='height:25%; width:25%;' alt='itr_com.mcmp.tests.LoginTest_0'/></a></div><br/>
<div style='color: black; font-size: small; border-botton: none;'>2021-Jul-05 14:57:45,572 : &nbsp;&nbsp;&nbsp;&nbsp;&nbsp;&nbsp;&nbsp;&nbsp;&nbsp;&nbsp;&nbsp;Is Screenshot taken true</div><br/>
<div style='color: black; font-size: small; border-botton: none;'>2021-Jul-05 14:57:45,573 : &nbsp;&nbsp;&nbsp;&nbsp;&nbsp;&nbsp;&nbsp;&nbsp;&nbsp;&nbsp;&nbsp;validate user name credentials (uiautomcmpuser@outlook.com)</div><br/>
<div style='color: black; font-size: small; border-botton: none;'>2021-Jul-05 14:57:45,573 : &nbsp;&nbsp;&nbsp;&nbsp;&nbsp;&nbsp;&nbsp;&nbsp;&nbsp;&nbsp;&nbsp;&nbsp;&nbsp;&nbsp;&nbsp;get user name</div><br/>
<div style='color: black; font-size: small; border-botton: none;'>2021-Jul-05 14:57:45,786 : &nbsp;&nbsp;&nbsp;&nbsp;&nbsp;&nbsp;&nbsp;&nbsp;&nbsp;&nbsp;&nbsp;&nbsp;&nbsp;&nbsp;&nbsp;AFTER_ACTION screenshot --&gt;<a href='..\screenshots\itr_com.mcmp.tests.LoginTest_0\scr11.png'><img src='..\screenshots\itr_com.mcmp.tests.LoginTest_0\scr11.png' style='height:25%; width:25%;' alt='itr_com.mcmp.tests.LoginTest_0'/></a></div><br/>
<div style='color: black; font-size: small; border-botton: none;'>2021-Jul-05 14:57:45,786 : &nbsp;&nbsp;&nbsp;&nbsp;&nbsp;&nbsp;&nbsp;&nbsp;&nbsp;&nbsp;&nbsp;&nbsp;&nbsp;&nbsp;&nbsp;Is Screenshot taken true</div><br/>
<div style='color: black; font-size: small; border-botton: none;'>2021-Jul-05 14:57:45,787 : &nbsp;&nbsp;&nbsp;&nbsp;&nbsp;&nbsp;&nbsp;&nbsp;&nbsp;&nbsp;&nbsp;click continue button</div><br/>
<div style='color: black; font-size: small; border-botton: none;'>2021-Jul-05 14:57:46,075 : &nbsp;&nbsp;&nbsp;&nbsp;&nbsp;&nbsp;&nbsp;&nbsp;&nbsp;&nbsp;&nbsp;AFTER_ACTION screenshot --&gt;<a href='..\screenshots\itr_com.mcmp.tests.LoginTest_0\scr13.png'><img src='..\screenshots\itr_com.mcmp.tests.LoginTest_0\scr13.png' style='height:25%; width:25%;' alt='itr_com.mcmp.tests.LoginTest_0'/></a></div><br/>
<div style='color: black; font-size: small; border-botton: none;'>2021-Jul-05 14:57:46,075 : &nbsp;&nbsp;&nbsp;&nbsp;&nbsp;&nbsp;&nbsp;&nbsp;&nbsp;&nbsp;&nbsp;Is Screenshot taken true</div><br/>
<div style='color: black; font-size: small; border-botton: none;'>2021-Jul-05 14:57:46,076 : &nbsp;&nbsp;&nbsp;&nbsp;&nbsp;&nbsp;&nbsp;&nbsp;&nbsp;&nbsp;&nbsp;enter password (Automcmpuser@000)</div><br/>
<div style='color: black; font-size: small; border-botton: none;'>2021-Jul-05 14:57:46,518 : &nbsp;&nbsp;&nbsp;&nbsp;&nbsp;&nbsp;&nbsp;&nbsp;&nbsp;&nbsp;&nbsp;AFTER_ACTION screenshot --&gt;<a href='..\screenshots\itr_com.mcmp.tests.LoginTest_0\scr15.png'><img src='..\screenshots\itr_com.mcmp.tests.LoginTest_0\scr15.png' style='height:25%; width:25%;' alt='itr_com.mcmp.tests.LoginTest_0'/></a></div><br/>
<div style='color: black; font-size: small; border-botton: none;'>2021-Jul-05 14:57:46,519 : &nbsp;&nbsp;&nbsp;&nbsp;&nbsp;&nbsp;&nbsp;&nbsp;&nbsp;&nbsp;&nbsp;Is Screenshot taken true</div><br/>
<div style='color: black; font-size: small; border-botton: none;'>2021-Jul-05 14:57:46,519 : &nbsp;&nbsp;&nbsp;&nbsp;&nbsp;&nbsp;&nbsp;&nbsp;&nbsp;&nbsp;&nbsp;validate password credentials (Automcmpuser@000)</div><br/>
<div style='color: black; font-size: small; border-botton: none;'>2021-Jul-05 14:57:46,520 : &nbsp;&nbsp;&nbsp;&nbsp;&nbsp;&nbsp;&nbsp;&nbsp;&nbsp;&nbsp;&nbsp;&nbsp;&nbsp;&nbsp;&nbsp;get password</div><br/>
<div style='color: black; font-size: small; border-botton: none;'>2021-Jul-05 14:57:46,708 : &nbsp;&nbsp;&nbsp;&nbsp;&nbsp;&nbsp;&nbsp;&nbsp;&nbsp;&nbsp;&nbsp;&nbsp;&nbsp;&nbsp;&nbsp;AFTER_ACTION screenshot --&gt;<a href='..\screenshots\itr_com.mcmp.tests.LoginTest_0\scr17.png'><img src='..\screenshots\itr_com.mcmp.tests.LoginTest_0\scr17.png' style='height:25%; width:25%;' alt='itr_com.mcmp.tests.LoginTest_0'/></a></div><br/>
<div style='color: black; font-size: small; border-botton: none;'>2021-Jul-05 14:57:46,709 : &nbsp;&nbsp;&nbsp;&nbsp;&nbsp;&nbsp;&nbsp;&nbsp;&nbsp;&nbsp;&nbsp;&nbsp;&nbsp;&nbsp;&nbsp;Is Screenshot taken true</div><br/>
<div style='color: black; font-size: small; border-botton: none;'>2021-Jul-05 14:57:46,709 : &nbsp;&nbsp;&nbsp;&nbsp;&nbsp;&nbsp;&nbsp;&nbsp;&nbsp;&nbsp;&nbsp;click login button</div><br/>
<div style='color: black; font-size: small; border-botton: none;'>2021-Jul-05 14:57:47,753 : &nbsp;&nbsp;&nbsp;&nbsp;&nbsp;&nbsp;&nbsp;&nbsp;&nbsp;&nbsp;&nbsp;AFTER_ACTION screenshot --&gt;<a href='..\screenshots\itr_com.mcmp.tests.LoginTest_0\scr19.png'><img src='..\screenshots\itr_com.mcmp.tests.LoginTest_0\scr19.png' style='height:25%; width:25%;' alt='itr_com.mcmp.tests.LoginTest_0'/></a></div><br/>
<div style='color: black; font-size: small; border-botton: none;'>2021-Jul-05 14:57:47,753 : &nbsp;&nbsp;&nbsp;&nbsp;&nbsp;&nbsp;&nbsp;&nbsp;&nbsp;&nbsp;&nbsp;Is Screenshot taken true</div><br/>
<div style='color: black; font-size: small; border-botton: none;'>2021-Jul-05 14:57:47,753 : &nbsp;&nbsp;&nbsp;&nbsp;&nbsp;&nbsp;&nbsp;check for login errors</div><br/>
<div style='color: black; font-size: small; border-botton: none;'>2021-Jul-05 14:57:47,754 : &nbsp;&nbsp;&nbsp;&nbsp;&nbsp;&nbsp;&nbsp;&nbsp;&nbsp;&nbsp;&nbsp;is login error found?</div><br/>
<div style='color: black; font-size: small; border-botton: none;'>2021-Jul-05 14:57:47,765 : &nbsp;&nbsp;&nbsp;&nbsp;&nbsp;&nbsp;&nbsp;&nbsp;&nbsp;&nbsp;&nbsp;&nbsp;&nbsp;&nbsp;&nbsp;proxy element located (webelement)</div><br/>
<div style='color: black; font-size: small; border-botton: none;'>2021-Jul-05 14:57:47,967 : &nbsp;&nbsp;&nbsp;&nbsp;&nbsp;&nbsp;&nbsp;&nbsp;&nbsp;&nbsp;&nbsp;&nbsp;&nbsp;&nbsp;&nbsp;AFTER_ACTION screenshot --&gt;<a href='..\screenshots\itr_com.mcmp.tests.LoginTest_0\scr21.png'><img src='..\screenshots\itr_com.mcmp.tests.LoginTest_0\scr21.png' style='height:25%; width:25%;' alt='itr_com.mcmp.tests.LoginTest_0'/></a></div><br/>
<div style='color: black; font-size: small; border-botton: none;'>2021-Jul-05 14:57:47,968 : &nbsp;&nbsp;&nbsp;&nbsp;&nbsp;&nbsp;&nbsp;&nbsp;&nbsp;&nbsp;&nbsp;&nbsp;&nbsp;&nbsp;&nbsp;Is Screenshot taken true</div><br/>
<div style='color: black; font-size: small; border-botton: none;'>2021-Jul-05 14:57:48,081 : &nbsp;&nbsp;&nbsp;&nbsp;&nbsp;&nbsp;&nbsp;&nbsp;&nbsp;&nbsp;&nbsp;Stale Element Reference Exception occurred</div><br/>
<div style='color: black; font-size: small; border-botton: none;'>2021-Jul-05 14:57:58,089 : &nbsp;&nbsp;&nbsp;&nbsp;&nbsp;&nbsp;&nbsp;&nbsp;&nbsp;&nbsp;&nbsp;Attempting to re-initialize page object</div><br/>
<div style='color: black; font-size: small; border-botton: none;'>2021-Jul-05 14:57:58,251 : &nbsp;&nbsp;&nbsp;&nbsp;&nbsp;&nbsp;&nbsp;&nbsp;&nbsp;&nbsp;&nbsp;Reinitialized page object</div><br/>
<div style='color: black; font-size: small; border-botton: none;'>2021-Jul-05 14:57:58,251 : &nbsp;&nbsp;&nbsp;&nbsp;&nbsp;&nbsp;&nbsp;&nbsp;&nbsp;&nbsp;&nbsp;Retrying action</div><br/>
<div style='color: black; font-size: small; border-botton: none;'>2021-Jul-05 14:57:58,262 : &nbsp;&nbsp;&nbsp;&nbsp;&nbsp;&nbsp;&nbsp;&nbsp;&nbsp;&nbsp;&nbsp;&nbsp;&nbsp;&nbsp;&nbsp;proxy element located (webelement)</div><br/>
<div style='color: black; font-size: small; border-botton: none;'>2021-Jul-05 14:57:58,422 : &nbsp;&nbsp;&nbsp;&nbsp;&nbsp;&nbsp;&nbsp;&nbsp;&nbsp;&nbsp;&nbsp;&nbsp;&nbsp;&nbsp;&nbsp;AFTER_ACTION screenshot --&gt;<a href='..\screenshots\itr_com.mcmp.tests.LoginTest_0\scr23.png'><img src='..\screenshots\itr_com.mcmp.tests.LoginTest_0\scr23.png' style='height:25%; width:25%;' alt='itr_com.mcmp.tests.LoginTest_0'/></a></div><br/>
<div style='color: black; font-size: small; border-botton: none;'>2021-Jul-05 14:57:58,423 : &nbsp;&nbsp;&nbsp;&nbsp;&nbsp;&nbsp;&nbsp;&nbsp;&nbsp;&nbsp;&nbsp;&nbsp;&nbsp;&nbsp;&nbsp;Is Screenshot taken true</div><br/>
<div style='color: black; font-size: small; border-botton: none;'>2021-Jul-05 14:57:58,482 : &nbsp;&nbsp;&nbsp;&nbsp;&nbsp;&nbsp;&nbsp;&nbsp;&nbsp;&nbsp;&nbsp;is login error found? true</div><br/>
<div style='color: black; font-size: small; border-botton: none;'>2021-Jul-05 14:57:58,618 : &nbsp;&nbsp;&nbsp;&nbsp;&nbsp;&nbsp;&nbsp;&nbsp;&nbsp;&nbsp;&nbsp;AFTER_ACTION screenshot --&gt;<a href='..\screenshots\itr_com.mcmp.tests.LoginTest_0\scr25.png'><img src='..\screenshots\itr_com.mcmp.tests.LoginTest_0\scr25.png' style='height:25%; width:25%;' alt='itr_com.mcmp.tests.LoginTest_0'/></a></div><br/>
<div style='color: black; font-size: small; border-botton: none;'>2021-Jul-05 14:57:58,619 : &nbsp;&nbsp;&nbsp;&nbsp;&nbsp;&nbsp;&nbsp;&nbsp;&nbsp;&nbsp;&nbsp;Is Screenshot taken true</div><br/>
<div style='color: black; font-size: small; border-botton: none;'>2021-Jul-05 14:57:58,619 : &nbsp;&nbsp;&nbsp;&nbsp;&nbsp;&nbsp;&nbsp;&nbsp;&nbsp;&nbsp;&nbsp;get login error message</div><br/>
<div style='color: black; font-size: small; border-botton: none;'>2021-Jul-05 14:57:58,791 : &nbsp;&nbsp;&nbsp;&nbsp;&nbsp;&nbsp;&nbsp;&nbsp;&nbsp;&nbsp;&nbsp;AFTER_ACTION screenshot --&gt;<a href='..\screenshots\itr_com.mcmp.tests.LoginTest_0\scr27.png'><img src='..\screenshots\itr_com.mcmp.tests.LoginTest_0\scr27.png' style='height:25%; width:25%;' alt='itr_com.mcmp.tests.LoginTest_0'/></a></div><br/>
<div style='color: black; font-size: small; border-botton: none;'>2021-Jul-05 14:57:58,791 : &nbsp;&nbsp;&nbsp;&nbsp;&nbsp;&nbsp;&nbsp;&nbsp;&nbsp;&nbsp;&nbsp;Is Screenshot taken true</div><br/>
<div style='color: #D20000; font-size: small; border-botton: none;'>2021-Jul-05 14:57:58,794 : &nbsp;&nbsp;&nbsp;login failed<br/>[@Step check for login errors] Login Error message found - Incorrect IBMid or password. Please try again!</div><br/>
<div style='color: #D20000; font-size: small; border-botton: none;'>2021-Jul-05 14:57:58,794 : Test failed : [@Step check for login errors] Login Error message found - Incorrect IBMid or password. Please try again!</div><br/>
<div style='color: black; font-size: small; border-botton: none;'>2021-Jul-05 14:57:58,934 : &nbsp;&nbsp;&nbsp;<a href='..\screenshots\itr_com.mcmp.tests.LoginTest_0\scr29.png'><img src='..\screenshots\itr_com.mcmp.tests.LoginTest_0\scr29.png' style='height:25%; width:25%;' alt='itr_com.mcmp.tests.LoginTest_0'/></a></div><br/>
<div style='color: black; font-size: small; border-botton: none;'>2021-Jul-05 14:57:58,934 : &nbsp;&nbsp;&nbsp;Is Screenshot taken true</div><br/>
</div>
</td>
<td><div><pre>com.automacent.fwk.exceptions.StepExecutionException: [@Step check for login errors] Login Error message found - Incorrect IBMid or password. Please try again!
	at com.automacent.fwk.execution.StepAndActionCompiler.aroundStepCompilerAspect(StepAndActionCompiler.java:119)
	at com.pom.steps.login.LoginSteps.checkForLoginErrors(LoginSteps.java:46)
	at com.mcmp.tests.LoginTest.login_aroundBody0(LoginTest.java:28)
	at com.mcmp.tests.LoginTest$AjcClosure1.run(LoginTest.java:1)
	at org.aspectj.runtime.reflect.JoinPointImpl.proceed(JoinPointImpl.java:167)
	at com.automacent.fwk.execution.TestNgCompiler.aroundBeforeCompilerAspect(TestNgCompiler.java:55)
	at com.mcmp.tests.LoginTest.login(LoginTest.java:25)
	at sun.reflect.NativeMethodAccessorImpl.invoke0(Native Method)
	at sun.reflect.NativeMethodAccessorImpl.invoke(NativeMethodAccessorImpl.java:62)
	at sun.reflect.DelegatingMethodAccessorImpl.invoke(DelegatingMethodAccessorImpl.java:43)
	at java.lang.reflect.Method.invoke(Method.java:498)
	at org.testng.internal.MethodInvocationHelper.invokeMethod(MethodInvocationHelper.java:132)
	at org.testng.internal.MethodInvocationHelper.invokeMethodConsideringTimeout(MethodInvocationHelper.java:61)
	at org.testng.internal.ConfigInvoker.invokeConfigurationMethod(ConfigInvoker.java:366)
	at org.testng.internal.ConfigInvoker.invokeConfigurations(ConfigInvoker.java:320)
	at org.testng.internal.TestMethodWorker.invokeBeforeClassMethods(TestMethodWorker.java:176)
	at org.testng.internal.TestMethodWorker.run(TestMethodWorker.java:122)
	at java.util.ArrayList.forEach(ArrayList.java:1259)
	at org.testng.TestRunner.privateRun(TestRunner.java:764)
	at org.testng.TestRunner.run(TestRunner.java:585)
	at org.testng.SuiteRunner.runTest(SuiteRunner.java:384)
	at org.testng.SuiteRunner.access$000(SuiteRunner.java:28)
	at org.testng.SuiteRunner$SuiteWorker.run(SuiteRunner.java:425)
	at org.testng.internal.thread.ThreadUtil.lambda$execute$0(ThreadUtil.java:66)
	at java.util.concurrent.FutureTask.run(FutureTask.java:266)
	at java.util.concurrent.ThreadPoolExecutor.runWorker(ThreadPoolExecutor.java:1149)
	at java.util.concurrent.ThreadPoolExecutor$Worker.run(ThreadPoolExecutor.java:624)
	at java.lang.Thread.run(Thread.java:748)
Caused by: java.lang.AssertionError: Login Error message found - Incorrect IBMid or password. Please try again!
	at org.testng.Assert.fail(Assert.java:99)
	at com.pom.steps.login.LoginSteps.checkForLoginErrors_aroundBody8(LoginSteps.java:51)
	at com.pom.steps.login.LoginSteps$AjcClosure9.run(LoginSteps.java:1)
	at org.aspectj.runtime.reflect.JoinPointImpl.proceed(JoinPointImpl.java:167)
	at com.automacent.fwk.execution.StepAndActionCompiler.aroundStepCompilerAspect(StepAndActionCompiler.java:115)
	... 27 more
</pre></div><a href='#' onClick='toggleBox("stack-trace974538047", this, "Click to show all stack frames", "Click to hide stack frames")'>Click to show all stack frames</a>
<div class='stack-trace' id='stack-trace974538047'><pre>com.automacent.fwk.exceptions.StepExecutionException: [@Step check for login errors] Login Error message found - Incorrect IBMid or password. Please try again!
	at com.automacent.fwk.execution.StepAndActionCompiler.aroundStepCompilerAspect(StepAndActionCompiler.java:119)
	at com.pom.steps.login.LoginSteps.checkForLoginErrors(LoginSteps.java:46)
	at com.mcmp.tests.LoginTest.login_aroundBody0(LoginTest.java:28)
	at com.mcmp.tests.LoginTest$AjcClosure1.run(LoginTest.java:1)
	at org.aspectj.runtime.reflect.JoinPointImpl.proceed(JoinPointImpl.java:167)
	at com.automacent.fwk.execution.TestNgCompiler.aroundBeforeCompilerAspect(TestNgCompiler.java:55)
	at com.mcmp.tests.LoginTest.login(LoginTest.java:25)
	at sun.reflect.NativeMethodAccessorImpl.invoke0(Native Method)
	at sun.reflect.NativeMethodAccessorImpl.invoke(NativeMethodAccessorImpl.java:62)
	at sun.reflect.DelegatingMethodAccessorImpl.invoke(DelegatingMethodAccessorImpl.java:43)
	at java.lang.reflect.Method.invoke(Method.java:498)
	at org.testng.internal.MethodInvocationHelper.invokeMethod(MethodInvocationHelper.java:132)
	at org.testng.internal.MethodInvocationHelper.invokeMethodConsideringTimeout(MethodInvocationHelper.java:61)
	at org.testng.internal.ConfigInvoker.invokeConfigurationMethod(ConfigInvoker.java:366)
	at org.testng.internal.ConfigInvoker.invokeConfigurations(ConfigInvoker.java:320)
	at org.testng.internal.TestMethodWorker.invokeBeforeClassMethods(TestMethodWorker.java:176)
	at org.testng.internal.TestMethodWorker.run(TestMethodWorker.java:122)
	at java.util.ArrayList.forEach(ArrayList.java:1259)
	at org.testng.TestRunner.privateRun(TestRunner.java:764)
	at org.testng.TestRunner.run(TestRunner.java:585)
	at org.testng.SuiteRunner.runTest(SuiteRunner.java:384)
	at org.testng.SuiteRunner.access$000(SuiteRunner.java:28)
	at org.testng.SuiteRunner$SuiteWorker.run(SuiteRunner.java:425)
	at org.testng.internal.thread.ThreadUtil.lambda$execute$0(ThreadUtil.java:66)
	at java.util.concurrent.FutureTask.run(FutureTask.java:266)
	at java.util.concurrent.ThreadPoolExecutor.runWorker(ThreadPoolExecutor.java:1149)
	at java.util.concurrent.ThreadPoolExecutor$Worker.run(ThreadPoolExecutor.java:624)
	at java.lang.Thread.run(Thread.java:748)
Caused by: java.lang.AssertionError: Login Error message found - Incorrect IBMid or password. Please try again!
	at org.testng.Assert.fail(Assert.java:99)
	at com.pom.steps.login.LoginSteps.checkForLoginErrors_aroundBody8(LoginSteps.java:51)
	at com.pom.steps.login.LoginSteps$AjcClosure9.run(LoginSteps.java:1)
	at org.aspectj.runtime.reflect.JoinPointImpl.proceed(JoinPointImpl.java:167)
	at com.automacent.fwk.execution.StepAndActionCompiler.aroundStepCompilerAspect(StepAndActionCompiler.java:115)
	... 27 more
</pre></div></td>
<td>15</td>
<td>com.mcmp.tests.LoginTest@45b4c3a9</td></tr>
<tr>
<td title='com.mcmp.tests.orderIntegration.vra.e2e.e2eCentOS77CompositeVRA82.login()'><b>login</b><br>Test class: com.mcmp.tests.orderIntegration.vra.e2e.e2eCentOS77CompositeVRA82<br>Parameters: uiautomcmpuser@outlook.com, Automcmpuser@000<br/>
<a href="#Output-891945889" onClick='toggleBox("Output-891945889", this, "Show output", "Hide output");'>Show output</a>

<a href="#Output-891945889" onClick="toggleAllBoxes();">Show all outputs</a>
<div class='log' id="Output-891945889">
<div style='color: black; font-size: small; border-bottom: solid 1px silver;'>2021-Jul-05 14:57:44,094 : &nbsp;login (uiautomcmpuser@outlook.com, Automcmpuser@000)</div><br/>
<div style='color: black; font-size: small; border-botton: none;'>2021-Jul-05 14:57:44,094 : &nbsp;&nbsp;&nbsp;&nbsp;&nbsp;&nbsp;&nbsp;confirm login page is loaded</div><br/>
<div style='color: black; font-size: small; border-botton: none;'>2021-Jul-05 14:57:44,095 : &nbsp;&nbsp;&nbsp;&nbsp;&nbsp;&nbsp;&nbsp;&nbsp;&nbsp;&nbsp;&nbsp;validate login page is loaded</div><br/>
<div style='color: black; font-size: small; border-botton: none;'>2021-Jul-05 14:57:44,096 : &nbsp;&nbsp;&nbsp;&nbsp;&nbsp;&nbsp;&nbsp;&nbsp;&nbsp;&nbsp;&nbsp;&nbsp;&nbsp;&nbsp;&nbsp;is user name field found?</div><br/>
<div style='color: black; font-size: small; border-botton: none;'>2021-Jul-05 14:57:44,104 : &nbsp;&nbsp;&nbsp;&nbsp;&nbsp;&nbsp;&nbsp;&nbsp;&nbsp;&nbsp;&nbsp;&nbsp;&nbsp;&nbsp;&nbsp;&nbsp;&nbsp;&nbsp;&nbsp;proxy element located (webelement)</div><br/>
<div style='color: black; font-size: small; border-botton: none;'>2021-Jul-05 14:57:44,324 : &nbsp;&nbsp;&nbsp;&nbsp;&nbsp;&nbsp;&nbsp;&nbsp;&nbsp;&nbsp;&nbsp;&nbsp;&nbsp;&nbsp;&nbsp;&nbsp;&nbsp;&nbsp;&nbsp;AFTER_ACTION screenshot --&gt;<a href='..\screenshots\itr_com.mcmp.tests.orderIntegration.vra.e2e.e2eCentOS77CompositeVRA82_0\scr2.png'><img src='..\screenshots\itr_com.mcmp.tests.orderIntegration.vra.e2e.e2eCentOS77CompositeVRA82_0\scr2.png' style='height:25%; width:25%;' alt='itr_com.mcmp.tests.orderIntegration.vra.e2e.e2eCentOS77CompositeVRA82_0'/></a></div><br/>
<div style='color: black; font-size: small; border-botton: none;'>2021-Jul-05 14:57:44,324 : &nbsp;&nbsp;&nbsp;&nbsp;&nbsp;&nbsp;&nbsp;&nbsp;&nbsp;&nbsp;&nbsp;&nbsp;&nbsp;&nbsp;&nbsp;&nbsp;&nbsp;&nbsp;&nbsp;Is Screenshot taken true</div><br/>
<div style='color: black; font-size: small; border-botton: none;'>2021-Jul-05 14:57:44,447 : &nbsp;&nbsp;&nbsp;&nbsp;&nbsp;&nbsp;&nbsp;&nbsp;&nbsp;&nbsp;&nbsp;&nbsp;&nbsp;&nbsp;&nbsp;is user name field found? true</div><br/>
<div style='color: black; font-size: small; border-botton: none;'>2021-Jul-05 14:57:44,693 : &nbsp;&nbsp;&nbsp;&nbsp;&nbsp;&nbsp;&nbsp;&nbsp;&nbsp;&nbsp;&nbsp;&nbsp;&nbsp;&nbsp;&nbsp;AFTER_ACTION screenshot --&gt;<a href='..\screenshots\itr_com.mcmp.tests.orderIntegration.vra.e2e.e2eCentOS77CompositeVRA82_0\scr4.png'><img src='..\screenshots\itr_com.mcmp.tests.orderIntegration.vra.e2e.e2eCentOS77CompositeVRA82_0\scr4.png' style='height:25%; width:25%;' alt='itr_com.mcmp.tests.orderIntegration.vra.e2e.e2eCentOS77CompositeVRA82_0'/></a></div><br/>
<div style='color: black; font-size: small; border-botton: none;'>2021-Jul-05 14:57:44,694 : &nbsp;&nbsp;&nbsp;&nbsp;&nbsp;&nbsp;&nbsp;&nbsp;&nbsp;&nbsp;&nbsp;&nbsp;&nbsp;&nbsp;&nbsp;Is Screenshot taken true</div><br/>
<div style='color: black; font-size: small; border-botton: none;'>2021-Jul-05 14:57:44,695 : &nbsp;&nbsp;&nbsp;&nbsp;&nbsp;&nbsp;&nbsp;&nbsp;&nbsp;&nbsp;&nbsp;&nbsp;&nbsp;&nbsp;&nbsp;is continue button found?</div><br/>
<div style='color: black; font-size: small; border-botton: none;'>2021-Jul-05 14:57:44,707 : &nbsp;&nbsp;&nbsp;&nbsp;&nbsp;&nbsp;&nbsp;&nbsp;&nbsp;&nbsp;&nbsp;&nbsp;&nbsp;&nbsp;&nbsp;&nbsp;&nbsp;&nbsp;&nbsp;proxy element located (webelement)</div><br/>
<div style='color: black; font-size: small; border-botton: none;'>2021-Jul-05 14:57:44,936 : &nbsp;&nbsp;&nbsp;&nbsp;&nbsp;&nbsp;&nbsp;&nbsp;&nbsp;&nbsp;&nbsp;&nbsp;&nbsp;&nbsp;&nbsp;&nbsp;&nbsp;&nbsp;&nbsp;AFTER_ACTION screenshot --&gt;<a href='..\screenshots\itr_com.mcmp.tests.orderIntegration.vra.e2e.e2eCentOS77CompositeVRA82_0\scr6.png'><img src='..\screenshots\itr_com.mcmp.tests.orderIntegration.vra.e2e.e2eCentOS77CompositeVRA82_0\scr6.png' style='height:25%; width:25%;' alt='itr_com.mcmp.tests.orderIntegration.vra.e2e.e2eCentOS77CompositeVRA82_0'/></a></div><br/>
<div style='color: black; font-size: small; border-botton: none;'>2021-Jul-05 14:57:44,936 : &nbsp;&nbsp;&nbsp;&nbsp;&nbsp;&nbsp;&nbsp;&nbsp;&nbsp;&nbsp;&nbsp;&nbsp;&nbsp;&nbsp;&nbsp;&nbsp;&nbsp;&nbsp;&nbsp;Is Screenshot taken true</div><br/>
<div style='color: black; font-size: small; border-botton: none;'>2021-Jul-05 14:57:45,068 : &nbsp;&nbsp;&nbsp;&nbsp;&nbsp;&nbsp;&nbsp;&nbsp;&nbsp;&nbsp;&nbsp;&nbsp;&nbsp;&nbsp;&nbsp;is continue button found? true</div><br/>
<div style='color: black; font-size: small; border-botton: none;'>2021-Jul-05 14:57:45,269 : &nbsp;&nbsp;&nbsp;&nbsp;&nbsp;&nbsp;&nbsp;&nbsp;&nbsp;&nbsp;&nbsp;&nbsp;&nbsp;&nbsp;&nbsp;AFTER_ACTION screenshot --&gt;<a href='..\screenshots\itr_com.mcmp.tests.orderIntegration.vra.e2e.e2eCentOS77CompositeVRA82_0\scr8.png'><img src='..\screenshots\itr_com.mcmp.tests.orderIntegration.vra.e2e.e2eCentOS77CompositeVRA82_0\scr8.png' style='height:25%; width:25%;' alt='itr_com.mcmp.tests.orderIntegration.vra.e2e.e2eCentOS77CompositeVRA82_0'/></a></div><br/>
<div style='color: black; font-size: small; border-botton: none;'>2021-Jul-05 14:57:45,269 : &nbsp;&nbsp;&nbsp;&nbsp;&nbsp;&nbsp;&nbsp;&nbsp;&nbsp;&nbsp;&nbsp;&nbsp;&nbsp;&nbsp;&nbsp;Is Screenshot taken true</div><br/>
<div style='color: black; font-size: small; border-botton: none;'>2021-Jul-05 14:57:45,270 : &nbsp;&nbsp;&nbsp;&nbsp;&nbsp;&nbsp;&nbsp;perform login (uiautomcmpuser@outlook.com, Automcmpuser@000)</div><br/>
<div style='color: black; font-size: small; border-botton: none;'>2021-Jul-05 14:57:45,271 : &nbsp;&nbsp;&nbsp;&nbsp;&nbsp;&nbsp;&nbsp;&nbsp;&nbsp;&nbsp;&nbsp;enter user name (uiautomcmpuser@outlook.com)</div><br/>
<div style='color: black; font-size: small; border-botton: none;'>2021-Jul-05 14:57:45,651 : &nbsp;&nbsp;&nbsp;&nbsp;&nbsp;&nbsp;&nbsp;&nbsp;&nbsp;&nbsp;&nbsp;AFTER_ACTION screenshot --&gt;<a href='..\screenshots\itr_com.mcmp.tests.orderIntegration.vra.e2e.e2eCentOS77CompositeVRA82_0\scr10.png'><img src='..\screenshots\itr_com.mcmp.tests.orderIntegration.vra.e2e.e2eCentOS77CompositeVRA82_0\scr10.png' style='height:25%; width:25%;' alt='itr_com.mcmp.tests.orderIntegration.vra.e2e.e2eCentOS77CompositeVRA82_0'/></a></div><br/>
<div style='color: black; font-size: small; border-botton: none;'>2021-Jul-05 14:57:45,652 : &nbsp;&nbsp;&nbsp;&nbsp;&nbsp;&nbsp;&nbsp;&nbsp;&nbsp;&nbsp;&nbsp;Is Screenshot taken true</div><br/>
<div style='color: black; font-size: small; border-botton: none;'>2021-Jul-05 14:57:45,654 : &nbsp;&nbsp;&nbsp;&nbsp;&nbsp;&nbsp;&nbsp;&nbsp;&nbsp;&nbsp;&nbsp;validate user name credentials (uiautomcmpuser@outlook.com)</div><br/>
<div style='color: black; font-size: small; border-botton: none;'>2021-Jul-05 14:57:45,655 : &nbsp;&nbsp;&nbsp;&nbsp;&nbsp;&nbsp;&nbsp;&nbsp;&nbsp;&nbsp;&nbsp;&nbsp;&nbsp;&nbsp;&nbsp;get user name</div><br/>
<div style='color: black; font-size: small; border-botton: none;'>2021-Jul-05 14:57:45,849 : &nbsp;&nbsp;&nbsp;&nbsp;&nbsp;&nbsp;&nbsp;&nbsp;&nbsp;&nbsp;&nbsp;&nbsp;&nbsp;&nbsp;&nbsp;AFTER_ACTION screenshot --&gt;<a href='..\screenshots\itr_com.mcmp.tests.orderIntegration.vra.e2e.e2eCentOS77CompositeVRA82_0\scr12.png'><img src='..\screenshots\itr_com.mcmp.tests.orderIntegration.vra.e2e.e2eCentOS77CompositeVRA82_0\scr12.png' style='height:25%; width:25%;' alt='itr_com.mcmp.tests.orderIntegration.vra.e2e.e2eCentOS77CompositeVRA82_0'/></a></div><br/>
<div style='color: black; font-size: small; border-botton: none;'>2021-Jul-05 14:57:45,849 : &nbsp;&nbsp;&nbsp;&nbsp;&nbsp;&nbsp;&nbsp;&nbsp;&nbsp;&nbsp;&nbsp;&nbsp;&nbsp;&nbsp;&nbsp;Is Screenshot taken true</div><br/>
<div style='color: black; font-size: small; border-botton: none;'>2021-Jul-05 14:57:45,850 : &nbsp;&nbsp;&nbsp;&nbsp;&nbsp;&nbsp;&nbsp;&nbsp;&nbsp;&nbsp;&nbsp;click continue button</div><br/>
<div style='color: black; font-size: small; border-botton: none;'>2021-Jul-05 14:57:46,169 : &nbsp;&nbsp;&nbsp;&nbsp;&nbsp;&nbsp;&nbsp;&nbsp;&nbsp;&nbsp;&nbsp;AFTER_ACTION screenshot --&gt;<a href='..\screenshots\itr_com.mcmp.tests.orderIntegration.vra.e2e.e2eCentOS77CompositeVRA82_0\scr14.png'><img src='..\screenshots\itr_com.mcmp.tests.orderIntegration.vra.e2e.e2eCentOS77CompositeVRA82_0\scr14.png' style='height:25%; width:25%;' alt='itr_com.mcmp.tests.orderIntegration.vra.e2e.e2eCentOS77CompositeVRA82_0'/></a></div><br/>
<div style='color: black; font-size: small; border-botton: none;'>2021-Jul-05 14:57:46,169 : &nbsp;&nbsp;&nbsp;&nbsp;&nbsp;&nbsp;&nbsp;&nbsp;&nbsp;&nbsp;&nbsp;Is Screenshot taken true</div><br/>
<div style='color: black; font-size: small; border-botton: none;'>2021-Jul-05 14:57:46,169 : &nbsp;&nbsp;&nbsp;&nbsp;&nbsp;&nbsp;&nbsp;&nbsp;&nbsp;&nbsp;&nbsp;enter password (Automcmpuser@000)</div><br/>
<div style='color: black; font-size: small; border-botton: none;'>2021-Jul-05 14:57:46,595 : &nbsp;&nbsp;&nbsp;&nbsp;&nbsp;&nbsp;&nbsp;&nbsp;&nbsp;&nbsp;&nbsp;AFTER_ACTION screenshot --&gt;<a href='..\screenshots\itr_com.mcmp.tests.orderIntegration.vra.e2e.e2eCentOS77CompositeVRA82_0\scr16.png'><img src='..\screenshots\itr_com.mcmp.tests.orderIntegration.vra.e2e.e2eCentOS77CompositeVRA82_0\scr16.png' style='height:25%; width:25%;' alt='itr_com.mcmp.tests.orderIntegration.vra.e2e.e2eCentOS77CompositeVRA82_0'/></a></div><br/>
<div style='color: black; font-size: small; border-botton: none;'>2021-Jul-05 14:57:46,595 : &nbsp;&nbsp;&nbsp;&nbsp;&nbsp;&nbsp;&nbsp;&nbsp;&nbsp;&nbsp;&nbsp;Is Screenshot taken true</div><br/>
<div style='color: black; font-size: small; border-botton: none;'>2021-Jul-05 14:57:46,596 : &nbsp;&nbsp;&nbsp;&nbsp;&nbsp;&nbsp;&nbsp;&nbsp;&nbsp;&nbsp;&nbsp;validate password credentials (Automcmpuser@000)</div><br/>
<div style='color: black; font-size: small; border-botton: none;'>2021-Jul-05 14:57:46,597 : &nbsp;&nbsp;&nbsp;&nbsp;&nbsp;&nbsp;&nbsp;&nbsp;&nbsp;&nbsp;&nbsp;&nbsp;&nbsp;&nbsp;&nbsp;get password</div><br/>
<div style='color: black; font-size: small; border-botton: none;'>2021-Jul-05 14:57:46,796 : &nbsp;&nbsp;&nbsp;&nbsp;&nbsp;&nbsp;&nbsp;&nbsp;&nbsp;&nbsp;&nbsp;&nbsp;&nbsp;&nbsp;&nbsp;AFTER_ACTION screenshot --&gt;<a href='..\screenshots\itr_com.mcmp.tests.orderIntegration.vra.e2e.e2eCentOS77CompositeVRA82_0\scr18.png'><img src='..\screenshots\itr_com.mcmp.tests.orderIntegration.vra.e2e.e2eCentOS77CompositeVRA82_0\scr18.png' style='height:25%; width:25%;' alt='itr_com.mcmp.tests.orderIntegration.vra.e2e.e2eCentOS77CompositeVRA82_0'/></a></div><br/>
<div style='color: black; font-size: small; border-botton: none;'>2021-Jul-05 14:57:46,797 : &nbsp;&nbsp;&nbsp;&nbsp;&nbsp;&nbsp;&nbsp;&nbsp;&nbsp;&nbsp;&nbsp;&nbsp;&nbsp;&nbsp;&nbsp;Is Screenshot taken true</div><br/>
<div style='color: black; font-size: small; border-botton: none;'>2021-Jul-05 14:57:46,798 : &nbsp;&nbsp;&nbsp;&nbsp;&nbsp;&nbsp;&nbsp;&nbsp;&nbsp;&nbsp;&nbsp;click login button</div><br/>
<div style='color: black; font-size: small; border-botton: none;'>2021-Jul-05 14:57:47,942 : &nbsp;&nbsp;&nbsp;&nbsp;&nbsp;&nbsp;&nbsp;&nbsp;&nbsp;&nbsp;&nbsp;AFTER_ACTION screenshot --&gt;<a href='..\screenshots\itr_com.mcmp.tests.orderIntegration.vra.e2e.e2eCentOS77CompositeVRA82_0\scr20.png'><img src='..\screenshots\itr_com.mcmp.tests.orderIntegration.vra.e2e.e2eCentOS77CompositeVRA82_0\scr20.png' style='height:25%; width:25%;' alt='itr_com.mcmp.tests.orderIntegration.vra.e2e.e2eCentOS77CompositeVRA82_0'/></a></div><br/>
<div style='color: black; font-size: small; border-botton: none;'>2021-Jul-05 14:57:47,942 : &nbsp;&nbsp;&nbsp;&nbsp;&nbsp;&nbsp;&nbsp;&nbsp;&nbsp;&nbsp;&nbsp;Is Screenshot taken true</div><br/>
<div style='color: black; font-size: small; border-botton: none;'>2021-Jul-05 14:57:47,942 : &nbsp;&nbsp;&nbsp;&nbsp;&nbsp;&nbsp;&nbsp;check for login errors</div><br/>
<div style='color: black; font-size: small; border-botton: none;'>2021-Jul-05 14:57:47,943 : &nbsp;&nbsp;&nbsp;&nbsp;&nbsp;&nbsp;&nbsp;&nbsp;&nbsp;&nbsp;&nbsp;is login error found?</div><br/>
<div style='color: black; font-size: small; border-botton: none;'>2021-Jul-05 14:57:47,954 : &nbsp;&nbsp;&nbsp;&nbsp;&nbsp;&nbsp;&nbsp;&nbsp;&nbsp;&nbsp;&nbsp;&nbsp;&nbsp;&nbsp;&nbsp;proxy element located (webelement)</div><br/>
<div style='color: black; font-size: small; border-botton: none;'>2021-Jul-05 14:57:48,142 : &nbsp;&nbsp;&nbsp;&nbsp;&nbsp;&nbsp;&nbsp;&nbsp;&nbsp;&nbsp;&nbsp;&nbsp;&nbsp;&nbsp;&nbsp;AFTER_ACTION screenshot --&gt;<a href='..\screenshots\itr_com.mcmp.tests.orderIntegration.vra.e2e.e2eCentOS77CompositeVRA82_0\scr22.png'><img src='..\screenshots\itr_com.mcmp.tests.orderIntegration.vra.e2e.e2eCentOS77CompositeVRA82_0\scr22.png' style='height:25%; width:25%;' alt='itr_com.mcmp.tests.orderIntegration.vra.e2e.e2eCentOS77CompositeVRA82_0'/></a></div><br/>
<div style='color: black; font-size: small; border-botton: none;'>2021-Jul-05 14:57:48,142 : &nbsp;&nbsp;&nbsp;&nbsp;&nbsp;&nbsp;&nbsp;&nbsp;&nbsp;&nbsp;&nbsp;&nbsp;&nbsp;&nbsp;&nbsp;Is Screenshot taken true</div><br/>
<div style='color: black; font-size: small; border-botton: none;'>2021-Jul-05 14:57:48,222 : &nbsp;&nbsp;&nbsp;&nbsp;&nbsp;&nbsp;&nbsp;&nbsp;&nbsp;&nbsp;&nbsp;Stale Element Reference Exception occurred</div><br/>
<div style='color: black; font-size: small; border-botton: none;'>2021-Jul-05 14:57:58,231 : &nbsp;&nbsp;&nbsp;&nbsp;&nbsp;&nbsp;&nbsp;&nbsp;&nbsp;&nbsp;&nbsp;Attempting to re-initialize page object</div><br/>
<div style='color: black; font-size: small; border-botton: none;'>2021-Jul-05 14:57:58,376 : &nbsp;&nbsp;&nbsp;&nbsp;&nbsp;&nbsp;&nbsp;&nbsp;&nbsp;&nbsp;&nbsp;Reinitialized page object</div><br/>
<div style='color: black; font-size: small; border-botton: none;'>2021-Jul-05 14:57:58,377 : &nbsp;&nbsp;&nbsp;&nbsp;&nbsp;&nbsp;&nbsp;&nbsp;&nbsp;&nbsp;&nbsp;Retrying action</div><br/>
<div style='color: black; font-size: small; border-botton: none;'>2021-Jul-05 14:57:58,389 : &nbsp;&nbsp;&nbsp;&nbsp;&nbsp;&nbsp;&nbsp;&nbsp;&nbsp;&nbsp;&nbsp;&nbsp;&nbsp;&nbsp;&nbsp;proxy element located (webelement)</div><br/>
<div style='color: black; font-size: small; border-botton: none;'>2021-Jul-05 14:57:58,543 : &nbsp;&nbsp;&nbsp;&nbsp;&nbsp;&nbsp;&nbsp;&nbsp;&nbsp;&nbsp;&nbsp;&nbsp;&nbsp;&nbsp;&nbsp;AFTER_ACTION screenshot --&gt;<a href='..\screenshots\itr_com.mcmp.tests.orderIntegration.vra.e2e.e2eCentOS77CompositeVRA82_0\scr24.png'><img src='..\screenshots\itr_com.mcmp.tests.orderIntegration.vra.e2e.e2eCentOS77CompositeVRA82_0\scr24.png' style='height:25%; width:25%;' alt='itr_com.mcmp.tests.orderIntegration.vra.e2e.e2eCentOS77CompositeVRA82_0'/></a></div><br/>
<div style='color: black; font-size: small; border-botton: none;'>2021-Jul-05 14:57:58,544 : &nbsp;&nbsp;&nbsp;&nbsp;&nbsp;&nbsp;&nbsp;&nbsp;&nbsp;&nbsp;&nbsp;&nbsp;&nbsp;&nbsp;&nbsp;Is Screenshot taken true</div><br/>
<div style='color: black; font-size: small; border-botton: none;'>2021-Jul-05 14:57:58,607 : &nbsp;&nbsp;&nbsp;&nbsp;&nbsp;&nbsp;&nbsp;&nbsp;&nbsp;&nbsp;&nbsp;is login error found? true</div><br/>
<div style='color: black; font-size: small; border-botton: none;'>2021-Jul-05 14:57:58,733 : &nbsp;&nbsp;&nbsp;&nbsp;&nbsp;&nbsp;&nbsp;&nbsp;&nbsp;&nbsp;&nbsp;AFTER_ACTION screenshot --&gt;<a href='..\screenshots\itr_com.mcmp.tests.orderIntegration.vra.e2e.e2eCentOS77CompositeVRA82_0\scr26.png'><img src='..\screenshots\itr_com.mcmp.tests.orderIntegration.vra.e2e.e2eCentOS77CompositeVRA82_0\scr26.png' style='height:25%; width:25%;' alt='itr_com.mcmp.tests.orderIntegration.vra.e2e.e2eCentOS77CompositeVRA82_0'/></a></div><br/>
<div style='color: black; font-size: small; border-botton: none;'>2021-Jul-05 14:57:58,733 : &nbsp;&nbsp;&nbsp;&nbsp;&nbsp;&nbsp;&nbsp;&nbsp;&nbsp;&nbsp;&nbsp;Is Screenshot taken true</div><br/>
<div style='color: black; font-size: small; border-botton: none;'>2021-Jul-05 14:57:58,733 : &nbsp;&nbsp;&nbsp;&nbsp;&nbsp;&nbsp;&nbsp;&nbsp;&nbsp;&nbsp;&nbsp;get login error message</div><br/>
<div style='color: black; font-size: small; border-botton: none;'>2021-Jul-05 14:57:58,934 : &nbsp;&nbsp;&nbsp;&nbsp;&nbsp;&nbsp;&nbsp;&nbsp;&nbsp;&nbsp;&nbsp;AFTER_ACTION screenshot --&gt;<a href='..\screenshots\itr_com.mcmp.tests.orderIntegration.vra.e2e.e2eCentOS77CompositeVRA82_0\scr28.png'><img src='..\screenshots\itr_com.mcmp.tests.orderIntegration.vra.e2e.e2eCentOS77CompositeVRA82_0\scr28.png' style='height:25%; width:25%;' alt='itr_com.mcmp.tests.orderIntegration.vra.e2e.e2eCentOS77CompositeVRA82_0'/></a></div><br/>
<div style='color: black; font-size: small; border-botton: none;'>2021-Jul-05 14:57:58,934 : &nbsp;&nbsp;&nbsp;&nbsp;&nbsp;&nbsp;&nbsp;&nbsp;&nbsp;&nbsp;&nbsp;Is Screenshot taken true</div><br/>
<div style='color: #D20000; font-size: small; border-botton: none;'>2021-Jul-05 14:57:58,935 : &nbsp;&nbsp;&nbsp;login failed<br/>[@Step check for login errors] Login Error message found - Incorrect IBMid or password. Please try again!</div><br/>
<div style='color: #D20000; font-size: small; border-botton: none;'>2021-Jul-05 14:57:58,935 : Test failed : [@Step check for login errors] Login Error message found - Incorrect IBMid or password. Please try again!</div><br/>
<div style='color: black; font-size: small; border-botton: none;'>2021-Jul-05 14:57:59,092 : &nbsp;&nbsp;&nbsp;<a href='..\screenshots\itr_com.mcmp.tests.orderIntegration.vra.e2e.e2eCentOS77CompositeVRA82_0\scr30.png'><img src='..\screenshots\itr_com.mcmp.tests.orderIntegration.vra.e2e.e2eCentOS77CompositeVRA82_0\scr30.png' style='height:25%; width:25%;' alt='itr_com.mcmp.tests.orderIntegration.vra.e2e.e2eCentOS77CompositeVRA82_0'/></a></div><br/>
<div style='color: black; font-size: small; border-botton: none;'>2021-Jul-05 14:57:59,092 : &nbsp;&nbsp;&nbsp;Is Screenshot taken true</div><br/>
</div>
</td>
<td><div><pre>com.automacent.fwk.exceptions.StepExecutionException: [@Step check for login errors] Login Error message found - Incorrect IBMid or password. Please try again!
	at com.automacent.fwk.execution.StepAndActionCompiler.aroundStepCompilerAspect(StepAndActionCompiler.java:119)
	at com.pom.steps.login.LoginSteps.checkForLoginErrors(LoginSteps.java:46)
	at com.mcmp.tests.LoginTest.login_aroundBody0(LoginTest.java:28)
	at com.mcmp.tests.LoginTest$AjcClosure1.run(LoginTest.java:1)
	at org.aspectj.runtime.reflect.JoinPointImpl.proceed(JoinPointImpl.java:167)
	at com.automacent.fwk.execution.TestNgCompiler.aroundBeforeCompilerAspect(TestNgCompiler.java:55)
	at com.mcmp.tests.LoginTest.login(LoginTest.java:25)
	at sun.reflect.NativeMethodAccessorImpl.invoke0(Native Method)
	at sun.reflect.NativeMethodAccessorImpl.invoke(NativeMethodAccessorImpl.java:62)
	at sun.reflect.DelegatingMethodAccessorImpl.invoke(DelegatingMethodAccessorImpl.java:43)
	at java.lang.reflect.Method.invoke(Method.java:498)
	at org.testng.internal.MethodInvocationHelper.invokeMethod(MethodInvocationHelper.java:132)
	at org.testng.internal.MethodInvocationHelper.invokeMethodConsideringTimeout(MethodInvocationHelper.java:61)
	at org.testng.internal.ConfigInvoker.invokeConfigurationMethod(ConfigInvoker.java:366)
	at org.testng.internal.ConfigInvoker.invokeConfigurations(ConfigInvoker.java:320)
	at org.testng.internal.TestMethodWorker.invokeBeforeClassMethods(TestMethodWorker.java:176)
	at org.testng.internal.TestMethodWorker.run(TestMethodWorker.java:122)
	at java.util.ArrayList.forEach(ArrayList.java:1259)
	at org.testng.TestRunner.privateRun(TestRunner.java:764)
	at org.testng.TestRunner.run(TestRunner.java:585)
	at org.testng.SuiteRunner.runTest(SuiteRunner.java:384)
	at org.testng.SuiteRunner.access$000(SuiteRunner.java:28)
	at org.testng.SuiteRunner$SuiteWorker.run(SuiteRunner.java:425)
	at org.testng.internal.thread.ThreadUtil.lambda$execute$0(ThreadUtil.java:66)
	at java.util.concurrent.FutureTask.run(FutureTask.java:266)
	at java.util.concurrent.ThreadPoolExecutor.runWorker(ThreadPoolExecutor.java:1149)
	at java.util.concurrent.ThreadPoolExecutor$Worker.run(ThreadPoolExecutor.java:624)
	at java.lang.Thread.run(Thread.java:748)
Caused by: java.lang.AssertionError: Login Error message found - Incorrect IBMid or password. Please try again!
	at org.testng.Assert.fail(Assert.java:99)
	at com.pom.steps.login.LoginSteps.checkForLoginErrors_aroundBody8(LoginSteps.java:51)
	at com.pom.steps.login.LoginSteps$AjcClosure9.run(LoginSteps.java:1)
	at org.aspectj.runtime.reflect.JoinPointImpl.proceed(JoinPointImpl.java:167)
	at com.automacent.fwk.execution.StepAndActionCompiler.aroundStepCompilerAspect(StepAndActionCompiler.java:115)
	... 27 more
</pre></div><a href='#' onClick='toggleBox("stack-trace891945889", this, "Click to show all stack frames", "Click to hide stack frames")'>Click to show all stack frames</a>
<div class='stack-trace' id='stack-trace891945889'><pre>com.automacent.fwk.exceptions.StepExecutionException: [@Step check for login errors] Login Error message found - Incorrect IBMid or password. Please try again!
	at com.automacent.fwk.execution.StepAndActionCompiler.aroundStepCompilerAspect(StepAndActionCompiler.java:119)
	at com.pom.steps.login.LoginSteps.checkForLoginErrors(LoginSteps.java:46)
	at com.mcmp.tests.LoginTest.login_aroundBody0(LoginTest.java:28)
	at com.mcmp.tests.LoginTest$AjcClosure1.run(LoginTest.java:1)
	at org.aspectj.runtime.reflect.JoinPointImpl.proceed(JoinPointImpl.java:167)
	at com.automacent.fwk.execution.TestNgCompiler.aroundBeforeCompilerAspect(TestNgCompiler.java:55)
	at com.mcmp.tests.LoginTest.login(LoginTest.java:25)
	at sun.reflect.NativeMethodAccessorImpl.invoke0(Native Method)
	at sun.reflect.NativeMethodAccessorImpl.invoke(NativeMethodAccessorImpl.java:62)
	at sun.reflect.DelegatingMethodAccessorImpl.invoke(DelegatingMethodAccessorImpl.java:43)
	at java.lang.reflect.Method.invoke(Method.java:498)
	at org.testng.internal.MethodInvocationHelper.invokeMethod(MethodInvocationHelper.java:132)
	at org.testng.internal.MethodInvocationHelper.invokeMethodConsideringTimeout(MethodInvocationHelper.java:61)
	at org.testng.internal.ConfigInvoker.invokeConfigurationMethod(ConfigInvoker.java:366)
	at org.testng.internal.ConfigInvoker.invokeConfigurations(ConfigInvoker.java:320)
	at org.testng.internal.TestMethodWorker.invokeBeforeClassMethods(TestMethodWorker.java:176)
	at org.testng.internal.TestMethodWorker.run(TestMethodWorker.java:122)
	at java.util.ArrayList.forEach(ArrayList.java:1259)
	at org.testng.TestRunner.privateRun(TestRunner.java:764)
	at org.testng.TestRunner.run(TestRunner.java:585)
	at org.testng.SuiteRunner.runTest(SuiteRunner.java:384)
	at org.testng.SuiteRunner.access$000(SuiteRunner.java:28)
	at org.testng.SuiteRunner$SuiteWorker.run(SuiteRunner.java:425)
	at org.testng.internal.thread.ThreadUtil.lambda$execute$0(ThreadUtil.java:66)
	at java.util.concurrent.FutureTask.run(FutureTask.java:266)
	at java.util.concurrent.ThreadPoolExecutor.runWorker(ThreadPoolExecutor.java:1149)
	at java.util.concurrent.ThreadPoolExecutor$Worker.run(ThreadPoolExecutor.java:624)
	at java.lang.Thread.run(Thread.java:748)
Caused by: java.lang.AssertionError: Login Error message found - Incorrect IBMid or password. Please try again!
	at org.testng.Assert.fail(Assert.java:99)
	at com.pom.steps.login.LoginSteps.checkForLoginErrors_aroundBody8(LoginSteps.java:51)
	at com.pom.steps.login.LoginSteps$AjcClosure9.run(LoginSteps.java:1)
	at org.aspectj.runtime.reflect.JoinPointImpl.proceed(JoinPointImpl.java:167)
	at com.automacent.fwk.execution.StepAndActionCompiler.aroundStepCompilerAspect(StepAndActionCompiler.java:115)
	... 27 more
</pre></div></td>
<td>15</td>
<td>com.mcmp.tests.orderIntegration.vra.e2e.e2eCentOS77CompositeVRA82@23348b5d</td></tr>
</table><p>
<table width='100%' border='1' class='invocation-skipped'>
<tr><td colspan='4' align='center'><b>SKIPPED CONFIGURATIONS</b></td></tr>
<tr><td><b>Test method</b></td>
<td width="30%"><b>Exception</b></td>
<td width="10%"><b>Time (seconds)</b></td>
<td><b>Instance</b></td>
</tr>
<tr>
<td title='com.mcmp.tests.orderIntegration.vra.e2e.e2eCentOS77CompositeVRA82.verifyLaunchpadPage()'><b>verifyLaunchpadPage</b><br>Test class: com.mcmp.tests.orderIntegration.vra.e2e.e2eCentOS77CompositeVRA82</td>
<td><div><pre>com.automacent.fwk.exceptions.TestOrConfigurationSkipException: 
Configuration / Test Skipped
	at com.automacent.fwk.listeners.AutomacentListener.onConfigurationSkip(AutomacentListener.java:166)
	at org.testng.internal.TestListenerHelper.runPostConfigurationListeners(TestListenerHelper.java:39)
	at org.testng.internal.ConfigInvoker.runConfigurationListeners(ConfigInvoker.java:402)
	at org.testng.internal.ConfigInvoker.handleConfigurationSkip(ConfigInvoker.java:420)
	at org.testng.internal.ConfigInvoker.invokeConfigurations(ConfigInvoker.java:286)
	at org.testng.internal.TestMethodWorker.invokeBeforeClassMethods(TestMethodWorker.java:176)
	at org.testng.internal.TestMethodWorker.run(TestMethodWorker.java:122)
	at java.util.ArrayList.forEach(ArrayList.java:1259)
	at org.testng.TestRunner.privateRun(TestRunner.java:764)
	at org.testng.TestRunner.run(TestRunner.java:585)
	at org.testng.SuiteRunner.runTest(SuiteRunner.java:384)
	at org.testng.SuiteRunner.access$000(SuiteRunner.java:28)
	at org.testng.SuiteRunner$SuiteWorker.run(SuiteRunner.java:425)
	at org.testng.internal.thread.ThreadUtil.lambda$execute$0(ThreadUtil.java:66)
	at java.util.concurrent.FutureTask.run(FutureTask.java:266)
	at java.util.concurrent.ThreadPoolExecutor.runWorker(ThreadPoolExecutor.java:1149)
	at java.util.concurrent.ThreadPoolExecutor$Worker.run(ThreadPoolExecutor.java:624)
	at java.lang.Thread.run(Thread.java:748)
</pre></div><a href='#' onClick='toggleBox("stack-trace579903518", this, "Click to show all stack frames", "Click to hide stack frames")'>Click to show all stack frames</a>
<div class='stack-trace' id='stack-trace579903518'><pre>com.automacent.fwk.exceptions.TestOrConfigurationSkipException: 
Configuration / Test Skipped
	at com.automacent.fwk.listeners.AutomacentListener.onConfigurationSkip(AutomacentListener.java:166)
	at org.testng.internal.TestListenerHelper.runPostConfigurationListeners(TestListenerHelper.java:39)
	at org.testng.internal.ConfigInvoker.runConfigurationListeners(ConfigInvoker.java:402)
	at org.testng.internal.ConfigInvoker.handleConfigurationSkip(ConfigInvoker.java:420)
	at org.testng.internal.ConfigInvoker.invokeConfigurations(ConfigInvoker.java:286)
	at org.testng.internal.TestMethodWorker.invokeBeforeClassMethods(TestMethodWorker.java:176)
	at org.testng.internal.TestMethodWorker.run(TestMethodWorker.java:122)
	at java.util.ArrayList.forEach(ArrayList.java:1259)
	at org.testng.TestRunner.privateRun(TestRunner.java:764)
	at org.testng.TestRunner.run(TestRunner.java:585)
	at org.testng.SuiteRunner.runTest(SuiteRunner.java:384)
	at org.testng.SuiteRunner.access$000(SuiteRunner.java:28)
	at org.testng.SuiteRunner$SuiteWorker.run(SuiteRunner.java:425)
	at org.testng.internal.thread.ThreadUtil.lambda$execute$0(ThreadUtil.java:66)
	at java.util.concurrent.FutureTask.run(FutureTask.java:266)
	at java.util.concurrent.ThreadPoolExecutor.runWorker(ThreadPoolExecutor.java:1149)
	at java.util.concurrent.ThreadPoolExecutor$Worker.run(ThreadPoolExecutor.java:624)
	at java.lang.Thread.run(Thread.java:748)
</pre></div></td>
<td>-1625477279</td>
<td>com.mcmp.tests.orderIntegration.vra.e2e.e2eCentOS77CompositeVRA82@23348b5d</td></tr>
<tr>
<td title='com.mcmp.tests.orderIntegration.vra.e2e.e2eCentOS77CompositeVRA82.logoutFromApplication()'><b>logoutFromApplication</b><br>Test class: com.mcmp.tests.orderIntegration.vra.e2e.e2eCentOS77CompositeVRA82</td>
<td><div><pre>com.automacent.fwk.exceptions.TestOrConfigurationSkipException: 
Configuration / Test Skipped
	at com.automacent.fwk.listeners.AutomacentListener.onConfigurationSkip(AutomacentListener.java:166)
	at org.testng.internal.TestListenerHelper.runPostConfigurationListeners(TestListenerHelper.java:39)
	at org.testng.internal.ConfigInvoker.runConfigurationListeners(ConfigInvoker.java:402)
	at org.testng.internal.ConfigInvoker.handleConfigurationSkip(ConfigInvoker.java:420)
	at org.testng.internal.ConfigInvoker.invokeConfigurations(ConfigInvoker.java:286)
	at org.testng.internal.TestMethodWorker.invokeAfterClassMethods(TestMethodWorker.java:217)
	at org.testng.internal.TestMethodWorker.run(TestMethodWorker.java:130)
	at java.util.ArrayList.forEach(ArrayList.java:1259)
	at org.testng.TestRunner.privateRun(TestRunner.java:764)
	at org.testng.TestRunner.run(TestRunner.java:585)
	at org.testng.SuiteRunner.runTest(SuiteRunner.java:384)
	at org.testng.SuiteRunner.access$000(SuiteRunner.java:28)
	at org.testng.SuiteRunner$SuiteWorker.run(SuiteRunner.java:425)
	at org.testng.internal.thread.ThreadUtil.lambda$execute$0(ThreadUtil.java:66)
	at java.util.concurrent.FutureTask.run(FutureTask.java:266)
	at java.util.concurrent.ThreadPoolExecutor.runWorker(ThreadPoolExecutor.java:1149)
	at java.util.concurrent.ThreadPoolExecutor$Worker.run(ThreadPoolExecutor.java:624)
	at java.lang.Thread.run(Thread.java:748)
</pre></div><a href='#' onClick='toggleBox("stack-trace2138977022", this, "Click to show all stack frames", "Click to hide stack frames")'>Click to show all stack frames</a>
<div class='stack-trace' id='stack-trace2138977022'><pre>com.automacent.fwk.exceptions.TestOrConfigurationSkipException: 
Configuration / Test Skipped
	at com.automacent.fwk.listeners.AutomacentListener.onConfigurationSkip(AutomacentListener.java:166)
	at org.testng.internal.TestListenerHelper.runPostConfigurationListeners(TestListenerHelper.java:39)
	at org.testng.internal.ConfigInvoker.runConfigurationListeners(ConfigInvoker.java:402)
	at org.testng.internal.ConfigInvoker.handleConfigurationSkip(ConfigInvoker.java:420)
	at org.testng.internal.ConfigInvoker.invokeConfigurations(ConfigInvoker.java:286)
	at org.testng.internal.TestMethodWorker.invokeAfterClassMethods(TestMethodWorker.java:217)
	at org.testng.internal.TestMethodWorker.run(TestMethodWorker.java:130)
	at java.util.ArrayList.forEach(ArrayList.java:1259)
	at org.testng.TestRunner.privateRun(TestRunner.java:764)
	at org.testng.TestRunner.run(TestRunner.java:585)
	at org.testng.SuiteRunner.runTest(SuiteRunner.java:384)
	at org.testng.SuiteRunner.access$000(SuiteRunner.java:28)
	at org.testng.SuiteRunner$SuiteWorker.run(SuiteRunner.java:425)
	at org.testng.internal.thread.ThreadUtil.lambda$execute$0(ThreadUtil.java:66)
	at java.util.concurrent.FutureTask.run(FutureTask.java:266)
	at java.util.concurrent.ThreadPoolExecutor.runWorker(ThreadPoolExecutor.java:1149)
	at java.util.concurrent.ThreadPoolExecutor$Worker.run(ThreadPoolExecutor.java:624)
	at java.lang.Thread.run(Thread.java:748)
</pre></div></td>
<td>-1625477281</td>
<td>com.mcmp.tests.orderIntegration.vra.e2e.e2eCentOS77CompositeVRA82@23348b5d</td></tr>
</table><p>
<table width='100%' border='1' class='invocation-skipped'>
<tr><td colspan='4' align='center'><b>SKIPPED TESTS</b></td></tr>
<tr><td><b>Test method</b></td>
<td width="30%"><b>Exception</b></td>
<td width="10%"><b>Time (seconds)</b></td>
<td><b>Instance</b></td>
</tr>
<tr>
<td title='com.mcmp.tests.orderIntegration.vra.e2e.e2eCentOS77CompositeVRA82.loginTest()'><b>loginTest</b><br>Test class: com.mcmp.tests.orderIntegration.vra.e2e.e2eCentOS77CompositeVRA82<br>Test method: Login user case with username and password.<br>Parameters: uiautomcmpuser@outlook.com, Automcmpuser@000<br/>
<a href="#Output-154624628" onClick='toggleBox("Output-154624628", this, "Show output", "Hide output");'>Show output</a>

<a href="#Output-154624628" onClick="toggleAllBoxes();">Show all outputs</a>
<div class='log' id="Output-154624628">
<div style='color: #D20000; font-size: small; border-botton: none;'>2021-Jul-05 14:57:59,806 : &nbsp;Execution skipped for TEST method loginTest<br/>[@Step check for login errors] Login Error message found - Incorrect IBMid or password. Please try again!</div><br/>
</div>
</td>
<td><div><pre>com.automacent.fwk.exceptions.StepExecutionException: [@Step check for login errors] Login Error message found - Incorrect IBMid or password. Please try again!
	at com.automacent.fwk.execution.StepAndActionCompiler.aroundStepCompilerAspect(StepAndActionCompiler.java:119)
	at com.pom.steps.login.LoginSteps.checkForLoginErrors(LoginSteps.java:46)
	at com.mcmp.tests.LoginTest.login_aroundBody0(LoginTest.java:28)
	at com.mcmp.tests.LoginTest$AjcClosure1.run(LoginTest.java:1)
	at org.aspectj.runtime.reflect.JoinPointImpl.proceed(JoinPointImpl.java:167)
	at com.automacent.fwk.execution.TestNgCompiler.aroundBeforeCompilerAspect(TestNgCompiler.java:55)
	at com.mcmp.tests.LoginTest.login(LoginTest.java:25)
	at sun.reflect.NativeMethodAccessorImpl.invoke0(Native Method)
	at sun.reflect.NativeMethodAccessorImpl.invoke(NativeMethodAccessorImpl.java:62)
	at sun.reflect.DelegatingMethodAccessorImpl.invoke(DelegatingMethodAccessorImpl.java:43)
	at java.lang.reflect.Method.invoke(Method.java:498)
	at org.testng.internal.MethodInvocationHelper.invokeMethod(MethodInvocationHelper.java:132)
	at org.testng.internal.MethodInvocationHelper.invokeMethodConsideringTimeout(MethodInvocationHelper.java:61)
	at org.testng.internal.ConfigInvoker.invokeConfigurationMethod(ConfigInvoker.java:366)
	at org.testng.internal.ConfigInvoker.invokeConfigurations(ConfigInvoker.java:320)
	at org.testng.internal.TestMethodWorker.invokeBeforeClassMethods(TestMethodWorker.java:176)
	at org.testng.internal.TestMethodWorker.run(TestMethodWorker.java:122)
	at java.util.ArrayList.forEach(ArrayList.java:1259)
	at org.testng.TestRunner.privateRun(TestRunner.java:764)
	at org.testng.TestRunner.run(TestRunner.java:585)
	at org.testng.SuiteRunner.runTest(SuiteRunner.java:384)
	at org.testng.SuiteRunner.access$000(SuiteRunner.java:28)
	at org.testng.SuiteRunner$SuiteWorker.run(SuiteRunner.java:425)
	at org.testng.internal.thread.ThreadUtil.lambda$execute$0(ThreadUtil.java:66)
	at java.util.concurrent.FutureTask.run(FutureTask.java:266)
	at java.util.concurrent.ThreadPoolExecutor.runWorker(ThreadPoolExecutor.java:1149)
	at java.util.concurrent.ThreadPoolExecutor$Worker.run(ThreadPoolExecutor.java:624)
	at java.lang.Thread.run(Thread.java:748)
Caused by: java.lang.AssertionError: Login Error message found - Incorrect IBMid or password. Please try again!
	at org.testng.Assert.fail(Assert.java:99)
	at com.pom.steps.login.LoginSteps.checkForLoginErrors_aroundBody8(LoginSteps.java:51)
	at com.pom.steps.login.LoginSteps$AjcClosure9.run(LoginSteps.java:1)
	at org.aspectj.runtime.reflect.JoinPointImpl.proceed(JoinPointImpl.java:167)
	at com.automacent.fwk.execution.StepAndActionCompiler.aroundStepCompilerAspect(StepAndActionCompiler.java:115)
	... 27 more
</pre></div><a href='#' onClick='toggleBox("stack-trace154624628", this, "Click to show all stack frames", "Click to hide stack frames")'>Click to show all stack frames</a>
<div class='stack-trace' id='stack-trace154624628'><pre>com.automacent.fwk.exceptions.StepExecutionException: [@Step check for login errors] Login Error message found - Incorrect IBMid or password. Please try again!
	at com.automacent.fwk.execution.StepAndActionCompiler.aroundStepCompilerAspect(StepAndActionCompiler.java:119)
	at com.pom.steps.login.LoginSteps.checkForLoginErrors(LoginSteps.java:46)
	at com.mcmp.tests.LoginTest.login_aroundBody0(LoginTest.java:28)
	at com.mcmp.tests.LoginTest$AjcClosure1.run(LoginTest.java:1)
	at org.aspectj.runtime.reflect.JoinPointImpl.proceed(JoinPointImpl.java:167)
	at com.automacent.fwk.execution.TestNgCompiler.aroundBeforeCompilerAspect(TestNgCompiler.java:55)
	at com.mcmp.tests.LoginTest.login(LoginTest.java:25)
	at sun.reflect.NativeMethodAccessorImpl.invoke0(Native Method)
	at sun.reflect.NativeMethodAccessorImpl.invoke(NativeMethodAccessorImpl.java:62)
	at sun.reflect.DelegatingMethodAccessorImpl.invoke(DelegatingMethodAccessorImpl.java:43)
	at java.lang.reflect.Method.invoke(Method.java:498)
	at org.testng.internal.MethodInvocationHelper.invokeMethod(MethodInvocationHelper.java:132)
	at org.testng.internal.MethodInvocationHelper.invokeMethodConsideringTimeout(MethodInvocationHelper.java:61)
	at org.testng.internal.ConfigInvoker.invokeConfigurationMethod(ConfigInvoker.java:366)
	at org.testng.internal.ConfigInvoker.invokeConfigurations(ConfigInvoker.java:320)
	at org.testng.internal.TestMethodWorker.invokeBeforeClassMethods(TestMethodWorker.java:176)
	at org.testng.internal.TestMethodWorker.run(TestMethodWorker.java:122)
	at java.util.ArrayList.forEach(ArrayList.java:1259)
	at org.testng.TestRunner.privateRun(TestRunner.java:764)
	at org.testng.TestRunner.run(TestRunner.java:585)
	at org.testng.SuiteRunner.runTest(SuiteRunner.java:384)
	at org.testng.SuiteRunner.access$000(SuiteRunner.java:28)
	at org.testng.SuiteRunner$SuiteWorker.run(SuiteRunner.java:425)
	at org.testng.internal.thread.ThreadUtil.lambda$execute$0(ThreadUtil.java:66)
	at java.util.concurrent.FutureTask.run(FutureTask.java:266)
	at java.util.concurrent.ThreadPoolExecutor.runWorker(ThreadPoolExecutor.java:1149)
	at java.util.concurrent.ThreadPoolExecutor$Worker.run(ThreadPoolExecutor.java:624)
	at java.lang.Thread.run(Thread.java:748)
Caused by: java.lang.AssertionError: Login Error message found - Incorrect IBMid or password. Please try again!
	at org.testng.Assert.fail(Assert.java:99)
	at com.pom.steps.login.LoginSteps.checkForLoginErrors_aroundBody8(LoginSteps.java:51)
	at com.pom.steps.login.LoginSteps$AjcClosure9.run(LoginSteps.java:1)
	at org.aspectj.runtime.reflect.JoinPointImpl.proceed(JoinPointImpl.java:167)
	at com.automacent.fwk.execution.StepAndActionCompiler.aroundStepCompilerAspect(StepAndActionCompiler.java:115)
	... 27 more
</pre></div></td>
<td>0</td>
<td>com.mcmp.tests.orderIntegration.vra.e2e.e2eCentOS77CompositeVRA82@23348b5d</td></tr>
<tr>
<td title='com.mcmp.tests.orderIntegration.vra.e2e.e2eCentOS77CompositeVRA82.verifyAdditionalParameters()'><b>verifyAdditionalParameters</b><br>Test class: com.mcmp.tests.orderIntegration.vra.e2e.e2eCentOS77CompositeVRA82<br>Test method: Verify Summary details and Additional Details are listed in review Order page.<br/>
<a href="#Output-1961200432" onClick='toggleBox("Output-1961200432", this, "Show output", "Hide output");'>Show output</a>

<a href="#Output-1961200432" onClick="toggleAllBoxes();">Show all outputs</a>
<div class='log' id="Output-1961200432">
<div style='color: #D20000; font-size: small; border-botton: none;'>2021-Jul-05 14:58:00,620 : &nbsp;Execution skipped for TEST method verifyAdditionalParameters<br/>[@Step check for login errors] Login Error message found - Incorrect IBMid or password. Please try again!</div><br/>
</div>
</td>
<td><div><pre>com.automacent.fwk.exceptions.StepExecutionException: [@Step check for login errors] Login Error message found - Incorrect IBMid or password. Please try again!
	at com.automacent.fwk.execution.StepAndActionCompiler.aroundStepCompilerAspect(StepAndActionCompiler.java:119)
	at com.pom.steps.login.LoginSteps.checkForLoginErrors(LoginSteps.java:46)
	at com.mcmp.tests.LoginTest.login_aroundBody0(LoginTest.java:28)
	at com.mcmp.tests.LoginTest$AjcClosure1.run(LoginTest.java:1)
	at org.aspectj.runtime.reflect.JoinPointImpl.proceed(JoinPointImpl.java:167)
	at com.automacent.fwk.execution.TestNgCompiler.aroundBeforeCompilerAspect(TestNgCompiler.java:55)
	at com.mcmp.tests.LoginTest.login(LoginTest.java:25)
	at sun.reflect.NativeMethodAccessorImpl.invoke0(Native Method)
	at sun.reflect.NativeMethodAccessorImpl.invoke(NativeMethodAccessorImpl.java:62)
	at sun.reflect.DelegatingMethodAccessorImpl.invoke(DelegatingMethodAccessorImpl.java:43)
	at java.lang.reflect.Method.invoke(Method.java:498)
	at org.testng.internal.MethodInvocationHelper.invokeMethod(MethodInvocationHelper.java:132)
	at org.testng.internal.MethodInvocationHelper.invokeMethodConsideringTimeout(MethodInvocationHelper.java:61)
	at org.testng.internal.ConfigInvoker.invokeConfigurationMethod(ConfigInvoker.java:366)
	at org.testng.internal.ConfigInvoker.invokeConfigurations(ConfigInvoker.java:320)
	at org.testng.internal.TestMethodWorker.invokeBeforeClassMethods(TestMethodWorker.java:176)
	at org.testng.internal.TestMethodWorker.run(TestMethodWorker.java:122)
	at java.util.ArrayList.forEach(ArrayList.java:1259)
	at org.testng.TestRunner.privateRun(TestRunner.java:764)
	at org.testng.TestRunner.run(TestRunner.java:585)
	at org.testng.SuiteRunner.runTest(SuiteRunner.java:384)
	at org.testng.SuiteRunner.access$000(SuiteRunner.java:28)
	at org.testng.SuiteRunner$SuiteWorker.run(SuiteRunner.java:425)
	at org.testng.internal.thread.ThreadUtil.lambda$execute$0(ThreadUtil.java:66)
	at java.util.concurrent.FutureTask.run(FutureTask.java:266)
	at java.util.concurrent.ThreadPoolExecutor.runWorker(ThreadPoolExecutor.java:1149)
	at java.util.concurrent.ThreadPoolExecutor$Worker.run(ThreadPoolExecutor.java:624)
	at java.lang.Thread.run(Thread.java:748)
Caused by: java.lang.AssertionError: Login Error message found - Incorrect IBMid or password. Please try again!
	at org.testng.Assert.fail(Assert.java:99)
	at com.pom.steps.login.LoginSteps.checkForLoginErrors_aroundBody8(LoginSteps.java:51)
	at com.pom.steps.login.LoginSteps$AjcClosure9.run(LoginSteps.java:1)
	at org.aspectj.runtime.reflect.JoinPointImpl.proceed(JoinPointImpl.java:167)
	at com.automacent.fwk.execution.StepAndActionCompiler.aroundStepCompilerAspect(StepAndActionCompiler.java:115)
	... 27 more
</pre></div><a href='#' onClick='toggleBox("stack-trace1961200432", this, "Click to show all stack frames", "Click to hide stack frames")'>Click to show all stack frames</a>
<div class='stack-trace' id='stack-trace1961200432'><pre>com.automacent.fwk.exceptions.StepExecutionException: [@Step check for login errors] Login Error message found - Incorrect IBMid or password. Please try again!
	at com.automacent.fwk.execution.StepAndActionCompiler.aroundStepCompilerAspect(StepAndActionCompiler.java:119)
	at com.pom.steps.login.LoginSteps.checkForLoginErrors(LoginSteps.java:46)
	at com.mcmp.tests.LoginTest.login_aroundBody0(LoginTest.java:28)
	at com.mcmp.tests.LoginTest$AjcClosure1.run(LoginTest.java:1)
	at org.aspectj.runtime.reflect.JoinPointImpl.proceed(JoinPointImpl.java:167)
	at com.automacent.fwk.execution.TestNgCompiler.aroundBeforeCompilerAspect(TestNgCompiler.java:55)
	at com.mcmp.tests.LoginTest.login(LoginTest.java:25)
	at sun.reflect.NativeMethodAccessorImpl.invoke0(Native Method)
	at sun.reflect.NativeMethodAccessorImpl.invoke(NativeMethodAccessorImpl.java:62)
	at sun.reflect.DelegatingMethodAccessorImpl.invoke(DelegatingMethodAccessorImpl.java:43)
	at java.lang.reflect.Method.invoke(Method.java:498)
	at org.testng.internal.MethodInvocationHelper.invokeMethod(MethodInvocationHelper.java:132)
	at org.testng.internal.MethodInvocationHelper.invokeMethodConsideringTimeout(MethodInvocationHelper.java:61)
	at org.testng.internal.ConfigInvoker.invokeConfigurationMethod(ConfigInvoker.java:366)
	at org.testng.internal.ConfigInvoker.invokeConfigurations(ConfigInvoker.java:320)
	at org.testng.internal.TestMethodWorker.invokeBeforeClassMethods(TestMethodWorker.java:176)
	at org.testng.internal.TestMethodWorker.run(TestMethodWorker.java:122)
	at java.util.ArrayList.forEach(ArrayList.java:1259)
	at org.testng.TestRunner.privateRun(TestRunner.java:764)
	at org.testng.TestRunner.run(TestRunner.java:585)
	at org.testng.SuiteRunner.runTest(SuiteRunner.java:384)
	at org.testng.SuiteRunner.access$000(SuiteRunner.java:28)
	at org.testng.SuiteRunner$SuiteWorker.run(SuiteRunner.java:425)
	at org.testng.internal.thread.ThreadUtil.lambda$execute$0(ThreadUtil.java:66)
	at java.util.concurrent.FutureTask.run(FutureTask.java:266)
	at java.util.concurrent.ThreadPoolExecutor.runWorker(ThreadPoolExecutor.java:1149)
	at java.util.concurrent.ThreadPoolExecutor$Worker.run(ThreadPoolExecutor.java:624)
	at java.lang.Thread.run(Thread.java:748)
Caused by: java.lang.AssertionError: Login Error message found - Incorrect IBMid or password. Please try again!
	at org.testng.Assert.fail(Assert.java:99)
	at com.pom.steps.login.LoginSteps.checkForLoginErrors_aroundBody8(LoginSteps.java:51)
	at com.pom.steps.login.LoginSteps$AjcClosure9.run(LoginSteps.java:1)
	at org.aspectj.runtime.reflect.JoinPointImpl.proceed(JoinPointImpl.java:167)
	at com.automacent.fwk.execution.StepAndActionCompiler.aroundStepCompilerAspect(StepAndActionCompiler.java:115)
	... 27 more
</pre></div></td>
<td>0</td>
<td>com.mcmp.tests.orderIntegration.vra.e2e.e2eCentOS77CompositeVRA82@23348b5d</td></tr>
<tr>
<td title='com.mcmp.tests.orderIntegration.vra.e2e.e2eCentOS77CompositeVRA82.verifyMainParameters()'><b>verifyMainParameters</b><br>Test class: com.mcmp.tests.orderIntegration.vra.e2e.e2eCentOS77CompositeVRA82<br>Test method: Verify fields on Main Parameters page.<br/>
<a href="#Output-155115333" onClick='toggleBox("Output-155115333", this, "Show output", "Hide output");'>Show output</a>

<a href="#Output-155115333" onClick="toggleAllBoxes();">Show all outputs</a>
<div class='log' id="Output-155115333">
<div style='color: #D20000; font-size: small; border-botton: none;'>2021-Jul-05 14:58:01,337 : &nbsp;Execution skipped for TEST method verifyMainParameters<br/>[@Step check for login errors] Login Error message found - Incorrect IBMid or password. Please try again!</div><br/>
</div>
</td>
<td><div><pre>com.automacent.fwk.exceptions.StepExecutionException: [@Step check for login errors] Login Error message found - Incorrect IBMid or password. Please try again!
	at com.automacent.fwk.execution.StepAndActionCompiler.aroundStepCompilerAspect(StepAndActionCompiler.java:119)
	at com.pom.steps.login.LoginSteps.checkForLoginErrors(LoginSteps.java:46)
	at com.mcmp.tests.LoginTest.login_aroundBody0(LoginTest.java:28)
	at com.mcmp.tests.LoginTest$AjcClosure1.run(LoginTest.java:1)
	at org.aspectj.runtime.reflect.JoinPointImpl.proceed(JoinPointImpl.java:167)
	at com.automacent.fwk.execution.TestNgCompiler.aroundBeforeCompilerAspect(TestNgCompiler.java:55)
	at com.mcmp.tests.LoginTest.login(LoginTest.java:25)
	at sun.reflect.NativeMethodAccessorImpl.invoke0(Native Method)
	at sun.reflect.NativeMethodAccessorImpl.invoke(NativeMethodAccessorImpl.java:62)
	at sun.reflect.DelegatingMethodAccessorImpl.invoke(DelegatingMethodAccessorImpl.java:43)
	at java.lang.reflect.Method.invoke(Method.java:498)
	at org.testng.internal.MethodInvocationHelper.invokeMethod(MethodInvocationHelper.java:132)
	at org.testng.internal.MethodInvocationHelper.invokeMethodConsideringTimeout(MethodInvocationHelper.java:61)
	at org.testng.internal.ConfigInvoker.invokeConfigurationMethod(ConfigInvoker.java:366)
	at org.testng.internal.ConfigInvoker.invokeConfigurations(ConfigInvoker.java:320)
	at org.testng.internal.TestMethodWorker.invokeBeforeClassMethods(TestMethodWorker.java:176)
	at org.testng.internal.TestMethodWorker.run(TestMethodWorker.java:122)
	at java.util.ArrayList.forEach(ArrayList.java:1259)
	at org.testng.TestRunner.privateRun(TestRunner.java:764)
	at org.testng.TestRunner.run(TestRunner.java:585)
	at org.testng.SuiteRunner.runTest(SuiteRunner.java:384)
	at org.testng.SuiteRunner.access$000(SuiteRunner.java:28)
	at org.testng.SuiteRunner$SuiteWorker.run(SuiteRunner.java:425)
	at org.testng.internal.thread.ThreadUtil.lambda$execute$0(ThreadUtil.java:66)
	at java.util.concurrent.FutureTask.run(FutureTask.java:266)
	at java.util.concurrent.ThreadPoolExecutor.runWorker(ThreadPoolExecutor.java:1149)
	at java.util.concurrent.ThreadPoolExecutor$Worker.run(ThreadPoolExecutor.java:624)
	at java.lang.Thread.run(Thread.java:748)
Caused by: java.lang.AssertionError: Login Error message found - Incorrect IBMid or password. Please try again!
	at org.testng.Assert.fail(Assert.java:99)
	at com.pom.steps.login.LoginSteps.checkForLoginErrors_aroundBody8(LoginSteps.java:51)
	at com.pom.steps.login.LoginSteps$AjcClosure9.run(LoginSteps.java:1)
	at org.aspectj.runtime.reflect.JoinPointImpl.proceed(JoinPointImpl.java:167)
	at com.automacent.fwk.execution.StepAndActionCompiler.aroundStepCompilerAspect(StepAndActionCompiler.java:115)
	... 27 more
</pre></div><a href='#' onClick='toggleBox("stack-trace155115333", this, "Click to show all stack frames", "Click to hide stack frames")'>Click to show all stack frames</a>
<div class='stack-trace' id='stack-trace155115333'><pre>com.automacent.fwk.exceptions.StepExecutionException: [@Step check for login errors] Login Error message found - Incorrect IBMid or password. Please try again!
	at com.automacent.fwk.execution.StepAndActionCompiler.aroundStepCompilerAspect(StepAndActionCompiler.java:119)
	at com.pom.steps.login.LoginSteps.checkForLoginErrors(LoginSteps.java:46)
	at com.mcmp.tests.LoginTest.login_aroundBody0(LoginTest.java:28)
	at com.mcmp.tests.LoginTest$AjcClosure1.run(LoginTest.java:1)
	at org.aspectj.runtime.reflect.JoinPointImpl.proceed(JoinPointImpl.java:167)
	at com.automacent.fwk.execution.TestNgCompiler.aroundBeforeCompilerAspect(TestNgCompiler.java:55)
	at com.mcmp.tests.LoginTest.login(LoginTest.java:25)
	at sun.reflect.NativeMethodAccessorImpl.invoke0(Native Method)
	at sun.reflect.NativeMethodAccessorImpl.invoke(NativeMethodAccessorImpl.java:62)
	at sun.reflect.DelegatingMethodAccessorImpl.invoke(DelegatingMethodAccessorImpl.java:43)
	at java.lang.reflect.Method.invoke(Method.java:498)
	at org.testng.internal.MethodInvocationHelper.invokeMethod(MethodInvocationHelper.java:132)
	at org.testng.internal.MethodInvocationHelper.invokeMethodConsideringTimeout(MethodInvocationHelper.java:61)
	at org.testng.internal.ConfigInvoker.invokeConfigurationMethod(ConfigInvoker.java:366)
	at org.testng.internal.ConfigInvoker.invokeConfigurations(ConfigInvoker.java:320)
	at org.testng.internal.TestMethodWorker.invokeBeforeClassMethods(TestMethodWorker.java:176)
	at org.testng.internal.TestMethodWorker.run(TestMethodWorker.java:122)
	at java.util.ArrayList.forEach(ArrayList.java:1259)
	at org.testng.TestRunner.privateRun(TestRunner.java:764)
	at org.testng.TestRunner.run(TestRunner.java:585)
	at org.testng.SuiteRunner.runTest(SuiteRunner.java:384)
	at org.testng.SuiteRunner.access$000(SuiteRunner.java:28)
	at org.testng.SuiteRunner$SuiteWorker.run(SuiteRunner.java:425)
	at org.testng.internal.thread.ThreadUtil.lambda$execute$0(ThreadUtil.java:66)
	at java.util.concurrent.FutureTask.run(FutureTask.java:266)
	at java.util.concurrent.ThreadPoolExecutor.runWorker(ThreadPoolExecutor.java:1149)
	at java.util.concurrent.ThreadPoolExecutor$Worker.run(ThreadPoolExecutor.java:624)
	at java.lang.Thread.run(Thread.java:748)
Caused by: java.lang.AssertionError: Login Error message found - Incorrect IBMid or password. Please try again!
	at org.testng.Assert.fail(Assert.java:99)
	at com.pom.steps.login.LoginSteps.checkForLoginErrors_aroundBody8(LoginSteps.java:51)
	at com.pom.steps.login.LoginSteps$AjcClosure9.run(LoginSteps.java:1)
	at org.aspectj.runtime.reflect.JoinPointImpl.proceed(JoinPointImpl.java:167)
	at com.automacent.fwk.execution.StepAndActionCompiler.aroundStepCompilerAspect(StepAndActionCompiler.java:115)
	... 27 more
</pre></div></td>
<td>0</td>
<td>com.mcmp.tests.orderIntegration.vra.e2e.e2eCentOS77CompositeVRA82@23348b5d</td></tr>
</table><p>
</body>
</html>